<?xml version="1.0" encoding="UTF-8"?>
<testsuite xmlns:xsi="http://www.w3.org/2001/XMLSchema-instance" xsi:noNamespaceSchemaLocation="https://maven.apache.org/surefire/maven-surefire-plugin/xsd/surefire-test-report-3.0.xsd" version="3.0" name="com.distributed.compute.cluster.ClusterManagerTest" time="10.369" tests="17" errors="0" skipped="0" failures="0">
  <properties>
[...]
</properties>
  <testcase name="testRegisterWorker" classname="com.distributed.compute.cluster.ClusterManagerTest" time="0.679">
    <system-out><![CDATA[12:07:14.127 [main] INFO org.springframework.test.context.support.AnnotationConfigContextLoaderUtils -- Could not detect default configuration classes for test class [com.distributed.compute.cluster.ClusterManagerTest]: ClusterManagerTest does not declare any static, non-private, non-final, nested classes annotated with @Configuration.
12:07:14.201 [main] INFO org.springframework.boot.test.context.SpringBootTestContextBootstrapper -- Found @SpringBootConfiguration com.distributed.compute.DistributedComputeApplication for test class com.distributed.compute.cluster.ClusterManagerTest

  .   ____          _            __ _ _
 /\\ / ___'_ __ _ _(_)_ __  __ _ \ \ \ \
( ( )\___ | '_ | '_| | '_ \/ _` | \ \ \ \
 \\/  ___)| |_)| | | | | || (_| |  ) ) ) )
  '  |____| .__|_| |_|_| |_\__, | / / / /
 =========|_|==============|___/=/_/_/_/
 :: Spring Boot ::                (v3.2.0)

2026-02-13T12:07:14.511-05:00  INFO 1320 --- [           main] c.d.compute.cluster.ClusterManagerTest   : Starting ClusterManagerTest using Java 17.0.12 with PID 1320 (started by seerc in C:\Users\seerc\Downloads\LeetCode\Portfolio)
2026-02-13T12:07:14.512-05:00  INFO 1320 --- [           main] c.d.compute.cluster.ClusterManagerTest   : No active profile set, falling back to 1 default profile: "default"
2026-02-13T12:07:15.028-05:00  INFO 1320 --- [           main] c.d.compute.cluster.ClusterManager       : Initializing ClusterManager
2026-02-13T12:07:15.028-05:00  INFO 1320 --- [           main] c.d.compute.cluster.ClusterManager       : ClusterManager initialized
2026-02-13T12:07:15.366-05:00  INFO 1320 --- [           main] c.d.compute.cluster.ClusterManagerTest   : Started ClusterManagerTest in 1.045 seconds (process running for 1.802)
2026-02-13T12:07:15.931-05:00  INFO 1320 --- [           main] c.d.compute.cluster.WorkerNode           : WorkerNode created: worker-1 with 2 slots
2026-02-13T12:07:15.937-05:00  INFO 1320 --- [           main] c.d.compute.cluster.WorkerNode           : WorkerNode created: worker-2 with 2 slots
2026-02-13T12:07:15.937-05:00  INFO 1320 --- [           main] c.d.compute.cluster.ClusterManager       : Registered worker node: worker-1
2026-02-13T12:07:15.937-05:00  INFO 1320 --- [           main] c.d.compute.cluster.ClusterManager       : Registered worker node: worker-2
2026-02-13T12:07:15.938-05:00  INFO 1320 --- [           main] c.d.compute.cluster.WorkerNode           : WorkerNode created: worker-3 with 3 slots
2026-02-13T12:07:15.938-05:00  INFO 1320 --- [           main] c.d.compute.cluster.ClusterManager       : Registered worker node: worker-3
2026-02-13T12:07:15.941-05:00  INFO 1320 --- [           main] c.d.compute.cluster.ClusterManager       : Removed worker node: worker-3
2026-02-13T12:07:15.941-05:00  INFO 1320 --- [           main] c.d.compute.cluster.WorkerNode           : Shutting down worker node worker-3
2026-02-13T12:07:15.941-05:00  INFO 1320 --- [           main] c.d.compute.cluster.WorkerNode           : Worker node worker-3 shut down gracefully
2026-02-13T12:07:15.941-05:00  INFO 1320 --- [           main] c.d.compute.cluster.WorkerNode           : Shutting down worker node worker-3 immediately
2026-02-13T12:07:15.943-05:00  INFO 1320 --- [           main] c.d.compute.cluster.ClusterManager       : Removed worker node: worker-1
2026-02-13T12:07:15.943-05:00  INFO 1320 --- [           main] c.d.compute.cluster.WorkerNode           : Shutting down worker node worker-1
2026-02-13T12:07:15.943-05:00  INFO 1320 --- [           main] c.d.compute.cluster.WorkerNode           : Worker node worker-1 shut down gracefully
2026-02-13T12:07:15.944-05:00  INFO 1320 --- [           main] c.d.compute.cluster.WorkerNode           : Shutting down worker node worker-1 immediately
2026-02-13T12:07:15.944-05:00  INFO 1320 --- [           main] c.d.compute.cluster.ClusterManager       : Removed worker node: worker-2
2026-02-13T12:07:15.944-05:00  INFO 1320 --- [           main] c.d.compute.cluster.WorkerNode           : Shutting down worker node worker-2
2026-02-13T12:07:15.944-05:00  INFO 1320 --- [           main] c.d.compute.cluster.WorkerNode           : Worker node worker-2 shut down gracefully
2026-02-13T12:07:15.944-05:00  INFO 1320 --- [           main] c.d.compute.cluster.WorkerNode           : Shutting down worker node worker-2 immediately
]]></system-out>
  </testcase>
  <testcase name="testJobExecution" classname="com.distributed.compute.cluster.ClusterManagerTest" time="2.12">
    <system-out><![CDATA[2026-02-13T12:07:16.061-05:00  INFO 1320 --- [           main] c.d.compute.cluster.WorkerNode           : WorkerNode created: worker-1 with 2 slots
2026-02-13T12:07:16.061-05:00  INFO 1320 --- [           main] c.d.compute.cluster.WorkerNode           : WorkerNode created: worker-2 with 2 slots
2026-02-13T12:07:16.061-05:00  INFO 1320 --- [           main] c.d.compute.cluster.ClusterManager       : Registered worker node: worker-1
2026-02-13T12:07:16.061-05:00  INFO 1320 --- [           main] c.d.compute.cluster.ClusterManager       : Registered worker node: worker-2
2026-02-13T12:07:16.062-05:00  INFO 1320 --- [           main] c.d.compute.cluster.ClusterManager       : Submitted job: 655e8811-95f1-4708-8c37-d99589d9ae62 with 1 stages
2026-02-13T12:07:16.064-05:00  INFO 1320 --- [   job-executor] c.d.compute.cluster.ClusterManager       : Starting execution of job: 655e8811-95f1-4708-8c37-d99589d9ae62
2026-02-13T12:07:16.064-05:00  INFO 1320 --- [   job-executor] c.d.compute.cluster.ClusterManager       : Starting stage fc8b5e9e-0366-4c93-b752-6617d1e21c69 of job 655e8811-95f1-4708-8c37-d99589d9ae62
2026-02-13T12:07:16.285-05:00  INFO 1320 --- [   job-executor] c.d.compute.cluster.ClusterManager       : Job 655e8811-95f1-4708-8c37-d99589d9ae62 completed successfully
2026-02-13T12:07:16.441-05:00  INFO 1320 --- [uster-scheduler] c.d.compute.cluster.ClusterManager       : Job 655e8811-95f1-4708-8c37-d99589d9ae62 completed: Job{id='655e8811-95f1-4708-8c37-d99589d9ae62', description='Test Job', stageCount=1, completedStages=0, currentStageIndex=0, isCompleted=true}
2026-02-13T12:07:16.642-05:00  INFO 1320 --- [uster-scheduler] c.d.compute.cluster.ClusterManager       : Job 655e8811-95f1-4708-8c37-d99589d9ae62 completed: Job{id='655e8811-95f1-4708-8c37-d99589d9ae62', description='Test Job', stageCount=1, completedStages=0, currentStageIndex=0, isCompleted=true}
2026-02-13T12:07:16.843-05:00  INFO 1320 --- [uster-scheduler] c.d.compute.cluster.ClusterManager       : Job 655e8811-95f1-4708-8c37-d99589d9ae62 completed: Job{id='655e8811-95f1-4708-8c37-d99589d9ae62', description='Test Job', stageCount=1, completedStages=0, currentStageIndex=0, isCompleted=true}
2026-02-13T12:07:17.031-05:00  INFO 1320 --- [uster-scheduler] c.d.compute.cluster.ClusterManager       : Job 655e8811-95f1-4708-8c37-d99589d9ae62 completed: Job{id='655e8811-95f1-4708-8c37-d99589d9ae62', description='Test Job', stageCount=1, completedStages=0, currentStageIndex=0, isCompleted=true}
2026-02-13T12:07:17.232-05:00  INFO 1320 --- [uster-scheduler] c.d.compute.cluster.ClusterManager       : Job 655e8811-95f1-4708-8c37-d99589d9ae62 completed: Job{id='655e8811-95f1-4708-8c37-d99589d9ae62', description='Test Job', stageCount=1, completedStages=0, currentStageIndex=0, isCompleted=true}
2026-02-13T12:07:17.433-05:00  INFO 1320 --- [uster-scheduler] c.d.compute.cluster.ClusterManager       : Job 655e8811-95f1-4708-8c37-d99589d9ae62 completed: Job{id='655e8811-95f1-4708-8c37-d99589d9ae62', description='Test Job', stageCount=1, completedStages=0, currentStageIndex=0, isCompleted=true}
2026-02-13T12:07:17.636-05:00  INFO 1320 --- [uster-scheduler] c.d.compute.cluster.ClusterManager       : Job 655e8811-95f1-4708-8c37-d99589d9ae62 completed: Job{id='655e8811-95f1-4708-8c37-d99589d9ae62', description='Test Job', stageCount=1, completedStages=0, currentStageIndex=0, isCompleted=true}
2026-02-13T12:07:17.838-05:00  INFO 1320 --- [uster-scheduler] c.d.compute.cluster.ClusterManager       : Job 655e8811-95f1-4708-8c37-d99589d9ae62 completed: Job{id='655e8811-95f1-4708-8c37-d99589d9ae62', description='Test Job', stageCount=1, completedStages=0, currentStageIndex=0, isCompleted=true}
2026-02-13T12:07:18.041-05:00  INFO 1320 --- [uster-scheduler] c.d.compute.cluster.ClusterManager       : Job 655e8811-95f1-4708-8c37-d99589d9ae62 completed: Job{id='655e8811-95f1-4708-8c37-d99589d9ae62', description='Test Job', stageCount=1, completedStages=0, currentStageIndex=0, isCompleted=true}
2026-02-13T12:07:18.072-05:00  INFO 1320 --- [           main] c.d.compute.cluster.ClusterManager       : Removed worker node: worker-1
2026-02-13T12:07:18.072-05:00  INFO 1320 --- [           main] c.d.compute.cluster.WorkerNode           : Shutting down worker node worker-1
2026-02-13T12:07:18.073-05:00  INFO 1320 --- [           main] c.d.compute.cluster.WorkerNode           : Worker node worker-1 shut down gracefully
2026-02-13T12:07:18.073-05:00  INFO 1320 --- [           main] c.d.compute.cluster.WorkerNode           : Shutting down worker node worker-1 immediately
2026-02-13T12:07:18.073-05:00  INFO 1320 --- [           main] c.d.compute.cluster.ClusterManager       : Removed worker node: worker-2
2026-02-13T12:07:18.073-05:00  INFO 1320 --- [           main] c.d.compute.cluster.WorkerNode           : Shutting down worker node worker-2
2026-02-13T12:07:18.073-05:00  INFO 1320 --- [           main] c.d.compute.cluster.WorkerNode           : Worker node worker-2 shut down gracefully
2026-02-13T12:07:18.073-05:00  INFO 1320 --- [           main] c.d.compute.cluster.WorkerNode           : Shutting down worker node worker-2 immediately
]]></system-out>
  </testcase>
  <testcase name="testClusterManagerToString" classname="com.distributed.compute.cluster.ClusterManagerTest" time="0.109">
    <system-out><![CDATA[2026-02-13T12:07:18.183-05:00  INFO 1320 --- [           main] c.d.compute.cluster.WorkerNode           : WorkerNode created: worker-1 with 2 slots
2026-02-13T12:07:18.183-05:00  INFO 1320 --- [           main] c.d.compute.cluster.WorkerNode           : WorkerNode created: worker-2 with 2 slots
2026-02-13T12:07:18.183-05:00  INFO 1320 --- [           main] c.d.compute.cluster.ClusterManager       : Registered worker node: worker-1
2026-02-13T12:07:18.183-05:00  INFO 1320 --- [           main] c.d.compute.cluster.ClusterManager       : Registered worker node: worker-2
2026-02-13T12:07:18.184-05:00  INFO 1320 --- [           main] c.d.compute.cluster.ClusterManager       : Removed worker node: worker-1
2026-02-13T12:07:18.184-05:00  INFO 1320 --- [           main] c.d.compute.cluster.WorkerNode           : Shutting down worker node worker-1
2026-02-13T12:07:18.184-05:00  INFO 1320 --- [           main] c.d.compute.cluster.WorkerNode           : Worker node worker-1 shut down gracefully
2026-02-13T12:07:18.184-05:00  INFO 1320 --- [           main] c.d.compute.cluster.WorkerNode           : Shutting down worker node worker-1 immediately
2026-02-13T12:07:18.184-05:00  INFO 1320 --- [           main] c.d.compute.cluster.ClusterManager       : Removed worker node: worker-2
2026-02-13T12:07:18.184-05:00  INFO 1320 --- [           main] c.d.compute.cluster.WorkerNode           : Shutting down worker node worker-2
2026-02-13T12:07:18.184-05:00  INFO 1320 --- [           main] c.d.compute.cluster.WorkerNode           : Worker node worker-2 shut down gracefully
2026-02-13T12:07:18.184-05:00  INFO 1320 --- [           main] c.d.compute.cluster.WorkerNode           : Shutting down worker node worker-2 immediately
2026-02-13T12:07:18.243-05:00  INFO 1320 --- [uster-scheduler] c.d.compute.cluster.ClusterManager       : Job 655e8811-95f1-4708-8c37-d99589d9ae62 completed: Job{id='655e8811-95f1-4708-8c37-d99589d9ae62', description='Test Job', stageCount=1, completedStages=0, currentStageIndex=0, isCompleted=true}
]]></system-out>
  </testcase>
  <testcase name="testGetAllJobs" classname="com.distributed.compute.cluster.ClusterManagerTest" time="0.108">
    <system-out><![CDATA[2026-02-13T12:07:18.292-05:00  INFO 1320 --- [           main] c.d.compute.cluster.WorkerNode           : WorkerNode created: worker-1 with 2 slots
2026-02-13T12:07:18.292-05:00  INFO 1320 --- [           main] c.d.compute.cluster.WorkerNode           : WorkerNode created: worker-2 with 2 slots
2026-02-13T12:07:18.292-05:00  INFO 1320 --- [           main] c.d.compute.cluster.ClusterManager       : Registered worker node: worker-1
2026-02-13T12:07:18.292-05:00  INFO 1320 --- [           main] c.d.compute.cluster.ClusterManager       : Registered worker node: worker-2
2026-02-13T12:07:18.292-05:00  INFO 1320 --- [           main] c.d.compute.cluster.ClusterManager       : Submitted job: c00377cc-060f-4782-9203-074b0bca2200 with 1 stages
2026-02-13T12:07:18.293-05:00  INFO 1320 --- [           main] c.d.compute.cluster.ClusterManager       : Submitted job: 33e89458-95cf-4994-bbf4-d9ea443095b6 with 1 stages
2026-02-13T12:07:18.293-05:00  INFO 1320 --- [   job-executor] c.d.compute.cluster.ClusterManager       : Starting execution of job: c00377cc-060f-4782-9203-074b0bca2200
2026-02-13T12:07:18.293-05:00  INFO 1320 --- [   job-executor] c.d.compute.cluster.ClusterManager       : Starting stage 786b0aa7-e711-49f6-807b-d605486eec56 of job c00377cc-060f-4782-9203-074b0bca2200
2026-02-13T12:07:18.293-05:00  INFO 1320 --- [   job-executor] c.d.compute.cluster.ClusterManager       : Starting execution of job: 33e89458-95cf-4994-bbf4-d9ea443095b6
2026-02-13T12:07:18.293-05:00  INFO 1320 --- [   job-executor] c.d.compute.cluster.ClusterManager       : Starting stage c693b604-8dc5-4736-b369-9aebc8c80bfc of job 33e89458-95cf-4994-bbf4-d9ea443095b6
2026-02-13T12:07:18.293-05:00  INFO 1320 --- [           main] c.d.compute.cluster.ClusterManager       : Removed worker node: worker-1
2026-02-13T12:07:18.293-05:00  INFO 1320 --- [           main] c.d.compute.cluster.WorkerNode           : Shutting down worker node worker-1
2026-02-13T12:07:18.293-05:00  INFO 1320 --- [           main] c.d.compute.cluster.WorkerNode           : Worker node worker-1 shut down gracefully
2026-02-13T12:07:18.293-05:00  INFO 1320 --- [           main] c.d.compute.cluster.WorkerNode           : Shutting down worker node worker-1 immediately
2026-02-13T12:07:18.293-05:00  INFO 1320 --- [           main] c.d.compute.cluster.ClusterManager       : Removed worker node: worker-2
2026-02-13T12:07:18.293-05:00  INFO 1320 --- [           main] c.d.compute.cluster.WorkerNode           : Shutting down worker node worker-2
2026-02-13T12:07:18.293-05:00  INFO 1320 --- [           main] c.d.compute.cluster.WorkerNode           : Worker node worker-2 shut down gracefully
2026-02-13T12:07:18.293-05:00  INFO 1320 --- [           main] c.d.compute.cluster.WorkerNode           : Shutting down worker node worker-2 immediately
]]></system-out>
  </testcase>
  <testcase name="testRegisterDuplicateWorker" classname="com.distributed.compute.cluster.ClusterManagerTest" time="0.108">
    <system-out><![CDATA[2026-02-13T12:07:18.401-05:00  INFO 1320 --- [           main] c.d.compute.cluster.WorkerNode           : WorkerNode created: worker-1 with 2 slots
2026-02-13T12:07:18.401-05:00  INFO 1320 --- [           main] c.d.compute.cluster.WorkerNode           : WorkerNode created: worker-2 with 2 slots
2026-02-13T12:07:18.401-05:00  INFO 1320 --- [           main] c.d.compute.cluster.ClusterManager       : Registered worker node: worker-1
2026-02-13T12:07:18.401-05:00  INFO 1320 --- [           main] c.d.compute.cluster.ClusterManager       : Registered worker node: worker-2
2026-02-13T12:07:18.401-05:00  INFO 1320 --- [           main] c.d.compute.cluster.WorkerNode           : WorkerNode created: worker-1-duplicate with 2 slots
2026-02-13T12:07:18.401-05:00  INFO 1320 --- [           main] c.d.compute.cluster.WorkerNode           : WorkerNode created: worker-1 with 2 slots
2026-02-13T12:07:18.401-05:00  WARN 1320 --- [           main] c.d.compute.cluster.ClusterManager       : Worker node worker-1 already registered
2026-02-13T12:07:18.402-05:00  INFO 1320 --- [           main] c.d.compute.cluster.ClusterManager       : Removed worker node: worker-1
2026-02-13T12:07:18.402-05:00  INFO 1320 --- [           main] c.d.compute.cluster.WorkerNode           : Shutting down worker node worker-1
2026-02-13T12:07:18.402-05:00  INFO 1320 --- [           main] c.d.compute.cluster.WorkerNode           : Worker node worker-1 shut down gracefully
2026-02-13T12:07:18.402-05:00  INFO 1320 --- [           main] c.d.compute.cluster.WorkerNode           : Shutting down worker node worker-1 immediately
2026-02-13T12:07:18.402-05:00  INFO 1320 --- [           main] c.d.compute.cluster.ClusterManager       : Removed worker node: worker-2
2026-02-13T12:07:18.402-05:00  INFO 1320 --- [           main] c.d.compute.cluster.WorkerNode           : Shutting down worker node worker-2
2026-02-13T12:07:18.402-05:00  INFO 1320 --- [           main] c.d.compute.cluster.WorkerNode           : Worker node worker-2 shut down gracefully
2026-02-13T12:07:18.402-05:00  INFO 1320 --- [           main] c.d.compute.cluster.WorkerNode           : Shutting down worker node worker-2 immediately
2026-02-13T12:07:18.430-05:00  INFO 1320 --- [uster-scheduler] c.d.compute.cluster.ClusterManager       : Job 655e8811-95f1-4708-8c37-d99589d9ae62 completed: Job{id='655e8811-95f1-4708-8c37-d99589d9ae62', description='Test Job', stageCount=1, completedStages=0, currentStageIndex=0, isCompleted=true}
]]></system-out>
  </testcase>
  <testcase name="testSubmitNullJob" classname="com.distributed.compute.cluster.ClusterManagerTest" time="0.108">
    <system-out><![CDATA[2026-02-13T12:07:18.510-05:00  INFO 1320 --- [           main] c.d.compute.cluster.WorkerNode           : WorkerNode created: worker-1 with 2 slots
2026-02-13T12:07:18.510-05:00  INFO 1320 --- [           main] c.d.compute.cluster.WorkerNode           : WorkerNode created: worker-2 with 2 slots
2026-02-13T12:07:18.510-05:00  INFO 1320 --- [           main] c.d.compute.cluster.ClusterManager       : Registered worker node: worker-1
2026-02-13T12:07:18.510-05:00  INFO 1320 --- [           main] c.d.compute.cluster.ClusterManager       : Registered worker node: worker-2
2026-02-13T12:07:18.511-05:00  INFO 1320 --- [           main] c.d.compute.cluster.ClusterManager       : Removed worker node: worker-1
2026-02-13T12:07:18.511-05:00  INFO 1320 --- [           main] c.d.compute.cluster.WorkerNode           : Shutting down worker node worker-1
2026-02-13T12:07:18.511-05:00  INFO 1320 --- [           main] c.d.compute.cluster.WorkerNode           : Worker node worker-1 shut down gracefully
2026-02-13T12:07:18.511-05:00  INFO 1320 --- [           main] c.d.compute.cluster.WorkerNode           : Shutting down worker node worker-1 immediately
2026-02-13T12:07:18.511-05:00  INFO 1320 --- [           main] c.d.compute.cluster.ClusterManager       : Removed worker node: worker-2
2026-02-13T12:07:18.511-05:00  INFO 1320 --- [           main] c.d.compute.cluster.WorkerNode           : Shutting down worker node worker-2
2026-02-13T12:07:18.511-05:00  INFO 1320 --- [           main] c.d.compute.cluster.WorkerNode           : Worker node worker-2 shut down gracefully
2026-02-13T12:07:18.511-05:00  INFO 1320 --- [           main] c.d.compute.cluster.WorkerNode           : Shutting down worker node worker-2 immediately
]]></system-out>
  </testcase>
  <testcase name="testGetTotalAvailableSlots" classname="com.distributed.compute.cluster.ClusterManagerTest" time="0.106">
    <system-out><![CDATA[2026-02-13T12:07:18.618-05:00  INFO 1320 --- [           main] c.d.compute.cluster.WorkerNode           : WorkerNode created: worker-1 with 2 slots
2026-02-13T12:07:18.619-05:00  INFO 1320 --- [           main] c.d.compute.cluster.WorkerNode           : WorkerNode created: worker-2 with 2 slots
2026-02-13T12:07:18.619-05:00  INFO 1320 --- [           main] c.d.compute.cluster.ClusterManager       : Registered worker node: worker-1
2026-02-13T12:07:18.619-05:00  INFO 1320 --- [           main] c.d.compute.cluster.ClusterManager       : Registered worker node: worker-2
2026-02-13T12:07:18.619-05:00  INFO 1320 --- [           main] c.d.compute.cluster.ClusterManager       : Removed worker node: worker-1
2026-02-13T12:07:18.619-05:00  INFO 1320 --- [           main] c.d.compute.cluster.WorkerNode           : Shutting down worker node worker-1
2026-02-13T12:07:18.619-05:00  INFO 1320 --- [           main] c.d.compute.cluster.WorkerNode           : Worker node worker-1 shut down gracefully
2026-02-13T12:07:18.619-05:00  INFO 1320 --- [           main] c.d.compute.cluster.WorkerNode           : Shutting down worker node worker-1 immediately
2026-02-13T12:07:18.619-05:00  INFO 1320 --- [           main] c.d.compute.cluster.ClusterManager       : Removed worker node: worker-2
2026-02-13T12:07:18.619-05:00  INFO 1320 --- [           main] c.d.compute.cluster.WorkerNode           : Shutting down worker node worker-2
2026-02-13T12:07:18.619-05:00  INFO 1320 --- [           main] c.d.compute.cluster.WorkerNode           : Worker node worker-2 shut down gracefully
2026-02-13T12:07:18.619-05:00  INFO 1320 --- [           main] c.d.compute.cluster.WorkerNode           : Shutting down worker node worker-2 immediately
2026-02-13T12:07:18.632-05:00  INFO 1320 --- [uster-scheduler] c.d.compute.cluster.ClusterManager       : Job 655e8811-95f1-4708-8c37-d99589d9ae62 completed: Job{id='655e8811-95f1-4708-8c37-d99589d9ae62', description='Test Job', stageCount=1, completedStages=0, currentStageIndex=0, isCompleted=true}
]]></system-out>
  </testcase>
  <testcase name="testJobWithMultipleStages" classname="com.distributed.compute.cluster.ClusterManagerTest" time="3.121">
    <system-out><![CDATA[2026-02-13T12:07:18.725-05:00  INFO 1320 --- [           main] c.d.compute.cluster.WorkerNode           : WorkerNode created: worker-1 with 2 slots
2026-02-13T12:07:18.726-05:00  INFO 1320 --- [           main] c.d.compute.cluster.WorkerNode           : WorkerNode created: worker-2 with 2 slots
2026-02-13T12:07:18.726-05:00  INFO 1320 --- [           main] c.d.compute.cluster.ClusterManager       : Registered worker node: worker-1
2026-02-13T12:07:18.726-05:00  INFO 1320 --- [           main] c.d.compute.cluster.ClusterManager       : Registered worker node: worker-2
2026-02-13T12:07:18.726-05:00  INFO 1320 --- [           main] c.d.compute.cluster.ClusterManager       : Submitted job: 2ab07162-6895-4591-9d86-ab5a2c43e621 with 2 stages
2026-02-13T12:07:18.726-05:00  INFO 1320 --- [   job-executor] c.d.compute.cluster.ClusterManager       : Starting execution of job: 2ab07162-6895-4591-9d86-ab5a2c43e621
2026-02-13T12:07:18.726-05:00  INFO 1320 --- [   job-executor] c.d.compute.cluster.ClusterManager       : Starting stage 5eea43d5-0aef-4d6f-a482-372cead1edf9 of job 2ab07162-6895-4591-9d86-ab5a2c43e621
2026-02-13T12:07:18.833-05:00  INFO 1320 --- [uster-scheduler] c.d.compute.cluster.ClusterManager       : Job 655e8811-95f1-4708-8c37-d99589d9ae62 completed: Job{id='655e8811-95f1-4708-8c37-d99589d9ae62', description='Test Job', stageCount=1, completedStages=0, currentStageIndex=0, isCompleted=true}
2026-02-13T12:07:18.942-05:00  INFO 1320 --- [   job-executor] c.d.compute.cluster.ClusterManager       : Job c00377cc-060f-4782-9203-074b0bca2200 completed successfully
2026-02-13T12:07:18.942-05:00  INFO 1320 --- [   job-executor] c.d.compute.cluster.ClusterManager       : Job 33e89458-95cf-4994-bbf4-d9ea443095b6 completed successfully
2026-02-13T12:07:19.035-05:00  INFO 1320 --- [uster-scheduler] c.d.compute.cluster.ClusterManager       : Job c00377cc-060f-4782-9203-074b0bca2200 completed: Job{id='c00377cc-060f-4782-9203-074b0bca2200', description='Test Job', stageCount=1, completedStages=0, currentStageIndex=0, isCompleted=true}
2026-02-13T12:07:19.035-05:00  INFO 1320 --- [uster-scheduler] c.d.compute.cluster.ClusterManager       : Job 655e8811-95f1-4708-8c37-d99589d9ae62 completed: Job{id='655e8811-95f1-4708-8c37-d99589d9ae62', description='Test Job', stageCount=1, completedStages=0, currentStageIndex=0, isCompleted=true}
2026-02-13T12:07:19.035-05:00  INFO 1320 --- [uster-scheduler] c.d.compute.cluster.ClusterManager       : Job 33e89458-95cf-4994-bbf4-d9ea443095b6 completed: Job{id='33e89458-95cf-4994-bbf4-d9ea443095b6', description='Test Job', stageCount=1, completedStages=0, currentStageIndex=0, isCompleted=true}
2026-02-13T12:07:19.159-05:00  INFO 1320 --- [   job-executor] c.d.compute.cluster.ClusterManager       : Stage 5eea43d5-0aef-4d6f-a482-372cead1edf9 completed, advancing to next stage
2026-02-13T12:07:19.159-05:00  INFO 1320 --- [   job-executor] c.d.compute.cluster.ClusterManager       : Starting stage 01f31af1-9285-48b3-91ca-e7738df58e6d of job 2ab07162-6895-4591-9d86-ab5a2c43e621
2026-02-13T12:07:19.236-05:00  INFO 1320 --- [uster-scheduler] c.d.compute.cluster.ClusterManager       : Job c00377cc-060f-4782-9203-074b0bca2200 completed: Job{id='c00377cc-060f-4782-9203-074b0bca2200', description='Test Job', stageCount=1, completedStages=0, currentStageIndex=0, isCompleted=true}
2026-02-13T12:07:19.236-05:00  INFO 1320 --- [uster-scheduler] c.d.compute.cluster.ClusterManager       : Job 655e8811-95f1-4708-8c37-d99589d9ae62 completed: Job{id='655e8811-95f1-4708-8c37-d99589d9ae62', description='Test Job', stageCount=1, completedStages=0, currentStageIndex=0, isCompleted=true}
2026-02-13T12:07:19.236-05:00  INFO 1320 --- [uster-scheduler] c.d.compute.cluster.ClusterManager       : Job 33e89458-95cf-4994-bbf4-d9ea443095b6 completed: Job{id='33e89458-95cf-4994-bbf4-d9ea443095b6', description='Test Job', stageCount=1, completedStages=0, currentStageIndex=0, isCompleted=true}
2026-02-13T12:07:19.376-05:00  INFO 1320 --- [   job-executor] c.d.compute.cluster.ClusterManager       : Job 2ab07162-6895-4591-9d86-ab5a2c43e621 completed successfully
2026-02-13T12:07:19.440-05:00  INFO 1320 --- [uster-scheduler] c.d.compute.cluster.ClusterManager       : Job c00377cc-060f-4782-9203-074b0bca2200 completed: Job{id='c00377cc-060f-4782-9203-074b0bca2200', description='Test Job', stageCount=1, completedStages=0, currentStageIndex=0, isCompleted=true}
2026-02-13T12:07:19.440-05:00  INFO 1320 --- [uster-scheduler] c.d.compute.cluster.ClusterManager       : Job 655e8811-95f1-4708-8c37-d99589d9ae62 completed: Job{id='655e8811-95f1-4708-8c37-d99589d9ae62', description='Test Job', stageCount=1, completedStages=0, currentStageIndex=0, isCompleted=true}
2026-02-13T12:07:19.440-05:00  INFO 1320 --- [uster-scheduler] c.d.compute.cluster.ClusterManager       : Job 2ab07162-6895-4591-9d86-ab5a2c43e621 completed: Job{id='2ab07162-6895-4591-9d86-ab5a2c43e621', description='Multi-Stage Job', stageCount=2, completedStages=1, currentStageIndex=1, isCompleted=true}
2026-02-13T12:07:19.440-05:00  INFO 1320 --- [uster-scheduler] c.d.compute.cluster.ClusterManager       : Job 33e89458-95cf-4994-bbf4-d9ea443095b6 completed: Job{id='33e89458-95cf-4994-bbf4-d9ea443095b6', description='Test Job', stageCount=1, completedStages=0, currentStageIndex=0, isCompleted=true}
2026-02-13T12:07:19.642-05:00  INFO 1320 --- [uster-scheduler] c.d.compute.cluster.ClusterManager       : Job c00377cc-060f-4782-9203-074b0bca2200 completed: Job{id='c00377cc-060f-4782-9203-074b0bca2200', description='Test Job', stageCount=1, completedStages=0, currentStageIndex=0, isCompleted=true}
2026-02-13T12:07:19.642-05:00  INFO 1320 --- [uster-scheduler] c.d.compute.cluster.ClusterManager       : Job 655e8811-95f1-4708-8c37-d99589d9ae62 completed: Job{id='655e8811-95f1-4708-8c37-d99589d9ae62', description='Test Job', stageCount=1, completedStages=0, currentStageIndex=0, isCompleted=true}
2026-02-13T12:07:19.642-05:00  INFO 1320 --- [uster-scheduler] c.d.compute.cluster.ClusterManager       : Job 2ab07162-6895-4591-9d86-ab5a2c43e621 completed: Job{id='2ab07162-6895-4591-9d86-ab5a2c43e621', description='Multi-Stage Job', stageCount=2, completedStages=1, currentStageIndex=1, isCompleted=true}
2026-02-13T12:07:19.642-05:00  INFO 1320 --- [uster-scheduler] c.d.compute.cluster.ClusterManager       : Job 33e89458-95cf-4994-bbf4-d9ea443095b6 completed: Job{id='33e89458-95cf-4994-bbf4-d9ea443095b6', description='Test Job', stageCount=1, completedStages=0, currentStageIndex=0, isCompleted=true}
2026-02-13T12:07:19.842-05:00  INFO 1320 --- [uster-scheduler] c.d.compute.cluster.ClusterManager       : Job c00377cc-060f-4782-9203-074b0bca2200 completed: Job{id='c00377cc-060f-4782-9203-074b0bca2200', description='Test Job', stageCount=1, completedStages=0, currentStageIndex=0, isCompleted=true}
2026-02-13T12:07:19.842-05:00  INFO 1320 --- [uster-scheduler] c.d.compute.cluster.ClusterManager       : Job 655e8811-95f1-4708-8c37-d99589d9ae62 completed: Job{id='655e8811-95f1-4708-8c37-d99589d9ae62', description='Test Job', stageCount=1, completedStages=0, currentStageIndex=0, isCompleted=true}
2026-02-13T12:07:19.842-05:00  INFO 1320 --- [uster-scheduler] c.d.compute.cluster.ClusterManager       : Job 2ab07162-6895-4591-9d86-ab5a2c43e621 completed: Job{id='2ab07162-6895-4591-9d86-ab5a2c43e621', description='Multi-Stage Job', stageCount=2, completedStages=1, currentStageIndex=1, isCompleted=true}
2026-02-13T12:07:19.842-05:00  INFO 1320 --- [uster-scheduler] c.d.compute.cluster.ClusterManager       : Job 33e89458-95cf-4994-bbf4-d9ea443095b6 completed: Job{id='33e89458-95cf-4994-bbf4-d9ea443095b6', description='Test Job', stageCount=1, completedStages=0, currentStageIndex=0, isCompleted=true}
2026-02-13T12:07:20.029-05:00  INFO 1320 --- [uster-scheduler] c.d.compute.cluster.ClusterManager       : Job c00377cc-060f-4782-9203-074b0bca2200 completed: Job{id='c00377cc-060f-4782-9203-074b0bca2200', description='Test Job', stageCount=1, completedStages=0, currentStageIndex=0, isCompleted=true}
2026-02-13T12:07:20.029-05:00  INFO 1320 --- [uster-scheduler] c.d.compute.cluster.ClusterManager       : Job 655e8811-95f1-4708-8c37-d99589d9ae62 completed: Job{id='655e8811-95f1-4708-8c37-d99589d9ae62', description='Test Job', stageCount=1, completedStages=0, currentStageIndex=0, isCompleted=true}
2026-02-13T12:07:20.029-05:00  INFO 1320 --- [uster-scheduler] c.d.compute.cluster.ClusterManager       : Job 2ab07162-6895-4591-9d86-ab5a2c43e621 completed: Job{id='2ab07162-6895-4591-9d86-ab5a2c43e621', description='Multi-Stage Job', stageCount=2, completedStages=1, currentStageIndex=1, isCompleted=true}
2026-02-13T12:07:20.029-05:00  INFO 1320 --- [uster-scheduler] c.d.compute.cluster.ClusterManager       : Job 33e89458-95cf-4994-bbf4-d9ea443095b6 completed: Job{id='33e89458-95cf-4994-bbf4-d9ea443095b6', description='Test Job', stageCount=1, completedStages=0, currentStageIndex=0, isCompleted=true}
2026-02-13T12:07:20.233-05:00  INFO 1320 --- [uster-scheduler] c.d.compute.cluster.ClusterManager       : Job c00377cc-060f-4782-9203-074b0bca2200 completed: Job{id='c00377cc-060f-4782-9203-074b0bca2200', description='Test Job', stageCount=1, completedStages=0, currentStageIndex=0, isCompleted=true}
2026-02-13T12:07:20.233-05:00  INFO 1320 --- [uster-scheduler] c.d.compute.cluster.ClusterManager       : Job 655e8811-95f1-4708-8c37-d99589d9ae62 completed: Job{id='655e8811-95f1-4708-8c37-d99589d9ae62', description='Test Job', stageCount=1, completedStages=0, currentStageIndex=0, isCompleted=true}
2026-02-13T12:07:20.233-05:00  INFO 1320 --- [uster-scheduler] c.d.compute.cluster.ClusterManager       : Job 2ab07162-6895-4591-9d86-ab5a2c43e621 completed: Job{id='2ab07162-6895-4591-9d86-ab5a2c43e621', description='Multi-Stage Job', stageCount=2, completedStages=1, currentStageIndex=1, isCompleted=true}
2026-02-13T12:07:20.233-05:00  INFO 1320 --- [uster-scheduler] c.d.compute.cluster.ClusterManager       : Job 33e89458-95cf-4994-bbf4-d9ea443095b6 completed: Job{id='33e89458-95cf-4994-bbf4-d9ea443095b6', description='Test Job', stageCount=1, completedStages=0, currentStageIndex=0, isCompleted=true}
2026-02-13T12:07:20.436-05:00  INFO 1320 --- [uster-scheduler] c.d.compute.cluster.ClusterManager       : Job c00377cc-060f-4782-9203-074b0bca2200 completed: Job{id='c00377cc-060f-4782-9203-074b0bca2200', description='Test Job', stageCount=1, completedStages=0, currentStageIndex=0, isCompleted=true}
2026-02-13T12:07:20.436-05:00  INFO 1320 --- [uster-scheduler] c.d.compute.cluster.ClusterManager       : Job 655e8811-95f1-4708-8c37-d99589d9ae62 completed: Job{id='655e8811-95f1-4708-8c37-d99589d9ae62', description='Test Job', stageCount=1, completedStages=0, currentStageIndex=0, isCompleted=true}
2026-02-13T12:07:20.436-05:00  INFO 1320 --- [uster-scheduler] c.d.compute.cluster.ClusterManager       : Job 2ab07162-6895-4591-9d86-ab5a2c43e621 completed: Job{id='2ab07162-6895-4591-9d86-ab5a2c43e621', description='Multi-Stage Job', stageCount=2, completedStages=1, currentStageIndex=1, isCompleted=true}
2026-02-13T12:07:20.436-05:00  INFO 1320 --- [uster-scheduler] c.d.compute.cluster.ClusterManager       : Job 33e89458-95cf-4994-bbf4-d9ea443095b6 completed: Job{id='33e89458-95cf-4994-bbf4-d9ea443095b6', description='Test Job', stageCount=1, completedStages=0, currentStageIndex=0, isCompleted=true}
2026-02-13T12:07:20.637-05:00  INFO 1320 --- [uster-scheduler] c.d.compute.cluster.ClusterManager       : Job c00377cc-060f-4782-9203-074b0bca2200 completed: Job{id='c00377cc-060f-4782-9203-074b0bca2200', description='Test Job', stageCount=1, completedStages=0, currentStageIndex=0, isCompleted=true}
2026-02-13T12:07:20.637-05:00  INFO 1320 --- [uster-scheduler] c.d.compute.cluster.ClusterManager       : Job 655e8811-95f1-4708-8c37-d99589d9ae62 completed: Job{id='655e8811-95f1-4708-8c37-d99589d9ae62', description='Test Job', stageCount=1, completedStages=0, currentStageIndex=0, isCompleted=true}
2026-02-13T12:07:20.637-05:00  INFO 1320 --- [uster-scheduler] c.d.compute.cluster.ClusterManager       : Job 2ab07162-6895-4591-9d86-ab5a2c43e621 completed: Job{id='2ab07162-6895-4591-9d86-ab5a2c43e621', description='Multi-Stage Job', stageCount=2, completedStages=1, currentStageIndex=1, isCompleted=true}
2026-02-13T12:07:20.637-05:00  INFO 1320 --- [uster-scheduler] c.d.compute.cluster.ClusterManager       : Job 33e89458-95cf-4994-bbf4-d9ea443095b6 completed: Job{id='33e89458-95cf-4994-bbf4-d9ea443095b6', description='Test Job', stageCount=1, completedStages=0, currentStageIndex=0, isCompleted=true}
2026-02-13T12:07:20.839-05:00  INFO 1320 --- [uster-scheduler] c.d.compute.cluster.ClusterManager       : Job c00377cc-060f-4782-9203-074b0bca2200 completed: Job{id='c00377cc-060f-4782-9203-074b0bca2200', description='Test Job', stageCount=1, completedStages=0, currentStageIndex=0, isCompleted=true}
2026-02-13T12:07:20.839-05:00  INFO 1320 --- [uster-scheduler] c.d.compute.cluster.ClusterManager       : Job 655e8811-95f1-4708-8c37-d99589d9ae62 completed: Job{id='655e8811-95f1-4708-8c37-d99589d9ae62', description='Test Job', stageCount=1, completedStages=0, currentStageIndex=0, isCompleted=true}
2026-02-13T12:07:20.839-05:00  INFO 1320 --- [uster-scheduler] c.d.compute.cluster.ClusterManager       : Job 2ab07162-6895-4591-9d86-ab5a2c43e621 completed: Job{id='2ab07162-6895-4591-9d86-ab5a2c43e621', description='Multi-Stage Job', stageCount=2, completedStages=1, currentStageIndex=1, isCompleted=true}
2026-02-13T12:07:20.839-05:00  INFO 1320 --- [uster-scheduler] c.d.compute.cluster.ClusterManager       : Job 33e89458-95cf-4994-bbf4-d9ea443095b6 completed: Job{id='33e89458-95cf-4994-bbf4-d9ea443095b6', description='Test Job', stageCount=1, completedStages=0, currentStageIndex=0, isCompleted=true}
2026-02-13T12:07:21.039-05:00  INFO 1320 --- [uster-scheduler] c.d.compute.cluster.ClusterManager       : Job c00377cc-060f-4782-9203-074b0bca2200 completed: Job{id='c00377cc-060f-4782-9203-074b0bca2200', description='Test Job', stageCount=1, completedStages=0, currentStageIndex=0, isCompleted=true}
2026-02-13T12:07:21.039-05:00  INFO 1320 --- [uster-scheduler] c.d.compute.cluster.ClusterManager       : Job 655e8811-95f1-4708-8c37-d99589d9ae62 completed: Job{id='655e8811-95f1-4708-8c37-d99589d9ae62', description='Test Job', stageCount=1, completedStages=0, currentStageIndex=0, isCompleted=true}
2026-02-13T12:07:21.039-05:00  INFO 1320 --- [uster-scheduler] c.d.compute.cluster.ClusterManager       : Job 2ab07162-6895-4591-9d86-ab5a2c43e621 completed: Job{id='2ab07162-6895-4591-9d86-ab5a2c43e621', description='Multi-Stage Job', stageCount=2, completedStages=1, currentStageIndex=1, isCompleted=true}
2026-02-13T12:07:21.039-05:00  INFO 1320 --- [uster-scheduler] c.d.compute.cluster.ClusterManager       : Job 33e89458-95cf-4994-bbf4-d9ea443095b6 completed: Job{id='33e89458-95cf-4994-bbf4-d9ea443095b6', description='Test Job', stageCount=1, completedStages=0, currentStageIndex=0, isCompleted=true}
2026-02-13T12:07:21.242-05:00  INFO 1320 --- [uster-scheduler] c.d.compute.cluster.ClusterManager       : Job c00377cc-060f-4782-9203-074b0bca2200 completed: Job{id='c00377cc-060f-4782-9203-074b0bca2200', description='Test Job', stageCount=1, completedStages=0, currentStageIndex=0, isCompleted=true}
2026-02-13T12:07:21.242-05:00  INFO 1320 --- [uster-scheduler] c.d.compute.cluster.ClusterManager       : Job 655e8811-95f1-4708-8c37-d99589d9ae62 completed: Job{id='655e8811-95f1-4708-8c37-d99589d9ae62', description='Test Job', stageCount=1, completedStages=0, currentStageIndex=0, isCompleted=true}
2026-02-13T12:07:21.242-05:00  INFO 1320 --- [uster-scheduler] c.d.compute.cluster.ClusterManager       : Job 2ab07162-6895-4591-9d86-ab5a2c43e621 completed: Job{id='2ab07162-6895-4591-9d86-ab5a2c43e621', description='Multi-Stage Job', stageCount=2, completedStages=1, currentStageIndex=1, isCompleted=true}
2026-02-13T12:07:21.242-05:00  INFO 1320 --- [uster-scheduler] c.d.compute.cluster.ClusterManager       : Job 33e89458-95cf-4994-bbf4-d9ea443095b6 completed: Job{id='33e89458-95cf-4994-bbf4-d9ea443095b6', description='Test Job', stageCount=1, completedStages=0, currentStageIndex=0, isCompleted=true}
2026-02-13T12:07:21.429-05:00  INFO 1320 --- [uster-scheduler] c.d.compute.cluster.ClusterManager       : Job c00377cc-060f-4782-9203-074b0bca2200 completed: Job{id='c00377cc-060f-4782-9203-074b0bca2200', description='Test Job', stageCount=1, completedStages=0, currentStageIndex=0, isCompleted=true}
2026-02-13T12:07:21.429-05:00  INFO 1320 --- [uster-scheduler] c.d.compute.cluster.ClusterManager       : Job 655e8811-95f1-4708-8c37-d99589d9ae62 completed: Job{id='655e8811-95f1-4708-8c37-d99589d9ae62', description='Test Job', stageCount=1, completedStages=0, currentStageIndex=0, isCompleted=true}
2026-02-13T12:07:21.429-05:00  INFO 1320 --- [uster-scheduler] c.d.compute.cluster.ClusterManager       : Job 2ab07162-6895-4591-9d86-ab5a2c43e621 completed: Job{id='2ab07162-6895-4591-9d86-ab5a2c43e621', description='Multi-Stage Job', stageCount=2, completedStages=1, currentStageIndex=1, isCompleted=true}
2026-02-13T12:07:21.429-05:00  INFO 1320 --- [uster-scheduler] c.d.compute.cluster.ClusterManager       : Job 33e89458-95cf-4994-bbf4-d9ea443095b6 completed: Job{id='33e89458-95cf-4994-bbf4-d9ea443095b6', description='Test Job', stageCount=1, completedStages=0, currentStageIndex=0, isCompleted=true}
2026-02-13T12:07:21.631-05:00  INFO 1320 --- [uster-scheduler] c.d.compute.cluster.ClusterManager       : Job c00377cc-060f-4782-9203-074b0bca2200 completed: Job{id='c00377cc-060f-4782-9203-074b0bca2200', description='Test Job', stageCount=1, completedStages=0, currentStageIndex=0, isCompleted=true}
2026-02-13T12:07:21.631-05:00  INFO 1320 --- [uster-scheduler] c.d.compute.cluster.ClusterManager       : Job 655e8811-95f1-4708-8c37-d99589d9ae62 completed: Job{id='655e8811-95f1-4708-8c37-d99589d9ae62', description='Test Job', stageCount=1, completedStages=0, currentStageIndex=0, isCompleted=true}
2026-02-13T12:07:21.631-05:00  INFO 1320 --- [uster-scheduler] c.d.compute.cluster.ClusterManager       : Job 2ab07162-6895-4591-9d86-ab5a2c43e621 completed: Job{id='2ab07162-6895-4591-9d86-ab5a2c43e621', description='Multi-Stage Job', stageCount=2, completedStages=1, currentStageIndex=1, isCompleted=true}
2026-02-13T12:07:21.631-05:00  INFO 1320 --- [uster-scheduler] c.d.compute.cluster.ClusterManager       : Job 33e89458-95cf-4994-bbf4-d9ea443095b6 completed: Job{id='33e89458-95cf-4994-bbf4-d9ea443095b6', description='Test Job', stageCount=1, completedStages=0, currentStageIndex=0, isCompleted=true}
2026-02-13T12:07:21.740-05:00  INFO 1320 --- [           main] c.d.compute.cluster.ClusterManager       : Removed worker node: worker-1
2026-02-13T12:07:21.740-05:00  INFO 1320 --- [           main] c.d.compute.cluster.WorkerNode           : Shutting down worker node worker-1
2026-02-13T12:07:21.740-05:00  INFO 1320 --- [           main] c.d.compute.cluster.WorkerNode           : Worker node worker-1 shut down gracefully
2026-02-13T12:07:21.740-05:00  INFO 1320 --- [           main] c.d.compute.cluster.WorkerNode           : Shutting down worker node worker-1 immediately
2026-02-13T12:07:21.740-05:00  INFO 1320 --- [           main] c.d.compute.cluster.ClusterManager       : Removed worker node: worker-2
2026-02-13T12:07:21.740-05:00  INFO 1320 --- [           main] c.d.compute.cluster.WorkerNode           : Shutting down worker node worker-2
2026-02-13T12:07:21.740-05:00  INFO 1320 --- [           main] c.d.compute.cluster.WorkerNode           : Worker node worker-2 shut down gracefully
2026-02-13T12:07:21.740-05:00  INFO 1320 --- [           main] c.d.compute.cluster.WorkerNode           : Shutting down worker node worker-2 immediately
2026-02-13T12:07:21.832-05:00  INFO 1320 --- [uster-scheduler] c.d.compute.cluster.ClusterManager       : Job c00377cc-060f-4782-9203-074b0bca2200 completed: Job{id='c00377cc-060f-4782-9203-074b0bca2200', description='Test Job', stageCount=1, completedStages=0, currentStageIndex=0, isCompleted=true}
2026-02-13T12:07:21.832-05:00  INFO 1320 --- [uster-scheduler] c.d.compute.cluster.ClusterManager       : Job 655e8811-95f1-4708-8c37-d99589d9ae62 completed: Job{id='655e8811-95f1-4708-8c37-d99589d9ae62', description='Test Job', stageCount=1, completedStages=0, currentStageIndex=0, isCompleted=true}
2026-02-13T12:07:21.832-05:00  INFO 1320 --- [uster-scheduler] c.d.compute.cluster.ClusterManager       : Job 2ab07162-6895-4591-9d86-ab5a2c43e621 completed: Job{id='2ab07162-6895-4591-9d86-ab5a2c43e621', description='Multi-Stage Job', stageCount=2, completedStages=1, currentStageIndex=1, isCompleted=true}
2026-02-13T12:07:21.832-05:00  INFO 1320 --- [uster-scheduler] c.d.compute.cluster.ClusterManager       : Job 33e89458-95cf-4994-bbf4-d9ea443095b6 completed: Job{id='33e89458-95cf-4994-bbf4-d9ea443095b6', description='Test Job', stageCount=1, completedStages=0, currentStageIndex=0, isCompleted=true}
]]></system-out>
  </testcase>
  <testcase name="testGetTotalTasksScheduled" classname="com.distributed.compute.cluster.ClusterManagerTest" time="1.116">
    <system-out><![CDATA[2026-02-13T12:07:21.847-05:00  INFO 1320 --- [           main] c.d.compute.cluster.WorkerNode           : WorkerNode created: worker-1 with 2 slots
2026-02-13T12:07:21.847-05:00  INFO 1320 --- [           main] c.d.compute.cluster.WorkerNode           : WorkerNode created: worker-2 with 2 slots
2026-02-13T12:07:21.849-05:00  INFO 1320 --- [           main] c.d.compute.cluster.ClusterManager       : Registered worker node: worker-1
2026-02-13T12:07:21.849-05:00  INFO 1320 --- [           main] c.d.compute.cluster.ClusterManager       : Registered worker node: worker-2
2026-02-13T12:07:21.849-05:00  INFO 1320 --- [           main] c.d.compute.cluster.ClusterManager       : Submitted job: 56000079-4857-4fed-8b8c-7400271107cf with 1 stages
2026-02-13T12:07:21.849-05:00  INFO 1320 --- [   job-executor] c.d.compute.cluster.ClusterManager       : Starting execution of job: 56000079-4857-4fed-8b8c-7400271107cf
2026-02-13T12:07:21.849-05:00  INFO 1320 --- [   job-executor] c.d.compute.cluster.ClusterManager       : Starting stage cf1eccd9-863b-4ef7-8912-8fdfdbb2b32a of job 56000079-4857-4fed-8b8c-7400271107cf
2026-02-13T12:07:22.031-05:00  INFO 1320 --- [uster-scheduler] c.d.compute.cluster.ClusterManager       : Job c00377cc-060f-4782-9203-074b0bca2200 completed: Job{id='c00377cc-060f-4782-9203-074b0bca2200', description='Test Job', stageCount=1, completedStages=0, currentStageIndex=0, isCompleted=true}
2026-02-13T12:07:22.031-05:00  INFO 1320 --- [uster-scheduler] c.d.compute.cluster.ClusterManager       : Job 655e8811-95f1-4708-8c37-d99589d9ae62 completed: Job{id='655e8811-95f1-4708-8c37-d99589d9ae62', description='Test Job', stageCount=1, completedStages=0, currentStageIndex=0, isCompleted=true}
2026-02-13T12:07:22.031-05:00  INFO 1320 --- [uster-scheduler] c.d.compute.cluster.ClusterManager       : Job 2ab07162-6895-4591-9d86-ab5a2c43e621 completed: Job{id='2ab07162-6895-4591-9d86-ab5a2c43e621', description='Multi-Stage Job', stageCount=2, completedStages=1, currentStageIndex=1, isCompleted=true}
2026-02-13T12:07:22.031-05:00  INFO 1320 --- [uster-scheduler] c.d.compute.cluster.ClusterManager       : Job 33e89458-95cf-4994-bbf4-d9ea443095b6 completed: Job{id='33e89458-95cf-4994-bbf4-d9ea443095b6', description='Test Job', stageCount=1, completedStages=0, currentStageIndex=0, isCompleted=true}
2026-02-13T12:07:22.062-05:00  INFO 1320 --- [   job-executor] c.d.compute.cluster.ClusterManager       : Job 56000079-4857-4fed-8b8c-7400271107cf completed successfully
2026-02-13T12:07:22.234-05:00  INFO 1320 --- [uster-scheduler] c.d.compute.cluster.ClusterManager       : Job c00377cc-060f-4782-9203-074b0bca2200 completed: Job{id='c00377cc-060f-4782-9203-074b0bca2200', description='Test Job', stageCount=1, completedStages=0, currentStageIndex=0, isCompleted=true}
2026-02-13T12:07:22.234-05:00  INFO 1320 --- [uster-scheduler] c.d.compute.cluster.ClusterManager       : Job 56000079-4857-4fed-8b8c-7400271107cf completed: Job{id='56000079-4857-4fed-8b8c-7400271107cf', description='Test Job', stageCount=1, completedStages=0, currentStageIndex=0, isCompleted=true}
2026-02-13T12:07:22.234-05:00  INFO 1320 --- [uster-scheduler] c.d.compute.cluster.ClusterManager       : Job 655e8811-95f1-4708-8c37-d99589d9ae62 completed: Job{id='655e8811-95f1-4708-8c37-d99589d9ae62', description='Test Job', stageCount=1, completedStages=0, currentStageIndex=0, isCompleted=true}
2026-02-13T12:07:22.234-05:00  INFO 1320 --- [uster-scheduler] c.d.compute.cluster.ClusterManager       : Job 2ab07162-6895-4591-9d86-ab5a2c43e621 completed: Job{id='2ab07162-6895-4591-9d86-ab5a2c43e621', description='Multi-Stage Job', stageCount=2, completedStages=1, currentStageIndex=1, isCompleted=true}
2026-02-13T12:07:22.234-05:00  INFO 1320 --- [uster-scheduler] c.d.compute.cluster.ClusterManager       : Job 33e89458-95cf-4994-bbf4-d9ea443095b6 completed: Job{id='33e89458-95cf-4994-bbf4-d9ea443095b6', description='Test Job', stageCount=1, completedStages=0, currentStageIndex=0, isCompleted=true}
2026-02-13T12:07:22.434-05:00  INFO 1320 --- [uster-scheduler] c.d.compute.cluster.ClusterManager       : Job c00377cc-060f-4782-9203-074b0bca2200 completed: Job{id='c00377cc-060f-4782-9203-074b0bca2200', description='Test Job', stageCount=1, completedStages=0, currentStageIndex=0, isCompleted=true}
2026-02-13T12:07:22.434-05:00  INFO 1320 --- [uster-scheduler] c.d.compute.cluster.ClusterManager       : Job 56000079-4857-4fed-8b8c-7400271107cf completed: Job{id='56000079-4857-4fed-8b8c-7400271107cf', description='Test Job', stageCount=1, completedStages=0, currentStageIndex=0, isCompleted=true}
2026-02-13T12:07:22.434-05:00  INFO 1320 --- [uster-scheduler] c.d.compute.cluster.ClusterManager       : Job 655e8811-95f1-4708-8c37-d99589d9ae62 completed: Job{id='655e8811-95f1-4708-8c37-d99589d9ae62', description='Test Job', stageCount=1, completedStages=0, currentStageIndex=0, isCompleted=true}
2026-02-13T12:07:22.434-05:00  INFO 1320 --- [uster-scheduler] c.d.compute.cluster.ClusterManager       : Job 2ab07162-6895-4591-9d86-ab5a2c43e621 completed: Job{id='2ab07162-6895-4591-9d86-ab5a2c43e621', description='Multi-Stage Job', stageCount=2, completedStages=1, currentStageIndex=1, isCompleted=true}
2026-02-13T12:07:22.434-05:00  INFO 1320 --- [uster-scheduler] c.d.compute.cluster.ClusterManager       : Job 33e89458-95cf-4994-bbf4-d9ea443095b6 completed: Job{id='33e89458-95cf-4994-bbf4-d9ea443095b6', description='Test Job', stageCount=1, completedStages=0, currentStageIndex=0, isCompleted=true}
2026-02-13T12:07:22.636-05:00  INFO 1320 --- [uster-scheduler] c.d.compute.cluster.ClusterManager       : Job c00377cc-060f-4782-9203-074b0bca2200 completed: Job{id='c00377cc-060f-4782-9203-074b0bca2200', description='Test Job', stageCount=1, completedStages=0, currentStageIndex=0, isCompleted=true}
2026-02-13T12:07:22.636-05:00  INFO 1320 --- [uster-scheduler] c.d.compute.cluster.ClusterManager       : Job 56000079-4857-4fed-8b8c-7400271107cf completed: Job{id='56000079-4857-4fed-8b8c-7400271107cf', description='Test Job', stageCount=1, completedStages=0, currentStageIndex=0, isCompleted=true}
2026-02-13T12:07:22.636-05:00  INFO 1320 --- [uster-scheduler] c.d.compute.cluster.ClusterManager       : Job 655e8811-95f1-4708-8c37-d99589d9ae62 completed: Job{id='655e8811-95f1-4708-8c37-d99589d9ae62', description='Test Job', stageCount=1, completedStages=0, currentStageIndex=0, isCompleted=true}
2026-02-13T12:07:22.636-05:00  INFO 1320 --- [uster-scheduler] c.d.compute.cluster.ClusterManager       : Job 2ab07162-6895-4591-9d86-ab5a2c43e621 completed: Job{id='2ab07162-6895-4591-9d86-ab5a2c43e621', description='Multi-Stage Job', stageCount=2, completedStages=1, currentStageIndex=1, isCompleted=true}
2026-02-13T12:07:22.636-05:00  INFO 1320 --- [uster-scheduler] c.d.compute.cluster.ClusterManager       : Job 33e89458-95cf-4994-bbf4-d9ea443095b6 completed: Job{id='33e89458-95cf-4994-bbf4-d9ea443095b6', description='Test Job', stageCount=1, completedStages=0, currentStageIndex=0, isCompleted=true}
2026-02-13T12:07:22.839-05:00  INFO 1320 --- [uster-scheduler] c.d.compute.cluster.ClusterManager       : Job c00377cc-060f-4782-9203-074b0bca2200 completed: Job{id='c00377cc-060f-4782-9203-074b0bca2200', description='Test Job', stageCount=1, completedStages=0, currentStageIndex=0, isCompleted=true}
2026-02-13T12:07:22.839-05:00  INFO 1320 --- [uster-scheduler] c.d.compute.cluster.ClusterManager       : Job 56000079-4857-4fed-8b8c-7400271107cf completed: Job{id='56000079-4857-4fed-8b8c-7400271107cf', description='Test Job', stageCount=1, completedStages=0, currentStageIndex=0, isCompleted=true}
2026-02-13T12:07:22.839-05:00  INFO 1320 --- [uster-scheduler] c.d.compute.cluster.ClusterManager       : Job 655e8811-95f1-4708-8c37-d99589d9ae62 completed: Job{id='655e8811-95f1-4708-8c37-d99589d9ae62', description='Test Job', stageCount=1, completedStages=0, currentStageIndex=0, isCompleted=true}
2026-02-13T12:07:22.839-05:00  INFO 1320 --- [uster-scheduler] c.d.compute.cluster.ClusterManager       : Job 2ab07162-6895-4591-9d86-ab5a2c43e621 completed: Job{id='2ab07162-6895-4591-9d86-ab5a2c43e621', description='Multi-Stage Job', stageCount=2, completedStages=1, currentStageIndex=1, isCompleted=true}
2026-02-13T12:07:22.839-05:00  INFO 1320 --- [uster-scheduler] c.d.compute.cluster.ClusterManager       : Job 33e89458-95cf-4994-bbf4-d9ea443095b6 completed: Job{id='33e89458-95cf-4994-bbf4-d9ea443095b6', description='Test Job', stageCount=1, completedStages=0, currentStageIndex=0, isCompleted=true}
2026-02-13T12:07:22.855-05:00  INFO 1320 --- [           main] c.d.compute.cluster.ClusterManager       : Removed worker node: worker-1
2026-02-13T12:07:22.855-05:00  INFO 1320 --- [           main] c.d.compute.cluster.WorkerNode           : Shutting down worker node worker-1
2026-02-13T12:07:22.855-05:00  INFO 1320 --- [           main] c.d.compute.cluster.WorkerNode           : Worker node worker-1 shut down gracefully
2026-02-13T12:07:22.855-05:00  INFO 1320 --- [           main] c.d.compute.cluster.WorkerNode           : Shutting down worker node worker-1 immediately
2026-02-13T12:07:22.855-05:00  INFO 1320 --- [           main] c.d.compute.cluster.ClusterManager       : Removed worker node: worker-2
2026-02-13T12:07:22.855-05:00  INFO 1320 --- [           main] c.d.compute.cluster.WorkerNode           : Shutting down worker node worker-2
2026-02-13T12:07:22.855-05:00  INFO 1320 --- [           main] c.d.compute.cluster.WorkerNode           : Worker node worker-2 shut down gracefully
2026-02-13T12:07:22.855-05:00  INFO 1320 --- [           main] c.d.compute.cluster.WorkerNode           : Shutting down worker node worker-2 immediately
]]></system-out>
  </testcase>
  <testcase name="testGetAllWorkers" classname="com.distributed.compute.cluster.ClusterManagerTest" time="0.108">
    <system-out><![CDATA[2026-02-13T12:07:22.964-05:00  INFO 1320 --- [           main] c.d.compute.cluster.WorkerNode           : WorkerNode created: worker-1 with 2 slots
2026-02-13T12:07:22.965-05:00  INFO 1320 --- [           main] c.d.compute.cluster.WorkerNode           : WorkerNode created: worker-2 with 2 slots
2026-02-13T12:07:22.965-05:00  INFO 1320 --- [           main] c.d.compute.cluster.ClusterManager       : Registered worker node: worker-1
2026-02-13T12:07:22.965-05:00  INFO 1320 --- [           main] c.d.compute.cluster.ClusterManager       : Registered worker node: worker-2
2026-02-13T12:07:22.965-05:00  INFO 1320 --- [           main] c.d.compute.cluster.ClusterManager       : Removed worker node: worker-1
2026-02-13T12:07:22.965-05:00  INFO 1320 --- [           main] c.d.compute.cluster.WorkerNode           : Shutting down worker node worker-1
2026-02-13T12:07:22.965-05:00  INFO 1320 --- [           main] c.d.compute.cluster.WorkerNode           : Worker node worker-1 shut down gracefully
2026-02-13T12:07:22.965-05:00  INFO 1320 --- [           main] c.d.compute.cluster.WorkerNode           : Shutting down worker node worker-1 immediately
2026-02-13T12:07:22.965-05:00  INFO 1320 --- [           main] c.d.compute.cluster.ClusterManager       : Removed worker node: worker-2
2026-02-13T12:07:22.965-05:00  INFO 1320 --- [           main] c.d.compute.cluster.WorkerNode           : Shutting down worker node worker-2
2026-02-13T12:07:22.965-05:00  INFO 1320 --- [           main] c.d.compute.cluster.WorkerNode           : Worker node worker-2 shut down gracefully
2026-02-13T12:07:22.965-05:00  INFO 1320 --- [           main] c.d.compute.cluster.WorkerNode           : Shutting down worker node worker-2 immediately
2026-02-13T12:07:23.040-05:00  INFO 1320 --- [uster-scheduler] c.d.compute.cluster.ClusterManager       : Job c00377cc-060f-4782-9203-074b0bca2200 completed: Job{id='c00377cc-060f-4782-9203-074b0bca2200', description='Test Job', stageCount=1, completedStages=0, currentStageIndex=0, isCompleted=true}
2026-02-13T12:07:23.040-05:00  INFO 1320 --- [uster-scheduler] c.d.compute.cluster.ClusterManager       : Job 56000079-4857-4fed-8b8c-7400271107cf completed: Job{id='56000079-4857-4fed-8b8c-7400271107cf', description='Test Job', stageCount=1, completedStages=0, currentStageIndex=0, isCompleted=true}
2026-02-13T12:07:23.040-05:00  INFO 1320 --- [uster-scheduler] c.d.compute.cluster.ClusterManager       : Job 655e8811-95f1-4708-8c37-d99589d9ae62 completed: Job{id='655e8811-95f1-4708-8c37-d99589d9ae62', description='Test Job', stageCount=1, completedStages=0, currentStageIndex=0, isCompleted=true}
2026-02-13T12:07:23.040-05:00  INFO 1320 --- [uster-scheduler] c.d.compute.cluster.ClusterManager       : Job 2ab07162-6895-4591-9d86-ab5a2c43e621 completed: Job{id='2ab07162-6895-4591-9d86-ab5a2c43e621', description='Multi-Stage Job', stageCount=2, completedStages=1, currentStageIndex=1, isCompleted=true}
2026-02-13T12:07:23.040-05:00  INFO 1320 --- [uster-scheduler] c.d.compute.cluster.ClusterManager       : Job 33e89458-95cf-4994-bbf4-d9ea443095b6 completed: Job{id='33e89458-95cf-4994-bbf4-d9ea443095b6', description='Test Job', stageCount=1, completedStages=0, currentStageIndex=0, isCompleted=true}
]]></system-out>
  </testcase>
  <testcase name="testRemoveWorker" classname="com.distributed.compute.cluster.ClusterManagerTest" time="0.107">
    <system-out><![CDATA[2026-02-13T12:07:23.073-05:00  INFO 1320 --- [           main] c.d.compute.cluster.WorkerNode           : WorkerNode created: worker-1 with 2 slots
2026-02-13T12:07:23.074-05:00  INFO 1320 --- [           main] c.d.compute.cluster.WorkerNode           : WorkerNode created: worker-2 with 2 slots
2026-02-13T12:07:23.074-05:00  INFO 1320 --- [           main] c.d.compute.cluster.ClusterManager       : Registered worker node: worker-1
2026-02-13T12:07:23.074-05:00  INFO 1320 --- [           main] c.d.compute.cluster.ClusterManager       : Registered worker node: worker-2
2026-02-13T12:07:23.074-05:00  INFO 1320 --- [           main] c.d.compute.cluster.ClusterManager       : Removed worker node: worker-1
2026-02-13T12:07:23.074-05:00  INFO 1320 --- [           main] c.d.compute.cluster.WorkerNode           : Shutting down worker node worker-1
2026-02-13T12:07:23.074-05:00  INFO 1320 --- [           main] c.d.compute.cluster.WorkerNode           : Worker node worker-1 shut down gracefully
2026-02-13T12:07:23.075-05:00  INFO 1320 --- [           main] c.d.compute.cluster.WorkerNode           : Shutting down worker node worker-1 immediately
2026-02-13T12:07:23.075-05:00  INFO 1320 --- [           main] c.d.compute.cluster.ClusterManager       : Removed worker node: worker-2
2026-02-13T12:07:23.075-05:00  INFO 1320 --- [           main] c.d.compute.cluster.WorkerNode           : Shutting down worker node worker-2
2026-02-13T12:07:23.075-05:00  INFO 1320 --- [           main] c.d.compute.cluster.WorkerNode           : Worker node worker-2 shut down gracefully
2026-02-13T12:07:23.075-05:00  INFO 1320 --- [           main] c.d.compute.cluster.WorkerNode           : Shutting down worker node worker-2 immediately
]]></system-out>
  </testcase>
  <testcase name="testGetClusterStats" classname="com.distributed.compute.cluster.ClusterManagerTest" time="0.108">
    <system-out><![CDATA[2026-02-13T12:07:23.181-05:00  INFO 1320 --- [           main] c.d.compute.cluster.WorkerNode           : WorkerNode created: worker-1 with 2 slots
2026-02-13T12:07:23.181-05:00  INFO 1320 --- [           main] c.d.compute.cluster.WorkerNode           : WorkerNode created: worker-2 with 2 slots
2026-02-13T12:07:23.181-05:00  INFO 1320 --- [           main] c.d.compute.cluster.ClusterManager       : Registered worker node: worker-1
2026-02-13T12:07:23.181-05:00  INFO 1320 --- [           main] c.d.compute.cluster.ClusterManager       : Registered worker node: worker-2
2026-02-13T12:07:23.182-05:00  INFO 1320 --- [           main] c.d.compute.cluster.ClusterManager       : Removed worker node: worker-1
2026-02-13T12:07:23.182-05:00  INFO 1320 --- [           main] c.d.compute.cluster.WorkerNode           : Shutting down worker node worker-1
2026-02-13T12:07:23.182-05:00  INFO 1320 --- [           main] c.d.compute.cluster.WorkerNode           : Worker node worker-1 shut down gracefully
2026-02-13T12:07:23.182-05:00  INFO 1320 --- [           main] c.d.compute.cluster.WorkerNode           : Shutting down worker node worker-1 immediately
2026-02-13T12:07:23.182-05:00  INFO 1320 --- [           main] c.d.compute.cluster.ClusterManager       : Removed worker node: worker-2
2026-02-13T12:07:23.182-05:00  INFO 1320 --- [           main] c.d.compute.cluster.WorkerNode           : Shutting down worker node worker-2
2026-02-13T12:07:23.182-05:00  INFO 1320 --- [           main] c.d.compute.cluster.WorkerNode           : Worker node worker-2 shut down gracefully
2026-02-13T12:07:23.182-05:00  INFO 1320 --- [           main] c.d.compute.cluster.WorkerNode           : Shutting down worker node worker-2 immediately
2026-02-13T12:07:23.242-05:00  INFO 1320 --- [uster-scheduler] c.d.compute.cluster.ClusterManager       : Job c00377cc-060f-4782-9203-074b0bca2200 completed: Job{id='c00377cc-060f-4782-9203-074b0bca2200', description='Test Job', stageCount=1, completedStages=0, currentStageIndex=0, isCompleted=true}
2026-02-13T12:07:23.242-05:00  INFO 1320 --- [uster-scheduler] c.d.compute.cluster.ClusterManager       : Job 56000079-4857-4fed-8b8c-7400271107cf completed: Job{id='56000079-4857-4fed-8b8c-7400271107cf', description='Test Job', stageCount=1, completedStages=0, currentStageIndex=0, isCompleted=true}
2026-02-13T12:07:23.242-05:00  INFO 1320 --- [uster-scheduler] c.d.compute.cluster.ClusterManager       : Job 655e8811-95f1-4708-8c37-d99589d9ae62 completed: Job{id='655e8811-95f1-4708-8c37-d99589d9ae62', description='Test Job', stageCount=1, completedStages=0, currentStageIndex=0, isCompleted=true}
2026-02-13T12:07:23.242-05:00  INFO 1320 --- [uster-scheduler] c.d.compute.cluster.ClusterManager       : Job 2ab07162-6895-4591-9d86-ab5a2c43e621 completed: Job{id='2ab07162-6895-4591-9d86-ab5a2c43e621', description='Multi-Stage Job', stageCount=2, completedStages=1, currentStageIndex=1, isCompleted=true}
2026-02-13T12:07:23.242-05:00  INFO 1320 --- [uster-scheduler] c.d.compute.cluster.ClusterManager       : Job 33e89458-95cf-4994-bbf4-d9ea443095b6 completed: Job{id='33e89458-95cf-4994-bbf4-d9ea443095b6', description='Test Job', stageCount=1, completedStages=0, currentStageIndex=0, isCompleted=true}
]]></system-out>
  </testcase>
  <testcase name="testSubmitJob" classname="com.distributed.compute.cluster.ClusterManagerTest" time="0.62">
    <system-out><![CDATA[2026-02-13T12:07:23.291-05:00  INFO 1320 --- [           main] c.d.compute.cluster.WorkerNode           : WorkerNode created: worker-1 with 2 slots
2026-02-13T12:07:23.291-05:00  INFO 1320 --- [           main] c.d.compute.cluster.WorkerNode           : WorkerNode created: worker-2 with 2 slots
2026-02-13T12:07:23.291-05:00  INFO 1320 --- [           main] c.d.compute.cluster.ClusterManager       : Registered worker node: worker-1
2026-02-13T12:07:23.291-05:00  INFO 1320 --- [           main] c.d.compute.cluster.ClusterManager       : Registered worker node: worker-2
2026-02-13T12:07:23.291-05:00  INFO 1320 --- [           main] c.d.compute.cluster.ClusterManager       : Submitted job: ef76bf2f-2c2f-41b6-a36b-f942fe5bc1e9 with 1 stages
2026-02-13T12:07:23.291-05:00  INFO 1320 --- [   job-executor] c.d.compute.cluster.ClusterManager       : Starting execution of job: ef76bf2f-2c2f-41b6-a36b-f942fe5bc1e9
2026-02-13T12:07:23.291-05:00  INFO 1320 --- [   job-executor] c.d.compute.cluster.ClusterManager       : Starting stage 86f5df31-0f08-467f-987f-6a4ec23ae681 of job ef76bf2f-2c2f-41b6-a36b-f942fe5bc1e9
2026-02-13T12:07:23.444-05:00  INFO 1320 --- [uster-scheduler] c.d.compute.cluster.ClusterManager       : Job c00377cc-060f-4782-9203-074b0bca2200 completed: Job{id='c00377cc-060f-4782-9203-074b0bca2200', description='Test Job', stageCount=1, completedStages=0, currentStageIndex=0, isCompleted=true}
2026-02-13T12:07:23.444-05:00  INFO 1320 --- [uster-scheduler] c.d.compute.cluster.ClusterManager       : Job 56000079-4857-4fed-8b8c-7400271107cf completed: Job{id='56000079-4857-4fed-8b8c-7400271107cf', description='Test Job', stageCount=1, completedStages=0, currentStageIndex=0, isCompleted=true}
2026-02-13T12:07:23.444-05:00  INFO 1320 --- [uster-scheduler] c.d.compute.cluster.ClusterManager       : Job 655e8811-95f1-4708-8c37-d99589d9ae62 completed: Job{id='655e8811-95f1-4708-8c37-d99589d9ae62', description='Test Job', stageCount=1, completedStages=0, currentStageIndex=0, isCompleted=true}
2026-02-13T12:07:23.444-05:00  INFO 1320 --- [uster-scheduler] c.d.compute.cluster.ClusterManager       : Job 2ab07162-6895-4591-9d86-ab5a2c43e621 completed: Job{id='2ab07162-6895-4591-9d86-ab5a2c43e621', description='Multi-Stage Job', stageCount=2, completedStages=1, currentStageIndex=1, isCompleted=true}
2026-02-13T12:07:23.444-05:00  INFO 1320 --- [uster-scheduler] c.d.compute.cluster.ClusterManager       : Job ef76bf2f-2c2f-41b6-a36b-f942fe5bc1e9 completed: Job{id='ef76bf2f-2c2f-41b6-a36b-f942fe5bc1e9', description='Test Job', stageCount=1, completedStages=0, currentStageIndex=0, isCompleted=true}
2026-02-13T12:07:23.444-05:00  INFO 1320 --- [uster-scheduler] c.d.compute.cluster.ClusterManager       : Job 33e89458-95cf-4994-bbf4-d9ea443095b6 completed: Job{id='33e89458-95cf-4994-bbf4-d9ea443095b6', description='Test Job', stageCount=1, completedStages=0, currentStageIndex=0, isCompleted=true}
2026-02-13T12:07:23.507-05:00  INFO 1320 --- [   job-executor] c.d.compute.cluster.ClusterManager       : Job ef76bf2f-2c2f-41b6-a36b-f942fe5bc1e9 completed successfully
2026-02-13T12:07:23.630-05:00  INFO 1320 --- [uster-scheduler] c.d.compute.cluster.ClusterManager       : Job c00377cc-060f-4782-9203-074b0bca2200 completed: Job{id='c00377cc-060f-4782-9203-074b0bca2200', description='Test Job', stageCount=1, completedStages=0, currentStageIndex=0, isCompleted=true}
2026-02-13T12:07:23.630-05:00  INFO 1320 --- [uster-scheduler] c.d.compute.cluster.ClusterManager       : Job 56000079-4857-4fed-8b8c-7400271107cf completed: Job{id='56000079-4857-4fed-8b8c-7400271107cf', description='Test Job', stageCount=1, completedStages=0, currentStageIndex=0, isCompleted=true}
2026-02-13T12:07:23.630-05:00  INFO 1320 --- [uster-scheduler] c.d.compute.cluster.ClusterManager       : Job 655e8811-95f1-4708-8c37-d99589d9ae62 completed: Job{id='655e8811-95f1-4708-8c37-d99589d9ae62', description='Test Job', stageCount=1, completedStages=0, currentStageIndex=0, isCompleted=true}
2026-02-13T12:07:23.630-05:00  INFO 1320 --- [uster-scheduler] c.d.compute.cluster.ClusterManager       : Job 2ab07162-6895-4591-9d86-ab5a2c43e621 completed: Job{id='2ab07162-6895-4591-9d86-ab5a2c43e621', description='Multi-Stage Job', stageCount=2, completedStages=1, currentStageIndex=1, isCompleted=true}
2026-02-13T12:07:23.630-05:00  INFO 1320 --- [uster-scheduler] c.d.compute.cluster.ClusterManager       : Job ef76bf2f-2c2f-41b6-a36b-f942fe5bc1e9 completed: Job{id='ef76bf2f-2c2f-41b6-a36b-f942fe5bc1e9', description='Test Job', stageCount=1, completedStages=0, currentStageIndex=0, isCompleted=true}
2026-02-13T12:07:23.630-05:00  INFO 1320 --- [uster-scheduler] c.d.compute.cluster.ClusterManager       : Job 33e89458-95cf-4994-bbf4-d9ea443095b6 completed: Job{id='33e89458-95cf-4994-bbf4-d9ea443095b6', description='Test Job', stageCount=1, completedStages=0, currentStageIndex=0, isCompleted=true}
2026-02-13T12:07:23.802-05:00  INFO 1320 --- [           main] c.d.compute.cluster.ClusterManager       : Removed worker node: worker-1
2026-02-13T12:07:23.802-05:00  INFO 1320 --- [           main] c.d.compute.cluster.WorkerNode           : Shutting down worker node worker-1
2026-02-13T12:07:23.802-05:00  INFO 1320 --- [           main] c.d.compute.cluster.WorkerNode           : Worker node worker-1 shut down gracefully
2026-02-13T12:07:23.802-05:00  INFO 1320 --- [           main] c.d.compute.cluster.WorkerNode           : Shutting down worker node worker-1 immediately
2026-02-13T12:07:23.802-05:00  INFO 1320 --- [           main] c.d.compute.cluster.ClusterManager       : Removed worker node: worker-2
2026-02-13T12:07:23.802-05:00  INFO 1320 --- [           main] c.d.compute.cluster.WorkerNode           : Shutting down worker node worker-2
2026-02-13T12:07:23.802-05:00  INFO 1320 --- [           main] c.d.compute.cluster.WorkerNode           : Worker node worker-2 shut down gracefully
2026-02-13T12:07:23.802-05:00  INFO 1320 --- [           main] c.d.compute.cluster.WorkerNode           : Shutting down worker node worker-2 immediately
2026-02-13T12:07:23.832-05:00  INFO 1320 --- [uster-scheduler] c.d.compute.cluster.ClusterManager       : Job c00377cc-060f-4782-9203-074b0bca2200 completed: Job{id='c00377cc-060f-4782-9203-074b0bca2200', description='Test Job', stageCount=1, completedStages=0, currentStageIndex=0, isCompleted=true}
2026-02-13T12:07:23.832-05:00  INFO 1320 --- [uster-scheduler] c.d.compute.cluster.ClusterManager       : Job 56000079-4857-4fed-8b8c-7400271107cf completed: Job{id='56000079-4857-4fed-8b8c-7400271107cf', description='Test Job', stageCount=1, completedStages=0, currentStageIndex=0, isCompleted=true}
2026-02-13T12:07:23.832-05:00  INFO 1320 --- [uster-scheduler] c.d.compute.cluster.ClusterManager       : Job 655e8811-95f1-4708-8c37-d99589d9ae62 completed: Job{id='655e8811-95f1-4708-8c37-d99589d9ae62', description='Test Job', stageCount=1, completedStages=0, currentStageIndex=0, isCompleted=true}
2026-02-13T12:07:23.832-05:00  INFO 1320 --- [uster-scheduler] c.d.compute.cluster.ClusterManager       : Job 2ab07162-6895-4591-9d86-ab5a2c43e621 completed: Job{id='2ab07162-6895-4591-9d86-ab5a2c43e621', description='Multi-Stage Job', stageCount=2, completedStages=1, currentStageIndex=1, isCompleted=true}
2026-02-13T12:07:23.832-05:00  INFO 1320 --- [uster-scheduler] c.d.compute.cluster.ClusterManager       : Job ef76bf2f-2c2f-41b6-a36b-f942fe5bc1e9 completed: Job{id='ef76bf2f-2c2f-41b6-a36b-f942fe5bc1e9', description='Test Job', stageCount=1, completedStages=0, currentStageIndex=0, isCompleted=true}
2026-02-13T12:07:23.832-05:00  INFO 1320 --- [uster-scheduler] c.d.compute.cluster.ClusterManager       : Job 33e89458-95cf-4994-bbf4-d9ea443095b6 completed: Job{id='33e89458-95cf-4994-bbf4-d9ea443095b6', description='Test Job', stageCount=1, completedStages=0, currentStageIndex=0, isCompleted=true}
]]></system-out>
  </testcase>
  <testcase name="testGetTotalJobsSubmitted" classname="com.distributed.compute.cluster.ClusterManagerTest" time="0.108">
    <system-out><![CDATA[2026-02-13T12:07:23.912-05:00  INFO 1320 --- [           main] c.d.compute.cluster.WorkerNode           : WorkerNode created: worker-1 with 2 slots
2026-02-13T12:07:23.912-05:00  INFO 1320 --- [           main] c.d.compute.cluster.WorkerNode           : WorkerNode created: worker-2 with 2 slots
2026-02-13T12:07:23.912-05:00  INFO 1320 --- [           main] c.d.compute.cluster.ClusterManager       : Registered worker node: worker-1
2026-02-13T12:07:23.912-05:00  INFO 1320 --- [           main] c.d.compute.cluster.ClusterManager       : Registered worker node: worker-2
2026-02-13T12:07:23.912-05:00  INFO 1320 --- [           main] c.d.compute.cluster.ClusterManager       : Submitted job: 3b3b6ed6-8da5-40db-974d-1ab670a32ce2 with 1 stages
2026-02-13T12:07:23.912-05:00  INFO 1320 --- [           main] c.d.compute.cluster.ClusterManager       : Submitted job: 7e4b5796-1ce6-4a57-b95b-dfa65ec4ec6f with 1 stages
2026-02-13T12:07:23.912-05:00  INFO 1320 --- [   job-executor] c.d.compute.cluster.ClusterManager       : Starting execution of job: 3b3b6ed6-8da5-40db-974d-1ab670a32ce2
2026-02-13T12:07:23.912-05:00  INFO 1320 --- [   job-executor] c.d.compute.cluster.ClusterManager       : Starting execution of job: 7e4b5796-1ce6-4a57-b95b-dfa65ec4ec6f
2026-02-13T12:07:23.912-05:00  INFO 1320 --- [   job-executor] c.d.compute.cluster.ClusterManager       : Starting stage b9c8d511-590a-4a5a-b611-a952b0694ea3 of job 3b3b6ed6-8da5-40db-974d-1ab670a32ce2
2026-02-13T12:07:23.912-05:00  INFO 1320 --- [   job-executor] c.d.compute.cluster.ClusterManager       : Starting stage 60244f1f-7be6-4909-86c8-2e0028d40a46 of job 7e4b5796-1ce6-4a57-b95b-dfa65ec4ec6f
2026-02-13T12:07:23.912-05:00  INFO 1320 --- [           main] c.d.compute.cluster.ClusterManager       : Removed worker node: worker-1
2026-02-13T12:07:23.912-05:00  INFO 1320 --- [           main] c.d.compute.cluster.WorkerNode           : Shutting down worker node worker-1
2026-02-13T12:07:23.912-05:00  INFO 1320 --- [           main] c.d.compute.cluster.WorkerNode           : Worker node worker-1 shut down gracefully
2026-02-13T12:07:23.912-05:00  INFO 1320 --- [           main] c.d.compute.cluster.WorkerNode           : Shutting down worker node worker-1 immediately
2026-02-13T12:07:23.912-05:00  INFO 1320 --- [           main] c.d.compute.cluster.ClusterManager       : Removed worker node: worker-2
2026-02-13T12:07:23.912-05:00  INFO 1320 --- [           main] c.d.compute.cluster.WorkerNode           : Shutting down worker node worker-2
2026-02-13T12:07:23.912-05:00  INFO 1320 --- [           main] c.d.compute.cluster.WorkerNode           : Worker node worker-2 shut down gracefully
2026-02-13T12:07:23.912-05:00  INFO 1320 --- [           main] c.d.compute.cluster.WorkerNode           : Shutting down worker node worker-2 immediately
]]></system-out>
  </testcase>
  <testcase name="testGetJob" classname="com.distributed.compute.cluster.ClusterManagerTest" time="0.107">
    <system-out><![CDATA[2026-02-13T12:07:24.020-05:00  INFO 1320 --- [           main] c.d.compute.cluster.WorkerNode           : WorkerNode created: worker-1 with 2 slots
2026-02-13T12:07:24.020-05:00  INFO 1320 --- [           main] c.d.compute.cluster.WorkerNode           : WorkerNode created: worker-2 with 2 slots
2026-02-13T12:07:24.020-05:00  INFO 1320 --- [           main] c.d.compute.cluster.ClusterManager       : Registered worker node: worker-1
2026-02-13T12:07:24.021-05:00  INFO 1320 --- [           main] c.d.compute.cluster.ClusterManager       : Registered worker node: worker-2
2026-02-13T12:07:24.021-05:00  INFO 1320 --- [           main] c.d.compute.cluster.ClusterManager       : Submitted job: 4e33eedc-c67a-4c2f-830b-f7ce160d1416 with 1 stages
2026-02-13T12:07:24.021-05:00  INFO 1320 --- [   job-executor] c.d.compute.cluster.ClusterManager       : Starting execution of job: 4e33eedc-c67a-4c2f-830b-f7ce160d1416
2026-02-13T12:07:24.021-05:00  INFO 1320 --- [           main] c.d.compute.cluster.ClusterManager       : Removed worker node: worker-1
2026-02-13T12:07:24.021-05:00  INFO 1320 --- [   job-executor] c.d.compute.cluster.ClusterManager       : Starting stage ad3091d5-51e6-4b9c-a5b5-6ea7ccf0c56e of job 4e33eedc-c67a-4c2f-830b-f7ce160d1416
2026-02-13T12:07:24.021-05:00  INFO 1320 --- [           main] c.d.compute.cluster.WorkerNode           : Shutting down worker node worker-1
2026-02-13T12:07:24.021-05:00  INFO 1320 --- [           main] c.d.compute.cluster.WorkerNode           : Worker node worker-1 shut down gracefully
2026-02-13T12:07:24.021-05:00  INFO 1320 --- [           main] c.d.compute.cluster.WorkerNode           : Shutting down worker node worker-1 immediately
2026-02-13T12:07:24.021-05:00  INFO 1320 --- [           main] c.d.compute.cluster.ClusterManager       : Removed worker node: worker-2
2026-02-13T12:07:24.021-05:00  INFO 1320 --- [           main] c.d.compute.cluster.WorkerNode           : Shutting down worker node worker-2
2026-02-13T12:07:24.021-05:00  INFO 1320 --- [           main] c.d.compute.cluster.WorkerNode           : Worker node worker-2 shut down gracefully
2026-02-13T12:07:24.021-05:00  INFO 1320 --- [           main] c.d.compute.cluster.WorkerNode           : Shutting down worker node worker-2 immediately
2026-02-13T12:07:24.035-05:00  INFO 1320 --- [uster-scheduler] c.d.compute.cluster.ClusterManager       : Job c00377cc-060f-4782-9203-074b0bca2200 completed: Job{id='c00377cc-060f-4782-9203-074b0bca2200', description='Test Job', stageCount=1, completedStages=0, currentStageIndex=0, isCompleted=true}
2026-02-13T12:07:24.035-05:00  INFO 1320 --- [uster-scheduler] c.d.compute.cluster.ClusterManager       : Job 56000079-4857-4fed-8b8c-7400271107cf completed: Job{id='56000079-4857-4fed-8b8c-7400271107cf', description='Test Job', stageCount=1, completedStages=0, currentStageIndex=0, isCompleted=true}
2026-02-13T12:07:24.035-05:00  INFO 1320 --- [uster-scheduler] c.d.compute.cluster.ClusterManager       : Job 655e8811-95f1-4708-8c37-d99589d9ae62 completed: Job{id='655e8811-95f1-4708-8c37-d99589d9ae62', description='Test Job', stageCount=1, completedStages=0, currentStageIndex=0, isCompleted=true}
2026-02-13T12:07:24.035-05:00  INFO 1320 --- [uster-scheduler] c.d.compute.cluster.ClusterManager       : Job 2ab07162-6895-4591-9d86-ab5a2c43e621 completed: Job{id='2ab07162-6895-4591-9d86-ab5a2c43e621', description='Multi-Stage Job', stageCount=2, completedStages=1, currentStageIndex=1, isCompleted=true}
2026-02-13T12:07:24.035-05:00  INFO 1320 --- [uster-scheduler] c.d.compute.cluster.ClusterManager       : Job ef76bf2f-2c2f-41b6-a36b-f942fe5bc1e9 completed: Job{id='ef76bf2f-2c2f-41b6-a36b-f942fe5bc1e9', description='Test Job', stageCount=1, completedStages=0, currentStageIndex=0, isCompleted=true}
2026-02-13T12:07:24.035-05:00  INFO 1320 --- [uster-scheduler] c.d.compute.cluster.ClusterManager       : Job 33e89458-95cf-4994-bbf4-d9ea443095b6 completed: Job{id='33e89458-95cf-4994-bbf4-d9ea443095b6', description='Test Job', stageCount=1, completedStages=0, currentStageIndex=0, isCompleted=true}
]]></system-out>
  </testcase>
  <testcase name="testSubmitDuplicateJob" classname="com.distributed.compute.cluster.ClusterManagerTest" time="0.106">
    <system-out><![CDATA[2026-02-13T12:07:24.129-05:00  INFO 1320 --- [           main] c.d.compute.cluster.WorkerNode           : WorkerNode created: worker-1 with 2 slots
2026-02-13T12:07:24.129-05:00  INFO 1320 --- [           main] c.d.compute.cluster.WorkerNode           : WorkerNode created: worker-2 with 2 slots
2026-02-13T12:07:24.129-05:00  INFO 1320 --- [           main] c.d.compute.cluster.ClusterManager       : Registered worker node: worker-1
2026-02-13T12:07:24.129-05:00  INFO 1320 --- [           main] c.d.compute.cluster.ClusterManager       : Registered worker node: worker-2
2026-02-13T12:07:24.130-05:00  INFO 1320 --- [           main] c.d.compute.cluster.ClusterManager       : Submitted job: 0422ba38-0648-4890-b07b-b294b7d7e53b with 1 stages
2026-02-13T12:07:24.130-05:00  WARN 1320 --- [           main] c.d.compute.cluster.ClusterManager       : Job 0422ba38-0648-4890-b07b-b294b7d7e53b already submitted
2026-02-13T12:07:24.130-05:00  INFO 1320 --- [   job-executor] c.d.compute.cluster.ClusterManager       : Starting execution of job: 0422ba38-0648-4890-b07b-b294b7d7e53b
2026-02-13T12:07:24.130-05:00  INFO 1320 --- [   job-executor] c.d.compute.cluster.ClusterManager       : Starting stage 935cbc78-6b1a-4978-bc23-d7929be51e7d of job 0422ba38-0648-4890-b07b-b294b7d7e53b
2026-02-13T12:07:24.130-05:00  INFO 1320 --- [           main] c.d.compute.cluster.ClusterManager       : Removed worker node: worker-1
2026-02-13T12:07:24.130-05:00  INFO 1320 --- [           main] c.d.compute.cluster.WorkerNode           : Shutting down worker node worker-1
2026-02-13T12:07:24.130-05:00  INFO 1320 --- [           main] c.d.compute.cluster.WorkerNode           : Worker node worker-1 shut down gracefully
2026-02-13T12:07:24.130-05:00  INFO 1320 --- [           main] c.d.compute.cluster.WorkerNode           : Shutting down worker node worker-1 immediately
2026-02-13T12:07:24.130-05:00  INFO 1320 --- [           main] c.d.compute.cluster.ClusterManager       : Removed worker node: worker-2
2026-02-13T12:07:24.130-05:00  INFO 1320 --- [           main] c.d.compute.cluster.WorkerNode           : Shutting down worker node worker-2
2026-02-13T12:07:24.130-05:00  INFO 1320 --- [           main] c.d.compute.cluster.WorkerNode           : Worker node worker-2 shut down gracefully
2026-02-13T12:07:24.130-05:00  INFO 1320 --- [           main] c.d.compute.cluster.WorkerNode           : Shutting down worker node worker-2 immediately
2026-02-13T12:07:24.235-05:00  INFO 1320 --- [uster-scheduler] c.d.compute.cluster.ClusterManager       : Job c00377cc-060f-4782-9203-074b0bca2200 completed: Job{id='c00377cc-060f-4782-9203-074b0bca2200', description='Test Job', stageCount=1, completedStages=0, currentStageIndex=0, isCompleted=true}
2026-02-13T12:07:24.235-05:00  INFO 1320 --- [uster-scheduler] c.d.compute.cluster.ClusterManager       : Job 56000079-4857-4fed-8b8c-7400271107cf completed: Job{id='56000079-4857-4fed-8b8c-7400271107cf', description='Test Job', stageCount=1, completedStages=0, currentStageIndex=0, isCompleted=true}
2026-02-13T12:07:24.235-05:00  INFO 1320 --- [uster-scheduler] c.d.compute.cluster.ClusterManager       : Job 655e8811-95f1-4708-8c37-d99589d9ae62 completed: Job{id='655e8811-95f1-4708-8c37-d99589d9ae62', description='Test Job', stageCount=1, completedStages=0, currentStageIndex=0, isCompleted=true}
2026-02-13T12:07:24.235-05:00  INFO 1320 --- [uster-scheduler] c.d.compute.cluster.ClusterManager       : Job 2ab07162-6895-4591-9d86-ab5a2c43e621 completed: Job{id='2ab07162-6895-4591-9d86-ab5a2c43e621', description='Multi-Stage Job', stageCount=2, completedStages=1, currentStageIndex=1, isCompleted=true}
2026-02-13T12:07:24.235-05:00  INFO 1320 --- [uster-scheduler] c.d.compute.cluster.ClusterManager       : Job ef76bf2f-2c2f-41b6-a36b-f942fe5bc1e9 completed: Job{id='ef76bf2f-2c2f-41b6-a36b-f942fe5bc1e9', description='Test Job', stageCount=1, completedStages=0, currentStageIndex=0, isCompleted=true}
2026-02-13T12:07:24.235-05:00  INFO 1320 --- [uster-scheduler] c.d.compute.cluster.ClusterManager       : Job 33e89458-95cf-4994-bbf4-d9ea443095b6 completed: Job{id='33e89458-95cf-4994-bbf4-d9ea443095b6', description='Test Job', stageCount=1, completedStages=0, currentStageIndex=0, isCompleted=true}
]]></system-out>
  </testcase>
  <testcase name="testGetWorker" classname="com.distributed.compute.cluster.ClusterManagerTest" time="0.108">
    <system-out><![CDATA[2026-02-13T12:07:24.237-05:00  INFO 1320 --- [           main] c.d.compute.cluster.WorkerNode           : WorkerNode created: worker-1 with 2 slots
2026-02-13T12:07:24.237-05:00  INFO 1320 --- [           main] c.d.compute.cluster.WorkerNode           : WorkerNode created: worker-2 with 2 slots
2026-02-13T12:07:24.237-05:00  INFO 1320 --- [           main] c.d.compute.cluster.ClusterManager       : Registered worker node: worker-1
2026-02-13T12:07:24.237-05:00  INFO 1320 --- [           main] c.d.compute.cluster.ClusterManager       : Registered worker node: worker-2
2026-02-13T12:07:24.238-05:00  INFO 1320 --- [           main] c.d.compute.cluster.ClusterManager       : Removed worker node: worker-1
2026-02-13T12:07:24.238-05:00  INFO 1320 --- [           main] c.d.compute.cluster.WorkerNode           : Shutting down worker node worker-1
2026-02-13T12:07:24.238-05:00  INFO 1320 --- [           main] c.d.compute.cluster.WorkerNode           : Worker node worker-1 shut down gracefully
2026-02-13T12:07:24.238-05:00  INFO 1320 --- [           main] c.d.compute.cluster.WorkerNode           : Shutting down worker node worker-1 immediately
2026-02-13T12:07:24.238-05:00  INFO 1320 --- [           main] c.d.compute.cluster.ClusterManager       : Removed worker node: worker-2
2026-02-13T12:07:24.238-05:00  INFO 1320 --- [           main] c.d.compute.cluster.WorkerNode           : Shutting down worker node worker-2
2026-02-13T12:07:24.238-05:00  INFO 1320 --- [           main] c.d.compute.cluster.WorkerNode           : Worker node worker-2 shut down gracefully
2026-02-13T12:07:24.238-05:00  INFO 1320 --- [           main] c.d.compute.cluster.WorkerNode           : Shutting down worker node worker-2 immediately
]]></system-out>
  </testcase>
</testsuite>