<?xml version="1.0" encoding="UTF-8"?>
<testsuite xmlns:xsi="http://www.w3.org/2001/XMLSchema-instance" xsi:noNamespaceSchemaLocation="https://maven.apache.org/surefire/maven-surefire-plugin/xsd/surefire-test-report-3.0.xsd" version="3.0" name="com.distributed.compute.IntegrationTest" time="11.472" tests="4" errors="0" skipped="0" failures="0">
  <properties>
[...]
</properties>
  <testcase name="testLoadBalancing" classname="com.distributed.compute.IntegrationTest" time="2.115">
    <system-out><![CDATA[2026-02-13T12:45:40.882-05:00  INFO 21248 --- [           main] c.d.compute.cluster.WorkerNode           : WorkerNode created: worker-1 with 2 slots, unlimited MB memory
2026-02-13T12:45:40.882-05:00  INFO 21248 --- [           main] c.d.compute.cluster.WorkerNode           : WorkerNode created: worker-2 with 2 slots, unlimited MB memory
2026-02-13T12:45:40.882-05:00  INFO 21248 --- [           main] c.d.compute.cluster.WorkerNode           : WorkerNode created: worker-3 with 2 slots, unlimited MB memory
2026-02-13T12:45:40.882-05:00  INFO 21248 --- [           main] c.d.compute.cluster.ClusterManager       : Registered worker node: worker-1
2026-02-13T12:45:40.882-05:00  INFO 21248 --- [           main] c.d.compute.cluster.ClusterManager       : Registered worker node: worker-2
2026-02-13T12:45:40.882-05:00  INFO 21248 --- [           main] c.d.compute.cluster.ClusterManager       : Registered worker node: worker-3
2026-02-13T12:45:40.882-05:00  INFO 21248 --- [           main] c.d.compute.cluster.ClusterManager       : Submitted job: 219f4065-ad6f-4cd2-9cdf-1878ad8ac5cb with 1 stages
2026-02-13T12:45:40.882-05:00  INFO 21248 --- [   job-executor] c.d.compute.cluster.ClusterManager       : Starting execution of job: 219f4065-ad6f-4cd2-9cdf-1878ad8ac5cb
2026-02-13T12:45:40.882-05:00  INFO 21248 --- [   job-executor] c.d.compute.cluster.ClusterManager       : Starting stage 09e7ac6d-f1bb-42b4-8156-2c75894e261f of job 219f4065-ad6f-4cd2-9cdf-1878ad8ac5cb
2026-02-13T12:45:41.151-05:00  INFO 21248 --- [   job-executor] c.d.compute.cluster.ClusterManager       : Job 55dc00c3-35f4-4a87-b931-31d74ea2dda1 completed successfully
2026-02-13T12:45:41.151-05:00  INFO 21248 --- [   job-executor] c.d.compute.cluster.ClusterManager       : Job f6c5bedc-58f2-4c45-b1a9-d764e6600af2 completed successfully
2026-02-13T12:45:41.151-05:00  INFO 21248 --- [   job-executor] c.d.compute.cluster.ClusterManager       : Job bfce5088-49fb-4972-b401-14a230d683a5 completed successfully
2026-02-13T12:45:41.166-05:00  INFO 21248 --- [uster-scheduler] c.d.compute.cluster.ClusterManager       : Job 55dc00c3-35f4-4a87-b931-31d74ea2dda1 completed: Job{id='55dc00c3-35f4-4a87-b931-31d74ea2dda1', description='Test Job', stageCount=1, completedStages=0, currentStageIndex=0, isCompleted=true}
2026-02-13T12:45:41.166-05:00  INFO 21248 --- [uster-scheduler] c.d.compute.cluster.ClusterManager       : Job bfce5088-49fb-4972-b401-14a230d683a5 completed: Job{id='bfce5088-49fb-4972-b401-14a230d683a5', description='Test Job', stageCount=1, completedStages=0, currentStageIndex=0, isCompleted=true}
2026-02-13T12:45:41.166-05:00  INFO 21248 --- [uster-scheduler] c.d.compute.cluster.ClusterManager       : Job f6c5bedc-58f2-4c45-b1a9-d764e6600af2 completed: Job{id='f6c5bedc-58f2-4c45-b1a9-d764e6600af2', description='Test Job', stageCount=1, completedStages=0, currentStageIndex=0, isCompleted=true}
2026-02-13T12:45:41.536-05:00  INFO 21248 --- [   job-executor] c.d.compute.cluster.ClusterManager       : Job 219f4065-ad6f-4cd2-9cdf-1878ad8ac5cb completed successfully
2026-02-13T12:45:41.568-05:00  INFO 21248 --- [uster-scheduler] c.d.compute.cluster.ClusterManager       : Job 219f4065-ad6f-4cd2-9cdf-1878ad8ac5cb completed: Job{id='219f4065-ad6f-4cd2-9cdf-1878ad8ac5cb', description='Load Balancing Test', stageCount=1, completedStages=0, currentStageIndex=0, isCompleted=true}
2026-02-13T12:45:41.568-05:00  INFO 21248 --- [uster-scheduler] c.d.compute.cluster.ClusterManager       : Job fd41b10f-c467-4927-ae10-f9c234954fd1 completed: Job{id='fd41b10f-c467-4927-ae10-f9c234954fd1', description='Test Job', stageCount=1, completedStages=0, currentStageIndex=0, isCompleted=true}
2026-02-13T12:45:41.583-05:00  INFO 21248 --- [   job-executor] c.d.compute.cluster.ClusterManager       : Job fd41b10f-c467-4927-ae10-f9c234954fd1 completed successfully
2026-02-13T12:45:42.887-05:00  INFO 21248 --- [           main] c.d.compute.cluster.ClusterManager       : Removed worker node: worker-1
2026-02-13T12:45:42.887-05:00  INFO 21248 --- [           main] c.d.compute.cluster.WorkerNode           : Shutting down worker node worker-1
2026-02-13T12:45:42.887-05:00  INFO 21248 --- [           main] c.d.compute.cluster.WorkerNode           : Worker node worker-1 shut down gracefully
2026-02-13T12:45:42.887-05:00  INFO 21248 --- [           main] c.d.compute.cluster.WorkerNode           : Shutting down worker node worker-1 immediately
2026-02-13T12:45:42.887-05:00  INFO 21248 --- [           main] c.d.compute.cluster.ClusterManager       : Removed worker node: worker-2
2026-02-13T12:45:42.887-05:00  INFO 21248 --- [           main] c.d.compute.cluster.WorkerNode           : Shutting down worker node worker-2
2026-02-13T12:45:42.887-05:00  INFO 21248 --- [           main] c.d.compute.cluster.WorkerNode           : Worker node worker-2 shut down gracefully
2026-02-13T12:45:42.887-05:00  INFO 21248 --- [           main] c.d.compute.cluster.WorkerNode           : Shutting down worker node worker-2 immediately
2026-02-13T12:45:42.887-05:00  INFO 21248 --- [           main] c.d.compute.cluster.ClusterManager       : Removed worker node: worker-3
2026-02-13T12:45:42.887-05:00  INFO 21248 --- [           main] c.d.compute.cluster.WorkerNode           : Shutting down worker node worker-3
2026-02-13T12:45:42.887-05:00  INFO 21248 --- [           main] c.d.compute.cluster.WorkerNode           : Worker node worker-3 shut down gracefully
2026-02-13T12:45:42.887-05:00  INFO 21248 --- [           main] c.d.compute.cluster.WorkerNode           : Shutting down worker node worker-3 immediately
]]></system-out>
  </testcase>
  <testcase name="testClusterStats" classname="com.distributed.compute.IntegrationTest" time="1.115">
    <system-out><![CDATA[2026-02-13T12:45:42.998-05:00  INFO 21248 --- [           main] c.d.compute.cluster.WorkerNode           : WorkerNode created: worker-1 with 2 slots, unlimited MB memory
2026-02-13T12:45:42.998-05:00  INFO 21248 --- [           main] c.d.compute.cluster.WorkerNode           : WorkerNode created: worker-2 with 2 slots, unlimited MB memory
2026-02-13T12:45:42.998-05:00  INFO 21248 --- [           main] c.d.compute.cluster.WorkerNode           : WorkerNode created: worker-3 with 2 slots, unlimited MB memory
2026-02-13T12:45:42.998-05:00  INFO 21248 --- [           main] c.d.compute.cluster.ClusterManager       : Registered worker node: worker-1
2026-02-13T12:45:42.998-05:00  INFO 21248 --- [           main] c.d.compute.cluster.ClusterManager       : Registered worker node: worker-2
2026-02-13T12:45:42.998-05:00  INFO 21248 --- [           main] c.d.compute.cluster.ClusterManager       : Registered worker node: worker-3
2026-02-13T12:45:42.998-05:00  INFO 21248 --- [           main] c.d.compute.cluster.ClusterManager       : Submitted job: 4aa51ed1-28cc-484e-bbdd-269297053fd0 with 1 stages
2026-02-13T12:45:42.998-05:00  INFO 21248 --- [   job-executor] c.d.compute.cluster.ClusterManager       : Starting execution of job: 4aa51ed1-28cc-484e-bbdd-269297053fd0
2026-02-13T12:45:42.998-05:00  INFO 21248 --- [   job-executor] c.d.compute.cluster.ClusterManager       : Starting stage 08a3d465-f9b8-4ca1-b529-c09fa159585e of job 4aa51ed1-28cc-484e-bbdd-269297053fd0
2026-02-13T12:45:43.212-05:00  INFO 21248 --- [   job-executor] c.d.compute.cluster.ClusterManager       : Job 4aa51ed1-28cc-484e-bbdd-269297053fd0 completed successfully
2026-02-13T12:45:43.367-05:00  INFO 21248 --- [uster-scheduler] c.d.compute.cluster.ClusterManager       : Job 4aa51ed1-28cc-484e-bbdd-269297053fd0 completed: Job{id='4aa51ed1-28cc-484e-bbdd-269297053fd0', description='Stats Test Job', stageCount=1, completedStages=0, currentStageIndex=0, isCompleted=true}
2026-02-13T12:45:44.004-05:00  INFO 21248 --- [           main] c.d.compute.cluster.ClusterManager       : Removed worker node: worker-1
2026-02-13T12:45:44.004-05:00  INFO 21248 --- [           main] c.d.compute.cluster.WorkerNode           : Shutting down worker node worker-1
2026-02-13T12:45:44.004-05:00  INFO 21248 --- [           main] c.d.compute.cluster.WorkerNode           : Worker node worker-1 shut down gracefully
2026-02-13T12:45:44.004-05:00  INFO 21248 --- [           main] c.d.compute.cluster.WorkerNode           : Shutting down worker node worker-1 immediately
2026-02-13T12:45:44.004-05:00  INFO 21248 --- [           main] c.d.compute.cluster.ClusterManager       : Removed worker node: worker-2
2026-02-13T12:45:44.004-05:00  INFO 21248 --- [           main] c.d.compute.cluster.WorkerNode           : Shutting down worker node worker-2
2026-02-13T12:45:44.004-05:00  INFO 21248 --- [           main] c.d.compute.cluster.WorkerNode           : Worker node worker-2 shut down gracefully
2026-02-13T12:45:44.004-05:00  INFO 21248 --- [           main] c.d.compute.cluster.WorkerNode           : Shutting down worker node worker-2 immediately
2026-02-13T12:45:44.004-05:00  INFO 21248 --- [           main] c.d.compute.cluster.ClusterManager       : Removed worker node: worker-3
2026-02-13T12:45:44.004-05:00  INFO 21248 --- [           main] c.d.compute.cluster.WorkerNode           : Shutting down worker node worker-3
2026-02-13T12:45:44.004-05:00  INFO 21248 --- [           main] c.d.compute.cluster.WorkerNode           : Worker node worker-3 shut down gracefully
2026-02-13T12:45:44.004-05:00  INFO 21248 --- [           main] c.d.compute.cluster.WorkerNode           : Shutting down worker node worker-3 immediately
]]></system-out>
  </testcase>
  <testcase name="testFullJobExecution" classname="com.distributed.compute.IntegrationTest" time="5.118">
    <system-out><![CDATA[2026-02-13T12:45:44.114-05:00  INFO 21248 --- [           main] c.d.compute.cluster.WorkerNode           : WorkerNode created: worker-1 with 2 slots, unlimited MB memory
2026-02-13T12:45:44.114-05:00  INFO 21248 --- [           main] c.d.compute.cluster.WorkerNode           : WorkerNode created: worker-2 with 2 slots, unlimited MB memory
2026-02-13T12:45:44.114-05:00  INFO 21248 --- [           main] c.d.compute.cluster.WorkerNode           : WorkerNode created: worker-3 with 2 slots, unlimited MB memory
2026-02-13T12:45:44.114-05:00  INFO 21248 --- [           main] c.d.compute.cluster.ClusterManager       : Registered worker node: worker-1
2026-02-13T12:45:44.114-05:00  INFO 21248 --- [           main] c.d.compute.cluster.ClusterManager       : Registered worker node: worker-2
2026-02-13T12:45:44.114-05:00  INFO 21248 --- [           main] c.d.compute.cluster.ClusterManager       : Registered worker node: worker-3
2026-02-13T12:45:44.114-05:00  INFO 21248 --- [           main] c.d.compute.cluster.ClusterManager       : Submitted job: 2124d38f-6f77-4e57-ad1d-a9849ff0cab2 with 3 stages
2026-02-13T12:45:44.114-05:00  INFO 21248 --- [   job-executor] c.d.compute.cluster.ClusterManager       : Starting execution of job: 2124d38f-6f77-4e57-ad1d-a9849ff0cab2
2026-02-13T12:45:44.114-05:00  INFO 21248 --- [   job-executor] c.d.compute.cluster.ClusterManager       : Starting stage e77764f3-8749-4ce6-9a8f-fd50063b4482 of job 2124d38f-6f77-4e57-ad1d-a9849ff0cab2
2026-02-13T12:45:44.436-05:00  INFO 21248 --- [   job-executor] c.d.compute.cluster.ClusterManager       : Stage e77764f3-8749-4ce6-9a8f-fd50063b4482 completed, advancing to next stage
2026-02-13T12:45:44.436-05:00  INFO 21248 --- [   job-executor] c.d.compute.cluster.ClusterManager       : Starting stage 38a9c089-88a3-44d8-b61c-8068bd95e79b of job 2124d38f-6f77-4e57-ad1d-a9849ff0cab2
2026-02-13T12:45:44.760-05:00  INFO 21248 --- [   job-executor] c.d.compute.cluster.ClusterManager       : Stage 38a9c089-88a3-44d8-b61c-8068bd95e79b completed, advancing to next stage
2026-02-13T12:45:44.760-05:00  INFO 21248 --- [   job-executor] c.d.compute.cluster.ClusterManager       : Starting stage f0e9586d-0c1e-4f0c-bddd-5d09a46b6822 of job 2124d38f-6f77-4e57-ad1d-a9849ff0cab2
2026-02-13T12:45:45.084-05:00  INFO 21248 --- [   job-executor] c.d.compute.cluster.ClusterManager       : Job 2124d38f-6f77-4e57-ad1d-a9849ff0cab2 completed successfully
2026-02-13T12:45:45.161-05:00  INFO 21248 --- [uster-scheduler] c.d.compute.cluster.ClusterManager       : Job 2124d38f-6f77-4e57-ad1d-a9849ff0cab2 completed: Job{id='2124d38f-6f77-4e57-ad1d-a9849ff0cab2', description='Integration Test Job', stageCount=3, completedStages=2, currentStageIndex=2, isCompleted=true}
2026-02-13T12:45:49.122-05:00  INFO 21248 --- [           main] c.d.compute.cluster.ClusterManager       : Removed worker node: worker-1
2026-02-13T12:45:49.122-05:00  INFO 21248 --- [           main] c.d.compute.cluster.WorkerNode           : Shutting down worker node worker-1
2026-02-13T12:45:49.122-05:00  INFO 21248 --- [           main] c.d.compute.cluster.WorkerNode           : Worker node worker-1 shut down gracefully
2026-02-13T12:45:49.122-05:00  INFO 21248 --- [           main] c.d.compute.cluster.WorkerNode           : Shutting down worker node worker-1 immediately
2026-02-13T12:45:49.122-05:00  INFO 21248 --- [           main] c.d.compute.cluster.ClusterManager       : Removed worker node: worker-2
2026-02-13T12:45:49.122-05:00  INFO 21248 --- [           main] c.d.compute.cluster.WorkerNode           : Shutting down worker node worker-2
2026-02-13T12:45:49.122-05:00  INFO 21248 --- [           main] c.d.compute.cluster.WorkerNode           : Worker node worker-2 shut down gracefully
2026-02-13T12:45:49.122-05:00  INFO 21248 --- [           main] c.d.compute.cluster.WorkerNode           : Shutting down worker node worker-2 immediately
2026-02-13T12:45:49.122-05:00  INFO 21248 --- [           main] c.d.compute.cluster.ClusterManager       : Removed worker node: worker-3
2026-02-13T12:45:49.122-05:00  INFO 21248 --- [           main] c.d.compute.cluster.WorkerNode           : Shutting down worker node worker-3
2026-02-13T12:45:49.122-05:00  INFO 21248 --- [           main] c.d.compute.cluster.WorkerNode           : Worker node worker-3 shut down gracefully
2026-02-13T12:45:49.122-05:00  INFO 21248 --- [           main] c.d.compute.cluster.WorkerNode           : Shutting down worker node worker-3 immediately
]]></system-out>
  </testcase>
  <testcase name="testMultipleJobsConcurrent" classname="com.distributed.compute.IntegrationTest" time="3.112">
    <system-out><![CDATA[2026-02-13T12:45:49.232-05:00  INFO 21248 --- [           main] c.d.compute.cluster.WorkerNode           : WorkerNode created: worker-1 with 2 slots, unlimited MB memory
2026-02-13T12:45:49.232-05:00  INFO 21248 --- [           main] c.d.compute.cluster.WorkerNode           : WorkerNode created: worker-2 with 2 slots, unlimited MB memory
2026-02-13T12:45:49.232-05:00  INFO 21248 --- [           main] c.d.compute.cluster.WorkerNode           : WorkerNode created: worker-3 with 2 slots, unlimited MB memory
2026-02-13T12:45:49.232-05:00  INFO 21248 --- [           main] c.d.compute.cluster.ClusterManager       : Registered worker node: worker-1
2026-02-13T12:45:49.232-05:00  INFO 21248 --- [           main] c.d.compute.cluster.ClusterManager       : Registered worker node: worker-2
2026-02-13T12:45:49.232-05:00  INFO 21248 --- [           main] c.d.compute.cluster.ClusterManager       : Registered worker node: worker-3
2026-02-13T12:45:49.232-05:00  INFO 21248 --- [           main] c.d.compute.cluster.ClusterManager       : Submitted job: 74a26bb2-ea83-461f-836e-b3031965365c with 1 stages
2026-02-13T12:45:49.232-05:00  INFO 21248 --- [           main] c.d.compute.cluster.ClusterManager       : Submitted job: 26ba295c-f2e1-4725-a227-76031d64f4d4 with 1 stages
2026-02-13T12:45:49.232-05:00  INFO 21248 --- [           main] c.d.compute.cluster.ClusterManager       : Submitted job: 3437a73d-f13a-4dd9-914a-bb37930403e7 with 1 stages
2026-02-13T12:45:49.232-05:00  INFO 21248 --- [   job-executor] c.d.compute.cluster.ClusterManager       : Starting execution of job: 74a26bb2-ea83-461f-836e-b3031965365c
2026-02-13T12:45:49.232-05:00  INFO 21248 --- [   job-executor] c.d.compute.cluster.ClusterManager       : Starting execution of job: 26ba295c-f2e1-4725-a227-76031d64f4d4
2026-02-13T12:45:49.232-05:00  INFO 21248 --- [   job-executor] c.d.compute.cluster.ClusterManager       : Starting stage 8360363a-aaf7-4626-a37f-3b6421854568 of job 74a26bb2-ea83-461f-836e-b3031965365c
2026-02-13T12:45:49.232-05:00  INFO 21248 --- [   job-executor] c.d.compute.cluster.ClusterManager       : Starting stage 99652c14-71c6-4e42-bb6c-d9887558c229 of job 26ba295c-f2e1-4725-a227-76031d64f4d4
2026-02-13T12:45:49.232-05:00  INFO 21248 --- [   job-executor] c.d.compute.cluster.ClusterManager       : Starting execution of job: 3437a73d-f13a-4dd9-914a-bb37930403e7
2026-02-13T12:45:49.232-05:00  INFO 21248 --- [   job-executor] c.d.compute.cluster.ClusterManager       : Starting stage 02aacbfc-e97b-4b4a-aeb3-a758eac54355 of job 3437a73d-f13a-4dd9-914a-bb37930403e7
2026-02-13T12:45:49.448-05:00  INFO 21248 --- [   job-executor] c.d.compute.cluster.ClusterManager       : Job 26ba295c-f2e1-4725-a227-76031d64f4d4 completed successfully
2026-02-13T12:45:49.448-05:00  INFO 21248 --- [   job-executor] c.d.compute.cluster.ClusterManager       : Job 3437a73d-f13a-4dd9-914a-bb37930403e7 completed successfully
2026-02-13T12:45:49.448-05:00  INFO 21248 --- [   job-executor] c.d.compute.cluster.ClusterManager       : Job 74a26bb2-ea83-461f-836e-b3031965365c completed successfully
2026-02-13T12:45:49.557-05:00  INFO 21248 --- [uster-scheduler] c.d.compute.cluster.ClusterManager       : Job 26ba295c-f2e1-4725-a227-76031d64f4d4 completed: Job{id='26ba295c-f2e1-4725-a227-76031d64f4d4', description='Job 2', stageCount=1, completedStages=0, currentStageIndex=0, isCompleted=true}
2026-02-13T12:45:49.557-05:00  INFO 21248 --- [uster-scheduler] c.d.compute.cluster.ClusterManager       : Job 74a26bb2-ea83-461f-836e-b3031965365c completed: Job{id='74a26bb2-ea83-461f-836e-b3031965365c', description='Job 1', stageCount=1, completedStages=0, currentStageIndex=0, isCompleted=true}
2026-02-13T12:45:49.557-05:00  INFO 21248 --- [uster-scheduler] c.d.compute.cluster.ClusterManager       : Job 3437a73d-f13a-4dd9-914a-bb37930403e7 completed: Job{id='3437a73d-f13a-4dd9-914a-bb37930403e7', description='Job 3', stageCount=1, completedStages=0, currentStageIndex=0, isCompleted=true}
2026-02-13T12:45:52.235-05:00  INFO 21248 --- [           main] c.d.compute.cluster.ClusterManager       : Removed worker node: worker-1
2026-02-13T12:45:52.235-05:00  INFO 21248 --- [           main] c.d.compute.cluster.WorkerNode           : Shutting down worker node worker-1
2026-02-13T12:45:52.235-05:00  INFO 21248 --- [           main] c.d.compute.cluster.WorkerNode           : Worker node worker-1 shut down gracefully
2026-02-13T12:45:52.235-05:00  INFO 21248 --- [           main] c.d.compute.cluster.WorkerNode           : Shutting down worker node worker-1 immediately
2026-02-13T12:45:52.235-05:00  INFO 21248 --- [           main] c.d.compute.cluster.ClusterManager       : Removed worker node: worker-2
2026-02-13T12:45:52.235-05:00  INFO 21248 --- [           main] c.d.compute.cluster.WorkerNode           : Shutting down worker node worker-2
2026-02-13T12:45:52.235-05:00  INFO 21248 --- [           main] c.d.compute.cluster.WorkerNode           : Worker node worker-2 shut down gracefully
2026-02-13T12:45:52.235-05:00  INFO 21248 --- [           main] c.d.compute.cluster.WorkerNode           : Shutting down worker node worker-2 immediately
2026-02-13T12:45:52.235-05:00  INFO 21248 --- [           main] c.d.compute.cluster.ClusterManager       : Removed worker node: worker-3
2026-02-13T12:45:52.235-05:00  INFO 21248 --- [           main] c.d.compute.cluster.WorkerNode           : Shutting down worker node worker-3
2026-02-13T12:45:52.235-05:00  INFO 21248 --- [           main] c.d.compute.cluster.WorkerNode           : Worker node worker-3 shut down gracefully
2026-02-13T12:45:52.235-05:00  INFO 21248 --- [           main] c.d.compute.cluster.WorkerNode           : Shutting down worker node worker-3 immediately
]]></system-out>
  </testcase>
</testsuite>