<?xml version="1.0" encoding="UTF-8"?>
<testsuite xmlns:xsi="http://www.w3.org/2001/XMLSchema-instance" xsi:noNamespaceSchemaLocation="https://maven.apache.org/surefire/maven-surefire-plugin/xsd/surefire-test-report-3.0.xsd" version="3.0" name="com.distributed.compute.IntegrationTest" time="11.485" tests="4" errors="0" skipped="0" failures="0">
  <properties>
[...]
</properties>
  <testcase name="testLoadBalancing" classname="com.distributed.compute.IntegrationTest" time="2.119">
    <system-out><![CDATA[2026-02-13T12:07:25.817-05:00  INFO 1320 --- [           main] c.d.compute.cluster.WorkerNode           : WorkerNode created: worker-1 with 2 slots
2026-02-13T12:07:25.818-05:00  INFO 1320 --- [           main] c.d.compute.cluster.WorkerNode           : WorkerNode created: worker-2 with 2 slots
2026-02-13T12:07:25.818-05:00  INFO 1320 --- [           main] c.d.compute.cluster.WorkerNode           : WorkerNode created: worker-3 with 2 slots
2026-02-13T12:07:25.818-05:00  INFO 1320 --- [           main] c.d.compute.cluster.ClusterManager       : Registered worker node: worker-1
2026-02-13T12:07:25.818-05:00  INFO 1320 --- [           main] c.d.compute.cluster.ClusterManager       : Registered worker node: worker-2
2026-02-13T12:07:25.818-05:00  INFO 1320 --- [           main] c.d.compute.cluster.ClusterManager       : Registered worker node: worker-3
2026-02-13T12:07:25.818-05:00  INFO 1320 --- [           main] c.d.compute.cluster.ClusterManager       : Submitted job: fb5556ef-4115-4c0e-8f33-a86410fd0c21 with 1 stages
2026-02-13T12:07:25.818-05:00  INFO 1320 --- [   job-executor] c.d.compute.cluster.ClusterManager       : Starting execution of job: fb5556ef-4115-4c0e-8f33-a86410fd0c21
2026-02-13T12:07:25.818-05:00  INFO 1320 --- [   job-executor] c.d.compute.cluster.ClusterManager       : Starting stage 5a4aaced-f1d3-41cd-bf31-8622fcbf727d of job fb5556ef-4115-4c0e-8f33-a86410fd0c21
2026-02-13T12:07:25.834-05:00  INFO 1320 --- [uster-scheduler] c.d.compute.cluster.ClusterManager       : Job c00377cc-060f-4782-9203-074b0bca2200 completed: Job{id='c00377cc-060f-4782-9203-074b0bca2200', description='Test Job', stageCount=1, completedStages=0, currentStageIndex=0, isCompleted=true}
2026-02-13T12:07:25.834-05:00  INFO 1320 --- [uster-scheduler] c.d.compute.cluster.ClusterManager       : Job 56000079-4857-4fed-8b8c-7400271107cf completed: Job{id='56000079-4857-4fed-8b8c-7400271107cf', description='Test Job', stageCount=1, completedStages=0, currentStageIndex=0, isCompleted=true}
2026-02-13T12:07:25.834-05:00  INFO 1320 --- [uster-scheduler] c.d.compute.cluster.ClusterManager       : Job 655e8811-95f1-4708-8c37-d99589d9ae62 completed: Job{id='655e8811-95f1-4708-8c37-d99589d9ae62', description='Test Job', stageCount=1, completedStages=0, currentStageIndex=0, isCompleted=true}
2026-02-13T12:07:25.834-05:00  INFO 1320 --- [uster-scheduler] c.d.compute.cluster.ClusterManager       : Job 2ab07162-6895-4591-9d86-ab5a2c43e621 completed: Job{id='2ab07162-6895-4591-9d86-ab5a2c43e621', description='Multi-Stage Job', stageCount=2, completedStages=1, currentStageIndex=1, isCompleted=true}
2026-02-13T12:07:25.834-05:00  INFO 1320 --- [uster-scheduler] c.d.compute.cluster.ClusterManager       : Job ef76bf2f-2c2f-41b6-a36b-f942fe5bc1e9 completed: Job{id='ef76bf2f-2c2f-41b6-a36b-f942fe5bc1e9', description='Test Job', stageCount=1, completedStages=0, currentStageIndex=0, isCompleted=true}
2026-02-13T12:07:25.834-05:00  INFO 1320 --- [uster-scheduler] c.d.compute.cluster.ClusterManager       : Job 33e89458-95cf-4994-bbf4-d9ea443095b6 completed: Job{id='33e89458-95cf-4994-bbf4-d9ea443095b6', description='Test Job', stageCount=1, completedStages=0, currentStageIndex=0, isCompleted=true}
2026-02-13T12:07:25.974-05:00  INFO 1320 --- [   job-executor] c.d.compute.cluster.ClusterManager       : Job 7e4b5796-1ce6-4a57-b95b-dfa65ec4ec6f completed successfully
2026-02-13T12:07:25.974-05:00  INFO 1320 --- [   job-executor] c.d.compute.cluster.ClusterManager       : Job 4e33eedc-c67a-4c2f-830b-f7ce160d1416 completed successfully
2026-02-13T12:07:25.974-05:00  INFO 1320 --- [   job-executor] c.d.compute.cluster.ClusterManager       : Job 3b3b6ed6-8da5-40db-974d-1ab670a32ce2 completed successfully
2026-02-13T12:07:26.037-05:00  INFO 1320 --- [uster-scheduler] c.d.compute.cluster.ClusterManager       : Job 4e33eedc-c67a-4c2f-830b-f7ce160d1416 completed: Job{id='4e33eedc-c67a-4c2f-830b-f7ce160d1416', description='Test Job', stageCount=1, completedStages=0, currentStageIndex=0, isCompleted=true}
2026-02-13T12:07:26.037-05:00  INFO 1320 --- [uster-scheduler] c.d.compute.cluster.ClusterManager       : Job 7e4b5796-1ce6-4a57-b95b-dfa65ec4ec6f completed: Job{id='7e4b5796-1ce6-4a57-b95b-dfa65ec4ec6f', description='Test Job', stageCount=1, completedStages=0, currentStageIndex=0, isCompleted=true}
2026-02-13T12:07:26.037-05:00  INFO 1320 --- [uster-scheduler] c.d.compute.cluster.ClusterManager       : Job c00377cc-060f-4782-9203-074b0bca2200 completed: Job{id='c00377cc-060f-4782-9203-074b0bca2200', description='Test Job', stageCount=1, completedStages=0, currentStageIndex=0, isCompleted=true}
2026-02-13T12:07:26.037-05:00  INFO 1320 --- [uster-scheduler] c.d.compute.cluster.ClusterManager       : Job 56000079-4857-4fed-8b8c-7400271107cf completed: Job{id='56000079-4857-4fed-8b8c-7400271107cf', description='Test Job', stageCount=1, completedStages=0, currentStageIndex=0, isCompleted=true}
2026-02-13T12:07:26.037-05:00  INFO 1320 --- [uster-scheduler] c.d.compute.cluster.ClusterManager       : Job 655e8811-95f1-4708-8c37-d99589d9ae62 completed: Job{id='655e8811-95f1-4708-8c37-d99589d9ae62', description='Test Job', stageCount=1, completedStages=0, currentStageIndex=0, isCompleted=true}
2026-02-13T12:07:26.037-05:00  INFO 1320 --- [uster-scheduler] c.d.compute.cluster.ClusterManager       : Job 2ab07162-6895-4591-9d86-ab5a2c43e621 completed: Job{id='2ab07162-6895-4591-9d86-ab5a2c43e621', description='Multi-Stage Job', stageCount=2, completedStages=1, currentStageIndex=1, isCompleted=true}
2026-02-13T12:07:26.037-05:00  INFO 1320 --- [uster-scheduler] c.d.compute.cluster.ClusterManager       : Job ef76bf2f-2c2f-41b6-a36b-f942fe5bc1e9 completed: Job{id='ef76bf2f-2c2f-41b6-a36b-f942fe5bc1e9', description='Test Job', stageCount=1, completedStages=0, currentStageIndex=0, isCompleted=true}
2026-02-13T12:07:26.037-05:00  INFO 1320 --- [uster-scheduler] c.d.compute.cluster.ClusterManager       : Job 3b3b6ed6-8da5-40db-974d-1ab670a32ce2 completed: Job{id='3b3b6ed6-8da5-40db-974d-1ab670a32ce2', description='Test Job', stageCount=1, completedStages=0, currentStageIndex=0, isCompleted=true}
2026-02-13T12:07:26.037-05:00  INFO 1320 --- [uster-scheduler] c.d.compute.cluster.ClusterManager       : Job 33e89458-95cf-4994-bbf4-d9ea443095b6 completed: Job{id='33e89458-95cf-4994-bbf4-d9ea443095b6', description='Test Job', stageCount=1, completedStages=0, currentStageIndex=0, isCompleted=true}
2026-02-13T12:07:26.083-05:00  INFO 1320 --- [   job-executor] c.d.compute.cluster.ClusterManager       : Job 0422ba38-0648-4890-b07b-b294b7d7e53b completed successfully
2026-02-13T12:07:26.238-05:00  INFO 1320 --- [uster-scheduler] c.d.compute.cluster.ClusterManager       : Job 4e33eedc-c67a-4c2f-830b-f7ce160d1416 completed: Job{id='4e33eedc-c67a-4c2f-830b-f7ce160d1416', description='Test Job', stageCount=1, completedStages=0, currentStageIndex=0, isCompleted=true}
2026-02-13T12:07:26.238-05:00  INFO 1320 --- [uster-scheduler] c.d.compute.cluster.ClusterManager       : Job 7e4b5796-1ce6-4a57-b95b-dfa65ec4ec6f completed: Job{id='7e4b5796-1ce6-4a57-b95b-dfa65ec4ec6f', description='Test Job', stageCount=1, completedStages=0, currentStageIndex=0, isCompleted=true}
2026-02-13T12:07:26.238-05:00  INFO 1320 --- [uster-scheduler] c.d.compute.cluster.ClusterManager       : Job 0422ba38-0648-4890-b07b-b294b7d7e53b completed: Job{id='0422ba38-0648-4890-b07b-b294b7d7e53b', description='Test Job', stageCount=1, completedStages=0, currentStageIndex=0, isCompleted=true}
2026-02-13T12:07:26.238-05:00  INFO 1320 --- [uster-scheduler] c.d.compute.cluster.ClusterManager       : Job c00377cc-060f-4782-9203-074b0bca2200 completed: Job{id='c00377cc-060f-4782-9203-074b0bca2200', description='Test Job', stageCount=1, completedStages=0, currentStageIndex=0, isCompleted=true}
2026-02-13T12:07:26.238-05:00  INFO 1320 --- [uster-scheduler] c.d.compute.cluster.ClusterManager       : Job 56000079-4857-4fed-8b8c-7400271107cf completed: Job{id='56000079-4857-4fed-8b8c-7400271107cf', description='Test Job', stageCount=1, completedStages=0, currentStageIndex=0, isCompleted=true}
2026-02-13T12:07:26.238-05:00  INFO 1320 --- [uster-scheduler] c.d.compute.cluster.ClusterManager       : Job 655e8811-95f1-4708-8c37-d99589d9ae62 completed: Job{id='655e8811-95f1-4708-8c37-d99589d9ae62', description='Test Job', stageCount=1, completedStages=0, currentStageIndex=0, isCompleted=true}
2026-02-13T12:07:26.238-05:00  INFO 1320 --- [uster-scheduler] c.d.compute.cluster.ClusterManager       : Job fb5556ef-4115-4c0e-8f33-a86410fd0c21 completed: Job{id='fb5556ef-4115-4c0e-8f33-a86410fd0c21', description='Load Balancing Test', stageCount=1, completedStages=0, currentStageIndex=0, isCompleted=true}
2026-02-13T12:07:26.238-05:00  INFO 1320 --- [uster-scheduler] c.d.compute.cluster.ClusterManager       : Job 2ab07162-6895-4591-9d86-ab5a2c43e621 completed: Job{id='2ab07162-6895-4591-9d86-ab5a2c43e621', description='Multi-Stage Job', stageCount=2, completedStages=1, currentStageIndex=1, isCompleted=true}
2026-02-13T12:07:26.238-05:00  INFO 1320 --- [uster-scheduler] c.d.compute.cluster.ClusterManager       : Job ef76bf2f-2c2f-41b6-a36b-f942fe5bc1e9 completed: Job{id='ef76bf2f-2c2f-41b6-a36b-f942fe5bc1e9', description='Test Job', stageCount=1, completedStages=0, currentStageIndex=0, isCompleted=true}
2026-02-13T12:07:26.238-05:00  INFO 1320 --- [uster-scheduler] c.d.compute.cluster.ClusterManager       : Job 3b3b6ed6-8da5-40db-974d-1ab670a32ce2 completed: Job{id='3b3b6ed6-8da5-40db-974d-1ab670a32ce2', description='Test Job', stageCount=1, completedStages=0, currentStageIndex=0, isCompleted=true}
2026-02-13T12:07:26.238-05:00  INFO 1320 --- [uster-scheduler] c.d.compute.cluster.ClusterManager       : Job 33e89458-95cf-4994-bbf4-d9ea443095b6 completed: Job{id='33e89458-95cf-4994-bbf4-d9ea443095b6', description='Test Job', stageCount=1, completedStages=0, currentStageIndex=0, isCompleted=true}
2026-02-13T12:07:26.253-05:00  INFO 1320 --- [   job-executor] c.d.compute.cluster.ClusterManager       : Job fb5556ef-4115-4c0e-8f33-a86410fd0c21 completed successfully
2026-02-13T12:07:26.440-05:00  INFO 1320 --- [uster-scheduler] c.d.compute.cluster.ClusterManager       : Job 4e33eedc-c67a-4c2f-830b-f7ce160d1416 completed: Job{id='4e33eedc-c67a-4c2f-830b-f7ce160d1416', description='Test Job', stageCount=1, completedStages=0, currentStageIndex=0, isCompleted=true}
2026-02-13T12:07:26.440-05:00  INFO 1320 --- [uster-scheduler] c.d.compute.cluster.ClusterManager       : Job 7e4b5796-1ce6-4a57-b95b-dfa65ec4ec6f completed: Job{id='7e4b5796-1ce6-4a57-b95b-dfa65ec4ec6f', description='Test Job', stageCount=1, completedStages=0, currentStageIndex=0, isCompleted=true}
2026-02-13T12:07:26.440-05:00  INFO 1320 --- [uster-scheduler] c.d.compute.cluster.ClusterManager       : Job 0422ba38-0648-4890-b07b-b294b7d7e53b completed: Job{id='0422ba38-0648-4890-b07b-b294b7d7e53b', description='Test Job', stageCount=1, completedStages=0, currentStageIndex=0, isCompleted=true}
2026-02-13T12:07:26.440-05:00  INFO 1320 --- [uster-scheduler] c.d.compute.cluster.ClusterManager       : Job c00377cc-060f-4782-9203-074b0bca2200 completed: Job{id='c00377cc-060f-4782-9203-074b0bca2200', description='Test Job', stageCount=1, completedStages=0, currentStageIndex=0, isCompleted=true}
2026-02-13T12:07:26.440-05:00  INFO 1320 --- [uster-scheduler] c.d.compute.cluster.ClusterManager       : Job 56000079-4857-4fed-8b8c-7400271107cf completed: Job{id='56000079-4857-4fed-8b8c-7400271107cf', description='Test Job', stageCount=1, completedStages=0, currentStageIndex=0, isCompleted=true}
2026-02-13T12:07:26.440-05:00  INFO 1320 --- [uster-scheduler] c.d.compute.cluster.ClusterManager       : Job 655e8811-95f1-4708-8c37-d99589d9ae62 completed: Job{id='655e8811-95f1-4708-8c37-d99589d9ae62', description='Test Job', stageCount=1, completedStages=0, currentStageIndex=0, isCompleted=true}
2026-02-13T12:07:26.440-05:00  INFO 1320 --- [uster-scheduler] c.d.compute.cluster.ClusterManager       : Job fb5556ef-4115-4c0e-8f33-a86410fd0c21 completed: Job{id='fb5556ef-4115-4c0e-8f33-a86410fd0c21', description='Load Balancing Test', stageCount=1, completedStages=0, currentStageIndex=0, isCompleted=true}
2026-02-13T12:07:26.440-05:00  INFO 1320 --- [uster-scheduler] c.d.compute.cluster.ClusterManager       : Job 2ab07162-6895-4591-9d86-ab5a2c43e621 completed: Job{id='2ab07162-6895-4591-9d86-ab5a2c43e621', description='Multi-Stage Job', stageCount=2, completedStages=1, currentStageIndex=1, isCompleted=true}
2026-02-13T12:07:26.440-05:00  INFO 1320 --- [uster-scheduler] c.d.compute.cluster.ClusterManager       : Job ef76bf2f-2c2f-41b6-a36b-f942fe5bc1e9 completed: Job{id='ef76bf2f-2c2f-41b6-a36b-f942fe5bc1e9', description='Test Job', stageCount=1, completedStages=0, currentStageIndex=0, isCompleted=true}
2026-02-13T12:07:26.440-05:00  INFO 1320 --- [uster-scheduler] c.d.compute.cluster.ClusterManager       : Job 3b3b6ed6-8da5-40db-974d-1ab670a32ce2 completed: Job{id='3b3b6ed6-8da5-40db-974d-1ab670a32ce2', description='Test Job', stageCount=1, completedStages=0, currentStageIndex=0, isCompleted=true}
2026-02-13T12:07:26.440-05:00  INFO 1320 --- [uster-scheduler] c.d.compute.cluster.ClusterManager       : Job 33e89458-95cf-4994-bbf4-d9ea443095b6 completed: Job{id='33e89458-95cf-4994-bbf4-d9ea443095b6', description='Test Job', stageCount=1, completedStages=0, currentStageIndex=0, isCompleted=true}
2026-02-13T12:07:26.644-05:00  INFO 1320 --- [uster-scheduler] c.d.compute.cluster.ClusterManager       : Job 4e33eedc-c67a-4c2f-830b-f7ce160d1416 completed: Job{id='4e33eedc-c67a-4c2f-830b-f7ce160d1416', description='Test Job', stageCount=1, completedStages=0, currentStageIndex=0, isCompleted=true}
2026-02-13T12:07:26.644-05:00  INFO 1320 --- [uster-scheduler] c.d.compute.cluster.ClusterManager       : Job 7e4b5796-1ce6-4a57-b95b-dfa65ec4ec6f completed: Job{id='7e4b5796-1ce6-4a57-b95b-dfa65ec4ec6f', description='Test Job', stageCount=1, completedStages=0, currentStageIndex=0, isCompleted=true}
2026-02-13T12:07:26.644-05:00  INFO 1320 --- [uster-scheduler] c.d.compute.cluster.ClusterManager       : Job 0422ba38-0648-4890-b07b-b294b7d7e53b completed: Job{id='0422ba38-0648-4890-b07b-b294b7d7e53b', description='Test Job', stageCount=1, completedStages=0, currentStageIndex=0, isCompleted=true}
2026-02-13T12:07:26.644-05:00  INFO 1320 --- [uster-scheduler] c.d.compute.cluster.ClusterManager       : Job c00377cc-060f-4782-9203-074b0bca2200 completed: Job{id='c00377cc-060f-4782-9203-074b0bca2200', description='Test Job', stageCount=1, completedStages=0, currentStageIndex=0, isCompleted=true}
2026-02-13T12:07:26.644-05:00  INFO 1320 --- [uster-scheduler] c.d.compute.cluster.ClusterManager       : Job 56000079-4857-4fed-8b8c-7400271107cf completed: Job{id='56000079-4857-4fed-8b8c-7400271107cf', description='Test Job', stageCount=1, completedStages=0, currentStageIndex=0, isCompleted=true}
2026-02-13T12:07:26.644-05:00  INFO 1320 --- [uster-scheduler] c.d.compute.cluster.ClusterManager       : Job 655e8811-95f1-4708-8c37-d99589d9ae62 completed: Job{id='655e8811-95f1-4708-8c37-d99589d9ae62', description='Test Job', stageCount=1, completedStages=0, currentStageIndex=0, isCompleted=true}
2026-02-13T12:07:26.644-05:00  INFO 1320 --- [uster-scheduler] c.d.compute.cluster.ClusterManager       : Job fb5556ef-4115-4c0e-8f33-a86410fd0c21 completed: Job{id='fb5556ef-4115-4c0e-8f33-a86410fd0c21', description='Load Balancing Test', stageCount=1, completedStages=0, currentStageIndex=0, isCompleted=true}
2026-02-13T12:07:26.644-05:00  INFO 1320 --- [uster-scheduler] c.d.compute.cluster.ClusterManager       : Job 2ab07162-6895-4591-9d86-ab5a2c43e621 completed: Job{id='2ab07162-6895-4591-9d86-ab5a2c43e621', description='Multi-Stage Job', stageCount=2, completedStages=1, currentStageIndex=1, isCompleted=true}
2026-02-13T12:07:26.644-05:00  INFO 1320 --- [uster-scheduler] c.d.compute.cluster.ClusterManager       : Job ef76bf2f-2c2f-41b6-a36b-f942fe5bc1e9 completed: Job{id='ef76bf2f-2c2f-41b6-a36b-f942fe5bc1e9', description='Test Job', stageCount=1, completedStages=0, currentStageIndex=0, isCompleted=true}
2026-02-13T12:07:26.644-05:00  INFO 1320 --- [uster-scheduler] c.d.compute.cluster.ClusterManager       : Job 3b3b6ed6-8da5-40db-974d-1ab670a32ce2 completed: Job{id='3b3b6ed6-8da5-40db-974d-1ab670a32ce2', description='Test Job', stageCount=1, completedStages=0, currentStageIndex=0, isCompleted=true}
2026-02-13T12:07:26.644-05:00  INFO 1320 --- [uster-scheduler] c.d.compute.cluster.ClusterManager       : Job 33e89458-95cf-4994-bbf4-d9ea443095b6 completed: Job{id='33e89458-95cf-4994-bbf4-d9ea443095b6', description='Test Job', stageCount=1, completedStages=0, currentStageIndex=0, isCompleted=true}
2026-02-13T12:07:26.830-05:00  INFO 1320 --- [uster-scheduler] c.d.compute.cluster.ClusterManager       : Job 4e33eedc-c67a-4c2f-830b-f7ce160d1416 completed: Job{id='4e33eedc-c67a-4c2f-830b-f7ce160d1416', description='Test Job', stageCount=1, completedStages=0, currentStageIndex=0, isCompleted=true}
2026-02-13T12:07:26.830-05:00  INFO 1320 --- [uster-scheduler] c.d.compute.cluster.ClusterManager       : Job 7e4b5796-1ce6-4a57-b95b-dfa65ec4ec6f completed: Job{id='7e4b5796-1ce6-4a57-b95b-dfa65ec4ec6f', description='Test Job', stageCount=1, completedStages=0, currentStageIndex=0, isCompleted=true}
2026-02-13T12:07:26.830-05:00  INFO 1320 --- [uster-scheduler] c.d.compute.cluster.ClusterManager       : Job 0422ba38-0648-4890-b07b-b294b7d7e53b completed: Job{id='0422ba38-0648-4890-b07b-b294b7d7e53b', description='Test Job', stageCount=1, completedStages=0, currentStageIndex=0, isCompleted=true}
2026-02-13T12:07:26.830-05:00  INFO 1320 --- [uster-scheduler] c.d.compute.cluster.ClusterManager       : Job c00377cc-060f-4782-9203-074b0bca2200 completed: Job{id='c00377cc-060f-4782-9203-074b0bca2200', description='Test Job', stageCount=1, completedStages=0, currentStageIndex=0, isCompleted=true}
2026-02-13T12:07:26.830-05:00  INFO 1320 --- [uster-scheduler] c.d.compute.cluster.ClusterManager       : Job 56000079-4857-4fed-8b8c-7400271107cf completed: Job{id='56000079-4857-4fed-8b8c-7400271107cf', description='Test Job', stageCount=1, completedStages=0, currentStageIndex=0, isCompleted=true}
2026-02-13T12:07:26.830-05:00  INFO 1320 --- [uster-scheduler] c.d.compute.cluster.ClusterManager       : Job 655e8811-95f1-4708-8c37-d99589d9ae62 completed: Job{id='655e8811-95f1-4708-8c37-d99589d9ae62', description='Test Job', stageCount=1, completedStages=0, currentStageIndex=0, isCompleted=true}
2026-02-13T12:07:26.830-05:00  INFO 1320 --- [uster-scheduler] c.d.compute.cluster.ClusterManager       : Job fb5556ef-4115-4c0e-8f33-a86410fd0c21 completed: Job{id='fb5556ef-4115-4c0e-8f33-a86410fd0c21', description='Load Balancing Test', stageCount=1, completedStages=0, currentStageIndex=0, isCompleted=true}
2026-02-13T12:07:26.830-05:00  INFO 1320 --- [uster-scheduler] c.d.compute.cluster.ClusterManager       : Job 2ab07162-6895-4591-9d86-ab5a2c43e621 completed: Job{id='2ab07162-6895-4591-9d86-ab5a2c43e621', description='Multi-Stage Job', stageCount=2, completedStages=1, currentStageIndex=1, isCompleted=true}
2026-02-13T12:07:26.830-05:00  INFO 1320 --- [uster-scheduler] c.d.compute.cluster.ClusterManager       : Job ef76bf2f-2c2f-41b6-a36b-f942fe5bc1e9 completed: Job{id='ef76bf2f-2c2f-41b6-a36b-f942fe5bc1e9', description='Test Job', stageCount=1, completedStages=0, currentStageIndex=0, isCompleted=true}
2026-02-13T12:07:26.830-05:00  INFO 1320 --- [uster-scheduler] c.d.compute.cluster.ClusterManager       : Job 3b3b6ed6-8da5-40db-974d-1ab670a32ce2 completed: Job{id='3b3b6ed6-8da5-40db-974d-1ab670a32ce2', description='Test Job', stageCount=1, completedStages=0, currentStageIndex=0, isCompleted=true}
2026-02-13T12:07:26.830-05:00  INFO 1320 --- [uster-scheduler] c.d.compute.cluster.ClusterManager       : Job 33e89458-95cf-4994-bbf4-d9ea443095b6 completed: Job{id='33e89458-95cf-4994-bbf4-d9ea443095b6', description='Test Job', stageCount=1, completedStages=0, currentStageIndex=0, isCompleted=true}
2026-02-13T12:07:27.032-05:00  INFO 1320 --- [uster-scheduler] c.d.compute.cluster.ClusterManager       : Job 4e33eedc-c67a-4c2f-830b-f7ce160d1416 completed: Job{id='4e33eedc-c67a-4c2f-830b-f7ce160d1416', description='Test Job', stageCount=1, completedStages=0, currentStageIndex=0, isCompleted=true}
2026-02-13T12:07:27.032-05:00  INFO 1320 --- [uster-scheduler] c.d.compute.cluster.ClusterManager       : Job 7e4b5796-1ce6-4a57-b95b-dfa65ec4ec6f completed: Job{id='7e4b5796-1ce6-4a57-b95b-dfa65ec4ec6f', description='Test Job', stageCount=1, completedStages=0, currentStageIndex=0, isCompleted=true}
2026-02-13T12:07:27.032-05:00  INFO 1320 --- [uster-scheduler] c.d.compute.cluster.ClusterManager       : Job 0422ba38-0648-4890-b07b-b294b7d7e53b completed: Job{id='0422ba38-0648-4890-b07b-b294b7d7e53b', description='Test Job', stageCount=1, completedStages=0, currentStageIndex=0, isCompleted=true}
2026-02-13T12:07:27.032-05:00  INFO 1320 --- [uster-scheduler] c.d.compute.cluster.ClusterManager       : Job c00377cc-060f-4782-9203-074b0bca2200 completed: Job{id='c00377cc-060f-4782-9203-074b0bca2200', description='Test Job', stageCount=1, completedStages=0, currentStageIndex=0, isCompleted=true}
2026-02-13T12:07:27.032-05:00  INFO 1320 --- [uster-scheduler] c.d.compute.cluster.ClusterManager       : Job 56000079-4857-4fed-8b8c-7400271107cf completed: Job{id='56000079-4857-4fed-8b8c-7400271107cf', description='Test Job', stageCount=1, completedStages=0, currentStageIndex=0, isCompleted=true}
2026-02-13T12:07:27.032-05:00  INFO 1320 --- [uster-scheduler] c.d.compute.cluster.ClusterManager       : Job 655e8811-95f1-4708-8c37-d99589d9ae62 completed: Job{id='655e8811-95f1-4708-8c37-d99589d9ae62', description='Test Job', stageCount=1, completedStages=0, currentStageIndex=0, isCompleted=true}
2026-02-13T12:07:27.032-05:00  INFO 1320 --- [uster-scheduler] c.d.compute.cluster.ClusterManager       : Job fb5556ef-4115-4c0e-8f33-a86410fd0c21 completed: Job{id='fb5556ef-4115-4c0e-8f33-a86410fd0c21', description='Load Balancing Test', stageCount=1, completedStages=0, currentStageIndex=0, isCompleted=true}
2026-02-13T12:07:27.032-05:00  INFO 1320 --- [uster-scheduler] c.d.compute.cluster.ClusterManager       : Job 2ab07162-6895-4591-9d86-ab5a2c43e621 completed: Job{id='2ab07162-6895-4591-9d86-ab5a2c43e621', description='Multi-Stage Job', stageCount=2, completedStages=1, currentStageIndex=1, isCompleted=true}
2026-02-13T12:07:27.032-05:00  INFO 1320 --- [uster-scheduler] c.d.compute.cluster.ClusterManager       : Job ef76bf2f-2c2f-41b6-a36b-f942fe5bc1e9 completed: Job{id='ef76bf2f-2c2f-41b6-a36b-f942fe5bc1e9', description='Test Job', stageCount=1, completedStages=0, currentStageIndex=0, isCompleted=true}
2026-02-13T12:07:27.032-05:00  INFO 1320 --- [uster-scheduler] c.d.compute.cluster.ClusterManager       : Job 3b3b6ed6-8da5-40db-974d-1ab670a32ce2 completed: Job{id='3b3b6ed6-8da5-40db-974d-1ab670a32ce2', description='Test Job', stageCount=1, completedStages=0, currentStageIndex=0, isCompleted=true}
2026-02-13T12:07:27.032-05:00  INFO 1320 --- [uster-scheduler] c.d.compute.cluster.ClusterManager       : Job 33e89458-95cf-4994-bbf4-d9ea443095b6 completed: Job{id='33e89458-95cf-4994-bbf4-d9ea443095b6', description='Test Job', stageCount=1, completedStages=0, currentStageIndex=0, isCompleted=true}
2026-02-13T12:07:27.234-05:00  INFO 1320 --- [uster-scheduler] c.d.compute.cluster.ClusterManager       : Job 4e33eedc-c67a-4c2f-830b-f7ce160d1416 completed: Job{id='4e33eedc-c67a-4c2f-830b-f7ce160d1416', description='Test Job', stageCount=1, completedStages=0, currentStageIndex=0, isCompleted=true}
2026-02-13T12:07:27.234-05:00  INFO 1320 --- [uster-scheduler] c.d.compute.cluster.ClusterManager       : Job 7e4b5796-1ce6-4a57-b95b-dfa65ec4ec6f completed: Job{id='7e4b5796-1ce6-4a57-b95b-dfa65ec4ec6f', description='Test Job', stageCount=1, completedStages=0, currentStageIndex=0, isCompleted=true}
2026-02-13T12:07:27.234-05:00  INFO 1320 --- [uster-scheduler] c.d.compute.cluster.ClusterManager       : Job 0422ba38-0648-4890-b07b-b294b7d7e53b completed: Job{id='0422ba38-0648-4890-b07b-b294b7d7e53b', description='Test Job', stageCount=1, completedStages=0, currentStageIndex=0, isCompleted=true}
2026-02-13T12:07:27.234-05:00  INFO 1320 --- [uster-scheduler] c.d.compute.cluster.ClusterManager       : Job c00377cc-060f-4782-9203-074b0bca2200 completed: Job{id='c00377cc-060f-4782-9203-074b0bca2200', description='Test Job', stageCount=1, completedStages=0, currentStageIndex=0, isCompleted=true}
2026-02-13T12:07:27.234-05:00  INFO 1320 --- [uster-scheduler] c.d.compute.cluster.ClusterManager       : Job 56000079-4857-4fed-8b8c-7400271107cf completed: Job{id='56000079-4857-4fed-8b8c-7400271107cf', description='Test Job', stageCount=1, completedStages=0, currentStageIndex=0, isCompleted=true}
2026-02-13T12:07:27.234-05:00  INFO 1320 --- [uster-scheduler] c.d.compute.cluster.ClusterManager       : Job 655e8811-95f1-4708-8c37-d99589d9ae62 completed: Job{id='655e8811-95f1-4708-8c37-d99589d9ae62', description='Test Job', stageCount=1, completedStages=0, currentStageIndex=0, isCompleted=true}
2026-02-13T12:07:27.234-05:00  INFO 1320 --- [uster-scheduler] c.d.compute.cluster.ClusterManager       : Job fb5556ef-4115-4c0e-8f33-a86410fd0c21 completed: Job{id='fb5556ef-4115-4c0e-8f33-a86410fd0c21', description='Load Balancing Test', stageCount=1, completedStages=0, currentStageIndex=0, isCompleted=true}
2026-02-13T12:07:27.234-05:00  INFO 1320 --- [uster-scheduler] c.d.compute.cluster.ClusterManager       : Job 2ab07162-6895-4591-9d86-ab5a2c43e621 completed: Job{id='2ab07162-6895-4591-9d86-ab5a2c43e621', description='Multi-Stage Job', stageCount=2, completedStages=1, currentStageIndex=1, isCompleted=true}
2026-02-13T12:07:27.234-05:00  INFO 1320 --- [uster-scheduler] c.d.compute.cluster.ClusterManager       : Job ef76bf2f-2c2f-41b6-a36b-f942fe5bc1e9 completed: Job{id='ef76bf2f-2c2f-41b6-a36b-f942fe5bc1e9', description='Test Job', stageCount=1, completedStages=0, currentStageIndex=0, isCompleted=true}
2026-02-13T12:07:27.234-05:00  INFO 1320 --- [uster-scheduler] c.d.compute.cluster.ClusterManager       : Job 3b3b6ed6-8da5-40db-974d-1ab670a32ce2 completed: Job{id='3b3b6ed6-8da5-40db-974d-1ab670a32ce2', description='Test Job', stageCount=1, completedStages=0, currentStageIndex=0, isCompleted=true}
2026-02-13T12:07:27.234-05:00  INFO 1320 --- [uster-scheduler] c.d.compute.cluster.ClusterManager       : Job 33e89458-95cf-4994-bbf4-d9ea443095b6 completed: Job{id='33e89458-95cf-4994-bbf4-d9ea443095b6', description='Test Job', stageCount=1, completedStages=0, currentStageIndex=0, isCompleted=true}
2026-02-13T12:07:27.437-05:00  INFO 1320 --- [uster-scheduler] c.d.compute.cluster.ClusterManager       : Job 4e33eedc-c67a-4c2f-830b-f7ce160d1416 completed: Job{id='4e33eedc-c67a-4c2f-830b-f7ce160d1416', description='Test Job', stageCount=1, completedStages=0, currentStageIndex=0, isCompleted=true}
2026-02-13T12:07:27.437-05:00  INFO 1320 --- [uster-scheduler] c.d.compute.cluster.ClusterManager       : Job 7e4b5796-1ce6-4a57-b95b-dfa65ec4ec6f completed: Job{id='7e4b5796-1ce6-4a57-b95b-dfa65ec4ec6f', description='Test Job', stageCount=1, completedStages=0, currentStageIndex=0, isCompleted=true}
2026-02-13T12:07:27.437-05:00  INFO 1320 --- [uster-scheduler] c.d.compute.cluster.ClusterManager       : Job 0422ba38-0648-4890-b07b-b294b7d7e53b completed: Job{id='0422ba38-0648-4890-b07b-b294b7d7e53b', description='Test Job', stageCount=1, completedStages=0, currentStageIndex=0, isCompleted=true}
2026-02-13T12:07:27.437-05:00  INFO 1320 --- [uster-scheduler] c.d.compute.cluster.ClusterManager       : Job c00377cc-060f-4782-9203-074b0bca2200 completed: Job{id='c00377cc-060f-4782-9203-074b0bca2200', description='Test Job', stageCount=1, completedStages=0, currentStageIndex=0, isCompleted=true}
2026-02-13T12:07:27.437-05:00  INFO 1320 --- [uster-scheduler] c.d.compute.cluster.ClusterManager       : Job 56000079-4857-4fed-8b8c-7400271107cf completed: Job{id='56000079-4857-4fed-8b8c-7400271107cf', description='Test Job', stageCount=1, completedStages=0, currentStageIndex=0, isCompleted=true}
2026-02-13T12:07:27.437-05:00  INFO 1320 --- [uster-scheduler] c.d.compute.cluster.ClusterManager       : Job 655e8811-95f1-4708-8c37-d99589d9ae62 completed: Job{id='655e8811-95f1-4708-8c37-d99589d9ae62', description='Test Job', stageCount=1, completedStages=0, currentStageIndex=0, isCompleted=true}
2026-02-13T12:07:27.437-05:00  INFO 1320 --- [uster-scheduler] c.d.compute.cluster.ClusterManager       : Job fb5556ef-4115-4c0e-8f33-a86410fd0c21 completed: Job{id='fb5556ef-4115-4c0e-8f33-a86410fd0c21', description='Load Balancing Test', stageCount=1, completedStages=0, currentStageIndex=0, isCompleted=true}
2026-02-13T12:07:27.437-05:00  INFO 1320 --- [uster-scheduler] c.d.compute.cluster.ClusterManager       : Job 2ab07162-6895-4591-9d86-ab5a2c43e621 completed: Job{id='2ab07162-6895-4591-9d86-ab5a2c43e621', description='Multi-Stage Job', stageCount=2, completedStages=1, currentStageIndex=1, isCompleted=true}
2026-02-13T12:07:27.437-05:00  INFO 1320 --- [uster-scheduler] c.d.compute.cluster.ClusterManager       : Job ef76bf2f-2c2f-41b6-a36b-f942fe5bc1e9 completed: Job{id='ef76bf2f-2c2f-41b6-a36b-f942fe5bc1e9', description='Test Job', stageCount=1, completedStages=0, currentStageIndex=0, isCompleted=true}
2026-02-13T12:07:27.437-05:00  INFO 1320 --- [uster-scheduler] c.d.compute.cluster.ClusterManager       : Job 3b3b6ed6-8da5-40db-974d-1ab670a32ce2 completed: Job{id='3b3b6ed6-8da5-40db-974d-1ab670a32ce2', description='Test Job', stageCount=1, completedStages=0, currentStageIndex=0, isCompleted=true}
2026-02-13T12:07:27.437-05:00  INFO 1320 --- [uster-scheduler] c.d.compute.cluster.ClusterManager       : Job 33e89458-95cf-4994-bbf4-d9ea443095b6 completed: Job{id='33e89458-95cf-4994-bbf4-d9ea443095b6', description='Test Job', stageCount=1, completedStages=0, currentStageIndex=0, isCompleted=true}
2026-02-13T12:07:27.640-05:00  INFO 1320 --- [uster-scheduler] c.d.compute.cluster.ClusterManager       : Job 4e33eedc-c67a-4c2f-830b-f7ce160d1416 completed: Job{id='4e33eedc-c67a-4c2f-830b-f7ce160d1416', description='Test Job', stageCount=1, completedStages=0, currentStageIndex=0, isCompleted=true}
2026-02-13T12:07:27.640-05:00  INFO 1320 --- [uster-scheduler] c.d.compute.cluster.ClusterManager       : Job 7e4b5796-1ce6-4a57-b95b-dfa65ec4ec6f completed: Job{id='7e4b5796-1ce6-4a57-b95b-dfa65ec4ec6f', description='Test Job', stageCount=1, completedStages=0, currentStageIndex=0, isCompleted=true}
2026-02-13T12:07:27.640-05:00  INFO 1320 --- [uster-scheduler] c.d.compute.cluster.ClusterManager       : Job 0422ba38-0648-4890-b07b-b294b7d7e53b completed: Job{id='0422ba38-0648-4890-b07b-b294b7d7e53b', description='Test Job', stageCount=1, completedStages=0, currentStageIndex=0, isCompleted=true}
2026-02-13T12:07:27.640-05:00  INFO 1320 --- [uster-scheduler] c.d.compute.cluster.ClusterManager       : Job c00377cc-060f-4782-9203-074b0bca2200 completed: Job{id='c00377cc-060f-4782-9203-074b0bca2200', description='Test Job', stageCount=1, completedStages=0, currentStageIndex=0, isCompleted=true}
2026-02-13T12:07:27.640-05:00  INFO 1320 --- [uster-scheduler] c.d.compute.cluster.ClusterManager       : Job 56000079-4857-4fed-8b8c-7400271107cf completed: Job{id='56000079-4857-4fed-8b8c-7400271107cf', description='Test Job', stageCount=1, completedStages=0, currentStageIndex=0, isCompleted=true}
2026-02-13T12:07:27.640-05:00  INFO 1320 --- [uster-scheduler] c.d.compute.cluster.ClusterManager       : Job 655e8811-95f1-4708-8c37-d99589d9ae62 completed: Job{id='655e8811-95f1-4708-8c37-d99589d9ae62', description='Test Job', stageCount=1, completedStages=0, currentStageIndex=0, isCompleted=true}
2026-02-13T12:07:27.640-05:00  INFO 1320 --- [uster-scheduler] c.d.compute.cluster.ClusterManager       : Job fb5556ef-4115-4c0e-8f33-a86410fd0c21 completed: Job{id='fb5556ef-4115-4c0e-8f33-a86410fd0c21', description='Load Balancing Test', stageCount=1, completedStages=0, currentStageIndex=0, isCompleted=true}
2026-02-13T12:07:27.640-05:00  INFO 1320 --- [uster-scheduler] c.d.compute.cluster.ClusterManager       : Job 2ab07162-6895-4591-9d86-ab5a2c43e621 completed: Job{id='2ab07162-6895-4591-9d86-ab5a2c43e621', description='Multi-Stage Job', stageCount=2, completedStages=1, currentStageIndex=1, isCompleted=true}
2026-02-13T12:07:27.640-05:00  INFO 1320 --- [uster-scheduler] c.d.compute.cluster.ClusterManager       : Job ef76bf2f-2c2f-41b6-a36b-f942fe5bc1e9 completed: Job{id='ef76bf2f-2c2f-41b6-a36b-f942fe5bc1e9', description='Test Job', stageCount=1, completedStages=0, currentStageIndex=0, isCompleted=true}
2026-02-13T12:07:27.640-05:00  INFO 1320 --- [uster-scheduler] c.d.compute.cluster.ClusterManager       : Job 3b3b6ed6-8da5-40db-974d-1ab670a32ce2 completed: Job{id='3b3b6ed6-8da5-40db-974d-1ab670a32ce2', description='Test Job', stageCount=1, completedStages=0, currentStageIndex=0, isCompleted=true}
2026-02-13T12:07:27.640-05:00  INFO 1320 --- [uster-scheduler] c.d.compute.cluster.ClusterManager       : Job 33e89458-95cf-4994-bbf4-d9ea443095b6 completed: Job{id='33e89458-95cf-4994-bbf4-d9ea443095b6', description='Test Job', stageCount=1, completedStages=0, currentStageIndex=0, isCompleted=true}
2026-02-13T12:07:27.826-05:00  INFO 1320 --- [           main] c.d.compute.cluster.ClusterManager       : Removed worker node: worker-1
2026-02-13T12:07:27.826-05:00  INFO 1320 --- [           main] c.d.compute.cluster.WorkerNode           : Shutting down worker node worker-1
2026-02-13T12:07:27.826-05:00  INFO 1320 --- [           main] c.d.compute.cluster.WorkerNode           : Worker node worker-1 shut down gracefully
2026-02-13T12:07:27.826-05:00  INFO 1320 --- [           main] c.d.compute.cluster.WorkerNode           : Shutting down worker node worker-1 immediately
2026-02-13T12:07:27.826-05:00  INFO 1320 --- [           main] c.d.compute.cluster.ClusterManager       : Removed worker node: worker-2
2026-02-13T12:07:27.826-05:00  INFO 1320 --- [           main] c.d.compute.cluster.WorkerNode           : Shutting down worker node worker-2
2026-02-13T12:07:27.826-05:00  INFO 1320 --- [           main] c.d.compute.cluster.WorkerNode           : Worker node worker-2 shut down gracefully
2026-02-13T12:07:27.826-05:00  INFO 1320 --- [           main] c.d.compute.cluster.WorkerNode           : Shutting down worker node worker-2 immediately
2026-02-13T12:07:27.826-05:00  INFO 1320 --- [           main] c.d.compute.cluster.ClusterManager       : Removed worker node: worker-3
2026-02-13T12:07:27.826-05:00  INFO 1320 --- [           main] c.d.compute.cluster.WorkerNode           : Shutting down worker node worker-3
2026-02-13T12:07:27.827-05:00  INFO 1320 --- [           main] c.d.compute.cluster.WorkerNode           : Worker node worker-3 shut down gracefully
2026-02-13T12:07:27.827-05:00  INFO 1320 --- [           main] c.d.compute.cluster.WorkerNode           : Shutting down worker node worker-3 immediately
2026-02-13T12:07:27.842-05:00  INFO 1320 --- [uster-scheduler] c.d.compute.cluster.ClusterManager       : Job 4e33eedc-c67a-4c2f-830b-f7ce160d1416 completed: Job{id='4e33eedc-c67a-4c2f-830b-f7ce160d1416', description='Test Job', stageCount=1, completedStages=0, currentStageIndex=0, isCompleted=true}
2026-02-13T12:07:27.842-05:00  INFO 1320 --- [uster-scheduler] c.d.compute.cluster.ClusterManager       : Job 7e4b5796-1ce6-4a57-b95b-dfa65ec4ec6f completed: Job{id='7e4b5796-1ce6-4a57-b95b-dfa65ec4ec6f', description='Test Job', stageCount=1, completedStages=0, currentStageIndex=0, isCompleted=true}
2026-02-13T12:07:27.842-05:00  INFO 1320 --- [uster-scheduler] c.d.compute.cluster.ClusterManager       : Job 0422ba38-0648-4890-b07b-b294b7d7e53b completed: Job{id='0422ba38-0648-4890-b07b-b294b7d7e53b', description='Test Job', stageCount=1, completedStages=0, currentStageIndex=0, isCompleted=true}
2026-02-13T12:07:27.842-05:00  INFO 1320 --- [uster-scheduler] c.d.compute.cluster.ClusterManager       : Job c00377cc-060f-4782-9203-074b0bca2200 completed: Job{id='c00377cc-060f-4782-9203-074b0bca2200', description='Test Job', stageCount=1, completedStages=0, currentStageIndex=0, isCompleted=true}
2026-02-13T12:07:27.842-05:00  INFO 1320 --- [uster-scheduler] c.d.compute.cluster.ClusterManager       : Job 56000079-4857-4fed-8b8c-7400271107cf completed: Job{id='56000079-4857-4fed-8b8c-7400271107cf', description='Test Job', stageCount=1, completedStages=0, currentStageIndex=0, isCompleted=true}
2026-02-13T12:07:27.842-05:00  INFO 1320 --- [uster-scheduler] c.d.compute.cluster.ClusterManager       : Job 655e8811-95f1-4708-8c37-d99589d9ae62 completed: Job{id='655e8811-95f1-4708-8c37-d99589d9ae62', description='Test Job', stageCount=1, completedStages=0, currentStageIndex=0, isCompleted=true}
2026-02-13T12:07:27.842-05:00  INFO 1320 --- [uster-scheduler] c.d.compute.cluster.ClusterManager       : Job fb5556ef-4115-4c0e-8f33-a86410fd0c21 completed: Job{id='fb5556ef-4115-4c0e-8f33-a86410fd0c21', description='Load Balancing Test', stageCount=1, completedStages=0, currentStageIndex=0, isCompleted=true}
2026-02-13T12:07:27.842-05:00  INFO 1320 --- [uster-scheduler] c.d.compute.cluster.ClusterManager       : Job 2ab07162-6895-4591-9d86-ab5a2c43e621 completed: Job{id='2ab07162-6895-4591-9d86-ab5a2c43e621', description='Multi-Stage Job', stageCount=2, completedStages=1, currentStageIndex=1, isCompleted=true}
2026-02-13T12:07:27.842-05:00  INFO 1320 --- [uster-scheduler] c.d.compute.cluster.ClusterManager       : Job ef76bf2f-2c2f-41b6-a36b-f942fe5bc1e9 completed: Job{id='ef76bf2f-2c2f-41b6-a36b-f942fe5bc1e9', description='Test Job', stageCount=1, completedStages=0, currentStageIndex=0, isCompleted=true}
2026-02-13T12:07:27.842-05:00  INFO 1320 --- [uster-scheduler] c.d.compute.cluster.ClusterManager       : Job 3b3b6ed6-8da5-40db-974d-1ab670a32ce2 completed: Job{id='3b3b6ed6-8da5-40db-974d-1ab670a32ce2', description='Test Job', stageCount=1, completedStages=0, currentStageIndex=0, isCompleted=true}
2026-02-13T12:07:27.842-05:00  INFO 1320 --- [uster-scheduler] c.d.compute.cluster.ClusterManager       : Job 33e89458-95cf-4994-bbf4-d9ea443095b6 completed: Job{id='33e89458-95cf-4994-bbf4-d9ea443095b6', description='Test Job', stageCount=1, completedStages=0, currentStageIndex=0, isCompleted=true}
]]></system-out>
  </testcase>
  <testcase name="testClusterStats" classname="com.distributed.compute.IntegrationTest" time="1.116">
    <system-out><![CDATA[2026-02-13T12:07:27.937-05:00  INFO 1320 --- [           main] c.d.compute.cluster.WorkerNode           : WorkerNode created: worker-1 with 2 slots
2026-02-13T12:07:27.938-05:00  INFO 1320 --- [           main] c.d.compute.cluster.WorkerNode           : WorkerNode created: worker-2 with 2 slots
2026-02-13T12:07:27.938-05:00  INFO 1320 --- [           main] c.d.compute.cluster.WorkerNode           : WorkerNode created: worker-3 with 2 slots
2026-02-13T12:07:27.938-05:00  INFO 1320 --- [           main] c.d.compute.cluster.ClusterManager       : Registered worker node: worker-1
2026-02-13T12:07:27.938-05:00  INFO 1320 --- [           main] c.d.compute.cluster.ClusterManager       : Registered worker node: worker-2
2026-02-13T12:07:27.938-05:00  INFO 1320 --- [           main] c.d.compute.cluster.ClusterManager       : Registered worker node: worker-3
2026-02-13T12:07:27.938-05:00  INFO 1320 --- [           main] c.d.compute.cluster.ClusterManager       : Submitted job: d6c582be-6ecc-4f6d-8397-570095a90656 with 1 stages
2026-02-13T12:07:27.938-05:00  INFO 1320 --- [   job-executor] c.d.compute.cluster.ClusterManager       : Starting execution of job: d6c582be-6ecc-4f6d-8397-570095a90656
2026-02-13T12:07:27.938-05:00  INFO 1320 --- [   job-executor] c.d.compute.cluster.ClusterManager       : Starting stage 4df83c99-4089-406d-9008-2bfb820b4ee1 of job d6c582be-6ecc-4f6d-8397-570095a90656
2026-02-13T12:07:28.044-05:00  INFO 1320 --- [uster-scheduler] c.d.compute.cluster.ClusterManager       : Job 4e33eedc-c67a-4c2f-830b-f7ce160d1416 completed: Job{id='4e33eedc-c67a-4c2f-830b-f7ce160d1416', description='Test Job', stageCount=1, completedStages=0, currentStageIndex=0, isCompleted=true}
2026-02-13T12:07:28.044-05:00  INFO 1320 --- [uster-scheduler] c.d.compute.cluster.ClusterManager       : Job 7e4b5796-1ce6-4a57-b95b-dfa65ec4ec6f completed: Job{id='7e4b5796-1ce6-4a57-b95b-dfa65ec4ec6f', description='Test Job', stageCount=1, completedStages=0, currentStageIndex=0, isCompleted=true}
2026-02-13T12:07:28.044-05:00  INFO 1320 --- [uster-scheduler] c.d.compute.cluster.ClusterManager       : Job 0422ba38-0648-4890-b07b-b294b7d7e53b completed: Job{id='0422ba38-0648-4890-b07b-b294b7d7e53b', description='Test Job', stageCount=1, completedStages=0, currentStageIndex=0, isCompleted=true}
2026-02-13T12:07:28.044-05:00  INFO 1320 --- [uster-scheduler] c.d.compute.cluster.ClusterManager       : Job 33e89458-95cf-4994-bbf4-d9ea443095b6 completed: Job{id='33e89458-95cf-4994-bbf4-d9ea443095b6', description='Test Job', stageCount=1, completedStages=0, currentStageIndex=0, isCompleted=true}
2026-02-13T12:07:28.044-05:00  INFO 1320 --- [uster-scheduler] c.d.compute.cluster.ClusterManager       : Job c00377cc-060f-4782-9203-074b0bca2200 completed: Job{id='c00377cc-060f-4782-9203-074b0bca2200', description='Test Job', stageCount=1, completedStages=0, currentStageIndex=0, isCompleted=true}
2026-02-13T12:07:28.044-05:00  INFO 1320 --- [uster-scheduler] c.d.compute.cluster.ClusterManager       : Job 56000079-4857-4fed-8b8c-7400271107cf completed: Job{id='56000079-4857-4fed-8b8c-7400271107cf', description='Test Job', stageCount=1, completedStages=0, currentStageIndex=0, isCompleted=true}
2026-02-13T12:07:28.044-05:00  INFO 1320 --- [uster-scheduler] c.d.compute.cluster.ClusterManager       : Job 655e8811-95f1-4708-8c37-d99589d9ae62 completed: Job{id='655e8811-95f1-4708-8c37-d99589d9ae62', description='Test Job', stageCount=1, completedStages=0, currentStageIndex=0, isCompleted=true}
2026-02-13T12:07:28.044-05:00  INFO 1320 --- [uster-scheduler] c.d.compute.cluster.ClusterManager       : Job fb5556ef-4115-4c0e-8f33-a86410fd0c21 completed: Job{id='fb5556ef-4115-4c0e-8f33-a86410fd0c21', description='Load Balancing Test', stageCount=1, completedStages=0, currentStageIndex=0, isCompleted=true}
2026-02-13T12:07:28.044-05:00  INFO 1320 --- [uster-scheduler] c.d.compute.cluster.ClusterManager       : Job 3b3b6ed6-8da5-40db-974d-1ab670a32ce2 completed: Job{id='3b3b6ed6-8da5-40db-974d-1ab670a32ce2', description='Test Job', stageCount=1, completedStages=0, currentStageIndex=0, isCompleted=true}
2026-02-13T12:07:28.044-05:00  INFO 1320 --- [uster-scheduler] c.d.compute.cluster.ClusterManager       : Job ef76bf2f-2c2f-41b6-a36b-f942fe5bc1e9 completed: Job{id='ef76bf2f-2c2f-41b6-a36b-f942fe5bc1e9', description='Test Job', stageCount=1, completedStages=0, currentStageIndex=0, isCompleted=true}
2026-02-13T12:07:28.044-05:00  INFO 1320 --- [uster-scheduler] c.d.compute.cluster.ClusterManager       : Job 2ab07162-6895-4591-9d86-ab5a2c43e621 completed: Job{id='2ab07162-6895-4591-9d86-ab5a2c43e621', description='Multi-Stage Job', stageCount=2, completedStages=1, currentStageIndex=1, isCompleted=true}
2026-02-13T12:07:28.230-05:00  INFO 1320 --- [uster-scheduler] c.d.compute.cluster.ClusterManager       : Job 4e33eedc-c67a-4c2f-830b-f7ce160d1416 completed: Job{id='4e33eedc-c67a-4c2f-830b-f7ce160d1416', description='Test Job', stageCount=1, completedStages=0, currentStageIndex=0, isCompleted=true}
2026-02-13T12:07:28.230-05:00  INFO 1320 --- [uster-scheduler] c.d.compute.cluster.ClusterManager       : Job 7e4b5796-1ce6-4a57-b95b-dfa65ec4ec6f completed: Job{id='7e4b5796-1ce6-4a57-b95b-dfa65ec4ec6f', description='Test Job', stageCount=1, completedStages=0, currentStageIndex=0, isCompleted=true}
2026-02-13T12:07:28.230-05:00  INFO 1320 --- [uster-scheduler] c.d.compute.cluster.ClusterManager       : Job 0422ba38-0648-4890-b07b-b294b7d7e53b completed: Job{id='0422ba38-0648-4890-b07b-b294b7d7e53b', description='Test Job', stageCount=1, completedStages=0, currentStageIndex=0, isCompleted=true}
2026-02-13T12:07:28.230-05:00  INFO 1320 --- [uster-scheduler] c.d.compute.cluster.ClusterManager       : Job d6c582be-6ecc-4f6d-8397-570095a90656 completed: Job{id='d6c582be-6ecc-4f6d-8397-570095a90656', description='Stats Test Job', stageCount=1, completedStages=0, currentStageIndex=0, isCompleted=true}
2026-02-13T12:07:28.230-05:00  INFO 1320 --- [uster-scheduler] c.d.compute.cluster.ClusterManager       : Job 33e89458-95cf-4994-bbf4-d9ea443095b6 completed: Job{id='33e89458-95cf-4994-bbf4-d9ea443095b6', description='Test Job', stageCount=1, completedStages=0, currentStageIndex=0, isCompleted=true}
2026-02-13T12:07:28.230-05:00  INFO 1320 --- [uster-scheduler] c.d.compute.cluster.ClusterManager       : Job c00377cc-060f-4782-9203-074b0bca2200 completed: Job{id='c00377cc-060f-4782-9203-074b0bca2200', description='Test Job', stageCount=1, completedStages=0, currentStageIndex=0, isCompleted=true}
2026-02-13T12:07:28.230-05:00  INFO 1320 --- [uster-scheduler] c.d.compute.cluster.ClusterManager       : Job 56000079-4857-4fed-8b8c-7400271107cf completed: Job{id='56000079-4857-4fed-8b8c-7400271107cf', description='Test Job', stageCount=1, completedStages=0, currentStageIndex=0, isCompleted=true}
2026-02-13T12:07:28.230-05:00  INFO 1320 --- [uster-scheduler] c.d.compute.cluster.ClusterManager       : Job 655e8811-95f1-4708-8c37-d99589d9ae62 completed: Job{id='655e8811-95f1-4708-8c37-d99589d9ae62', description='Test Job', stageCount=1, completedStages=0, currentStageIndex=0, isCompleted=true}
2026-02-13T12:07:28.230-05:00  INFO 1320 --- [uster-scheduler] c.d.compute.cluster.ClusterManager       : Job fb5556ef-4115-4c0e-8f33-a86410fd0c21 completed: Job{id='fb5556ef-4115-4c0e-8f33-a86410fd0c21', description='Load Balancing Test', stageCount=1, completedStages=0, currentStageIndex=0, isCompleted=true}
2026-02-13T12:07:28.230-05:00  INFO 1320 --- [uster-scheduler] c.d.compute.cluster.ClusterManager       : Job 3b3b6ed6-8da5-40db-974d-1ab670a32ce2 completed: Job{id='3b3b6ed6-8da5-40db-974d-1ab670a32ce2', description='Test Job', stageCount=1, completedStages=0, currentStageIndex=0, isCompleted=true}
2026-02-13T12:07:28.230-05:00  INFO 1320 --- [uster-scheduler] c.d.compute.cluster.ClusterManager       : Job ef76bf2f-2c2f-41b6-a36b-f942fe5bc1e9 completed: Job{id='ef76bf2f-2c2f-41b6-a36b-f942fe5bc1e9', description='Test Job', stageCount=1, completedStages=0, currentStageIndex=0, isCompleted=true}
2026-02-13T12:07:28.230-05:00  INFO 1320 --- [uster-scheduler] c.d.compute.cluster.ClusterManager       : Job 2ab07162-6895-4591-9d86-ab5a2c43e621 completed: Job{id='2ab07162-6895-4591-9d86-ab5a2c43e621', description='Multi-Stage Job', stageCount=2, completedStages=1, currentStageIndex=1, isCompleted=true}
2026-02-13T12:07:28.261-05:00  INFO 1320 --- [   job-executor] c.d.compute.cluster.ClusterManager       : Job d6c582be-6ecc-4f6d-8397-570095a90656 completed successfully
2026-02-13T12:07:28.430-05:00  INFO 1320 --- [uster-scheduler] c.d.compute.cluster.ClusterManager       : Job 4e33eedc-c67a-4c2f-830b-f7ce160d1416 completed: Job{id='4e33eedc-c67a-4c2f-830b-f7ce160d1416', description='Test Job', stageCount=1, completedStages=0, currentStageIndex=0, isCompleted=true}
2026-02-13T12:07:28.430-05:00  INFO 1320 --- [uster-scheduler] c.d.compute.cluster.ClusterManager       : Job 7e4b5796-1ce6-4a57-b95b-dfa65ec4ec6f completed: Job{id='7e4b5796-1ce6-4a57-b95b-dfa65ec4ec6f', description='Test Job', stageCount=1, completedStages=0, currentStageIndex=0, isCompleted=true}
2026-02-13T12:07:28.430-05:00  INFO 1320 --- [uster-scheduler] c.d.compute.cluster.ClusterManager       : Job 0422ba38-0648-4890-b07b-b294b7d7e53b completed: Job{id='0422ba38-0648-4890-b07b-b294b7d7e53b', description='Test Job', stageCount=1, completedStages=0, currentStageIndex=0, isCompleted=true}
2026-02-13T12:07:28.430-05:00  INFO 1320 --- [uster-scheduler] c.d.compute.cluster.ClusterManager       : Job d6c582be-6ecc-4f6d-8397-570095a90656 completed: Job{id='d6c582be-6ecc-4f6d-8397-570095a90656', description='Stats Test Job', stageCount=1, completedStages=0, currentStageIndex=0, isCompleted=true}
2026-02-13T12:07:28.430-05:00  INFO 1320 --- [uster-scheduler] c.d.compute.cluster.ClusterManager       : Job 33e89458-95cf-4994-bbf4-d9ea443095b6 completed: Job{id='33e89458-95cf-4994-bbf4-d9ea443095b6', description='Test Job', stageCount=1, completedStages=0, currentStageIndex=0, isCompleted=true}
2026-02-13T12:07:28.430-05:00  INFO 1320 --- [uster-scheduler] c.d.compute.cluster.ClusterManager       : Job c00377cc-060f-4782-9203-074b0bca2200 completed: Job{id='c00377cc-060f-4782-9203-074b0bca2200', description='Test Job', stageCount=1, completedStages=0, currentStageIndex=0, isCompleted=true}
2026-02-13T12:07:28.430-05:00  INFO 1320 --- [uster-scheduler] c.d.compute.cluster.ClusterManager       : Job 56000079-4857-4fed-8b8c-7400271107cf completed: Job{id='56000079-4857-4fed-8b8c-7400271107cf', description='Test Job', stageCount=1, completedStages=0, currentStageIndex=0, isCompleted=true}
2026-02-13T12:07:28.430-05:00  INFO 1320 --- [uster-scheduler] c.d.compute.cluster.ClusterManager       : Job 655e8811-95f1-4708-8c37-d99589d9ae62 completed: Job{id='655e8811-95f1-4708-8c37-d99589d9ae62', description='Test Job', stageCount=1, completedStages=0, currentStageIndex=0, isCompleted=true}
2026-02-13T12:07:28.430-05:00  INFO 1320 --- [uster-scheduler] c.d.compute.cluster.ClusterManager       : Job fb5556ef-4115-4c0e-8f33-a86410fd0c21 completed: Job{id='fb5556ef-4115-4c0e-8f33-a86410fd0c21', description='Load Balancing Test', stageCount=1, completedStages=0, currentStageIndex=0, isCompleted=true}
2026-02-13T12:07:28.430-05:00  INFO 1320 --- [uster-scheduler] c.d.compute.cluster.ClusterManager       : Job 3b3b6ed6-8da5-40db-974d-1ab670a32ce2 completed: Job{id='3b3b6ed6-8da5-40db-974d-1ab670a32ce2', description='Test Job', stageCount=1, completedStages=0, currentStageIndex=0, isCompleted=true}
2026-02-13T12:07:28.430-05:00  INFO 1320 --- [uster-scheduler] c.d.compute.cluster.ClusterManager       : Job ef76bf2f-2c2f-41b6-a36b-f942fe5bc1e9 completed: Job{id='ef76bf2f-2c2f-41b6-a36b-f942fe5bc1e9', description='Test Job', stageCount=1, completedStages=0, currentStageIndex=0, isCompleted=true}
2026-02-13T12:07:28.430-05:00  INFO 1320 --- [uster-scheduler] c.d.compute.cluster.ClusterManager       : Job 2ab07162-6895-4591-9d86-ab5a2c43e621 completed: Job{id='2ab07162-6895-4591-9d86-ab5a2c43e621', description='Multi-Stage Job', stageCount=2, completedStages=1, currentStageIndex=1, isCompleted=true}
2026-02-13T12:07:28.633-05:00  INFO 1320 --- [uster-scheduler] c.d.compute.cluster.ClusterManager       : Job 4e33eedc-c67a-4c2f-830b-f7ce160d1416 completed: Job{id='4e33eedc-c67a-4c2f-830b-f7ce160d1416', description='Test Job', stageCount=1, completedStages=0, currentStageIndex=0, isCompleted=true}
2026-02-13T12:07:28.633-05:00  INFO 1320 --- [uster-scheduler] c.d.compute.cluster.ClusterManager       : Job 7e4b5796-1ce6-4a57-b95b-dfa65ec4ec6f completed: Job{id='7e4b5796-1ce6-4a57-b95b-dfa65ec4ec6f', description='Test Job', stageCount=1, completedStages=0, currentStageIndex=0, isCompleted=true}
2026-02-13T12:07:28.633-05:00  INFO 1320 --- [uster-scheduler] c.d.compute.cluster.ClusterManager       : Job 0422ba38-0648-4890-b07b-b294b7d7e53b completed: Job{id='0422ba38-0648-4890-b07b-b294b7d7e53b', description='Test Job', stageCount=1, completedStages=0, currentStageIndex=0, isCompleted=true}
2026-02-13T12:07:28.633-05:00  INFO 1320 --- [uster-scheduler] c.d.compute.cluster.ClusterManager       : Job d6c582be-6ecc-4f6d-8397-570095a90656 completed: Job{id='d6c582be-6ecc-4f6d-8397-570095a90656', description='Stats Test Job', stageCount=1, completedStages=0, currentStageIndex=0, isCompleted=true}
2026-02-13T12:07:28.633-05:00  INFO 1320 --- [uster-scheduler] c.d.compute.cluster.ClusterManager       : Job 33e89458-95cf-4994-bbf4-d9ea443095b6 completed: Job{id='33e89458-95cf-4994-bbf4-d9ea443095b6', description='Test Job', stageCount=1, completedStages=0, currentStageIndex=0, isCompleted=true}
2026-02-13T12:07:28.633-05:00  INFO 1320 --- [uster-scheduler] c.d.compute.cluster.ClusterManager       : Job c00377cc-060f-4782-9203-074b0bca2200 completed: Job{id='c00377cc-060f-4782-9203-074b0bca2200', description='Test Job', stageCount=1, completedStages=0, currentStageIndex=0, isCompleted=true}
2026-02-13T12:07:28.633-05:00  INFO 1320 --- [uster-scheduler] c.d.compute.cluster.ClusterManager       : Job 56000079-4857-4fed-8b8c-7400271107cf completed: Job{id='56000079-4857-4fed-8b8c-7400271107cf', description='Test Job', stageCount=1, completedStages=0, currentStageIndex=0, isCompleted=true}
2026-02-13T12:07:28.633-05:00  INFO 1320 --- [uster-scheduler] c.d.compute.cluster.ClusterManager       : Job 655e8811-95f1-4708-8c37-d99589d9ae62 completed: Job{id='655e8811-95f1-4708-8c37-d99589d9ae62', description='Test Job', stageCount=1, completedStages=0, currentStageIndex=0, isCompleted=true}
2026-02-13T12:07:28.633-05:00  INFO 1320 --- [uster-scheduler] c.d.compute.cluster.ClusterManager       : Job fb5556ef-4115-4c0e-8f33-a86410fd0c21 completed: Job{id='fb5556ef-4115-4c0e-8f33-a86410fd0c21', description='Load Balancing Test', stageCount=1, completedStages=0, currentStageIndex=0, isCompleted=true}
2026-02-13T12:07:28.633-05:00  INFO 1320 --- [uster-scheduler] c.d.compute.cluster.ClusterManager       : Job 3b3b6ed6-8da5-40db-974d-1ab670a32ce2 completed: Job{id='3b3b6ed6-8da5-40db-974d-1ab670a32ce2', description='Test Job', stageCount=1, completedStages=0, currentStageIndex=0, isCompleted=true}
2026-02-13T12:07:28.633-05:00  INFO 1320 --- [uster-scheduler] c.d.compute.cluster.ClusterManager       : Job ef76bf2f-2c2f-41b6-a36b-f942fe5bc1e9 completed: Job{id='ef76bf2f-2c2f-41b6-a36b-f942fe5bc1e9', description='Test Job', stageCount=1, completedStages=0, currentStageIndex=0, isCompleted=true}
2026-02-13T12:07:28.633-05:00  INFO 1320 --- [uster-scheduler] c.d.compute.cluster.ClusterManager       : Job 2ab07162-6895-4591-9d86-ab5a2c43e621 completed: Job{id='2ab07162-6895-4591-9d86-ab5a2c43e621', description='Multi-Stage Job', stageCount=2, completedStages=1, currentStageIndex=1, isCompleted=true}
2026-02-13T12:07:28.834-05:00  INFO 1320 --- [uster-scheduler] c.d.compute.cluster.ClusterManager       : Job 4e33eedc-c67a-4c2f-830b-f7ce160d1416 completed: Job{id='4e33eedc-c67a-4c2f-830b-f7ce160d1416', description='Test Job', stageCount=1, completedStages=0, currentStageIndex=0, isCompleted=true}
2026-02-13T12:07:28.834-05:00  INFO 1320 --- [uster-scheduler] c.d.compute.cluster.ClusterManager       : Job 7e4b5796-1ce6-4a57-b95b-dfa65ec4ec6f completed: Job{id='7e4b5796-1ce6-4a57-b95b-dfa65ec4ec6f', description='Test Job', stageCount=1, completedStages=0, currentStageIndex=0, isCompleted=true}
2026-02-13T12:07:28.834-05:00  INFO 1320 --- [uster-scheduler] c.d.compute.cluster.ClusterManager       : Job 0422ba38-0648-4890-b07b-b294b7d7e53b completed: Job{id='0422ba38-0648-4890-b07b-b294b7d7e53b', description='Test Job', stageCount=1, completedStages=0, currentStageIndex=0, isCompleted=true}
2026-02-13T12:07:28.834-05:00  INFO 1320 --- [uster-scheduler] c.d.compute.cluster.ClusterManager       : Job d6c582be-6ecc-4f6d-8397-570095a90656 completed: Job{id='d6c582be-6ecc-4f6d-8397-570095a90656', description='Stats Test Job', stageCount=1, completedStages=0, currentStageIndex=0, isCompleted=true}
2026-02-13T12:07:28.834-05:00  INFO 1320 --- [uster-scheduler] c.d.compute.cluster.ClusterManager       : Job 33e89458-95cf-4994-bbf4-d9ea443095b6 completed: Job{id='33e89458-95cf-4994-bbf4-d9ea443095b6', description='Test Job', stageCount=1, completedStages=0, currentStageIndex=0, isCompleted=true}
2026-02-13T12:07:28.834-05:00  INFO 1320 --- [uster-scheduler] c.d.compute.cluster.ClusterManager       : Job c00377cc-060f-4782-9203-074b0bca2200 completed: Job{id='c00377cc-060f-4782-9203-074b0bca2200', description='Test Job', stageCount=1, completedStages=0, currentStageIndex=0, isCompleted=true}
2026-02-13T12:07:28.834-05:00  INFO 1320 --- [uster-scheduler] c.d.compute.cluster.ClusterManager       : Job 56000079-4857-4fed-8b8c-7400271107cf completed: Job{id='56000079-4857-4fed-8b8c-7400271107cf', description='Test Job', stageCount=1, completedStages=0, currentStageIndex=0, isCompleted=true}
2026-02-13T12:07:28.834-05:00  INFO 1320 --- [uster-scheduler] c.d.compute.cluster.ClusterManager       : Job 655e8811-95f1-4708-8c37-d99589d9ae62 completed: Job{id='655e8811-95f1-4708-8c37-d99589d9ae62', description='Test Job', stageCount=1, completedStages=0, currentStageIndex=0, isCompleted=true}
2026-02-13T12:07:28.834-05:00  INFO 1320 --- [uster-scheduler] c.d.compute.cluster.ClusterManager       : Job fb5556ef-4115-4c0e-8f33-a86410fd0c21 completed: Job{id='fb5556ef-4115-4c0e-8f33-a86410fd0c21', description='Load Balancing Test', stageCount=1, completedStages=0, currentStageIndex=0, isCompleted=true}
2026-02-13T12:07:28.834-05:00  INFO 1320 --- [uster-scheduler] c.d.compute.cluster.ClusterManager       : Job 3b3b6ed6-8da5-40db-974d-1ab670a32ce2 completed: Job{id='3b3b6ed6-8da5-40db-974d-1ab670a32ce2', description='Test Job', stageCount=1, completedStages=0, currentStageIndex=0, isCompleted=true}
2026-02-13T12:07:28.834-05:00  INFO 1320 --- [uster-scheduler] c.d.compute.cluster.ClusterManager       : Job ef76bf2f-2c2f-41b6-a36b-f942fe5bc1e9 completed: Job{id='ef76bf2f-2c2f-41b6-a36b-f942fe5bc1e9', description='Test Job', stageCount=1, completedStages=0, currentStageIndex=0, isCompleted=true}
2026-02-13T12:07:28.834-05:00  INFO 1320 --- [uster-scheduler] c.d.compute.cluster.ClusterManager       : Job 2ab07162-6895-4591-9d86-ab5a2c43e621 completed: Job{id='2ab07162-6895-4591-9d86-ab5a2c43e621', description='Multi-Stage Job', stageCount=2, completedStages=1, currentStageIndex=1, isCompleted=true}
2026-02-13T12:07:28.944-05:00  INFO 1320 --- [           main] c.d.compute.cluster.ClusterManager       : Removed worker node: worker-1
2026-02-13T12:07:28.944-05:00  INFO 1320 --- [           main] c.d.compute.cluster.WorkerNode           : Shutting down worker node worker-1
2026-02-13T12:07:28.944-05:00  INFO 1320 --- [           main] c.d.compute.cluster.WorkerNode           : Worker node worker-1 shut down gracefully
2026-02-13T12:07:28.944-05:00  INFO 1320 --- [           main] c.d.compute.cluster.WorkerNode           : Shutting down worker node worker-1 immediately
2026-02-13T12:07:28.944-05:00  INFO 1320 --- [           main] c.d.compute.cluster.ClusterManager       : Removed worker node: worker-2
2026-02-13T12:07:28.944-05:00  INFO 1320 --- [           main] c.d.compute.cluster.WorkerNode           : Shutting down worker node worker-2
2026-02-13T12:07:28.944-05:00  INFO 1320 --- [           main] c.d.compute.cluster.WorkerNode           : Worker node worker-2 shut down gracefully
2026-02-13T12:07:28.944-05:00  INFO 1320 --- [           main] c.d.compute.cluster.WorkerNode           : Shutting down worker node worker-2 immediately
2026-02-13T12:07:28.944-05:00  INFO 1320 --- [           main] c.d.compute.cluster.ClusterManager       : Removed worker node: worker-3
2026-02-13T12:07:28.944-05:00  INFO 1320 --- [           main] c.d.compute.cluster.WorkerNode           : Shutting down worker node worker-3
2026-02-13T12:07:28.944-05:00  INFO 1320 --- [           main] c.d.compute.cluster.WorkerNode           : Worker node worker-3 shut down gracefully
2026-02-13T12:07:28.944-05:00  INFO 1320 --- [           main] c.d.compute.cluster.WorkerNode           : Shutting down worker node worker-3 immediately
2026-02-13T12:07:29.037-05:00  INFO 1320 --- [uster-scheduler] c.d.compute.cluster.ClusterManager       : Job 4e33eedc-c67a-4c2f-830b-f7ce160d1416 completed: Job{id='4e33eedc-c67a-4c2f-830b-f7ce160d1416', description='Test Job', stageCount=1, completedStages=0, currentStageIndex=0, isCompleted=true}
2026-02-13T12:07:29.037-05:00  INFO 1320 --- [uster-scheduler] c.d.compute.cluster.ClusterManager       : Job 7e4b5796-1ce6-4a57-b95b-dfa65ec4ec6f completed: Job{id='7e4b5796-1ce6-4a57-b95b-dfa65ec4ec6f', description='Test Job', stageCount=1, completedStages=0, currentStageIndex=0, isCompleted=true}
2026-02-13T12:07:29.037-05:00  INFO 1320 --- [uster-scheduler] c.d.compute.cluster.ClusterManager       : Job 0422ba38-0648-4890-b07b-b294b7d7e53b completed: Job{id='0422ba38-0648-4890-b07b-b294b7d7e53b', description='Test Job', stageCount=1, completedStages=0, currentStageIndex=0, isCompleted=true}
2026-02-13T12:07:29.037-05:00  INFO 1320 --- [uster-scheduler] c.d.compute.cluster.ClusterManager       : Job d6c582be-6ecc-4f6d-8397-570095a90656 completed: Job{id='d6c582be-6ecc-4f6d-8397-570095a90656', description='Stats Test Job', stageCount=1, completedStages=0, currentStageIndex=0, isCompleted=true}
2026-02-13T12:07:29.037-05:00  INFO 1320 --- [uster-scheduler] c.d.compute.cluster.ClusterManager       : Job 33e89458-95cf-4994-bbf4-d9ea443095b6 completed: Job{id='33e89458-95cf-4994-bbf4-d9ea443095b6', description='Test Job', stageCount=1, completedStages=0, currentStageIndex=0, isCompleted=true}
2026-02-13T12:07:29.037-05:00  INFO 1320 --- [uster-scheduler] c.d.compute.cluster.ClusterManager       : Job c00377cc-060f-4782-9203-074b0bca2200 completed: Job{id='c00377cc-060f-4782-9203-074b0bca2200', description='Test Job', stageCount=1, completedStages=0, currentStageIndex=0, isCompleted=true}
2026-02-13T12:07:29.037-05:00  INFO 1320 --- [uster-scheduler] c.d.compute.cluster.ClusterManager       : Job 56000079-4857-4fed-8b8c-7400271107cf completed: Job{id='56000079-4857-4fed-8b8c-7400271107cf', description='Test Job', stageCount=1, completedStages=0, currentStageIndex=0, isCompleted=true}
2026-02-13T12:07:29.037-05:00  INFO 1320 --- [uster-scheduler] c.d.compute.cluster.ClusterManager       : Job 655e8811-95f1-4708-8c37-d99589d9ae62 completed: Job{id='655e8811-95f1-4708-8c37-d99589d9ae62', description='Test Job', stageCount=1, completedStages=0, currentStageIndex=0, isCompleted=true}
2026-02-13T12:07:29.037-05:00  INFO 1320 --- [uster-scheduler] c.d.compute.cluster.ClusterManager       : Job fb5556ef-4115-4c0e-8f33-a86410fd0c21 completed: Job{id='fb5556ef-4115-4c0e-8f33-a86410fd0c21', description='Load Balancing Test', stageCount=1, completedStages=0, currentStageIndex=0, isCompleted=true}
2026-02-13T12:07:29.037-05:00  INFO 1320 --- [uster-scheduler] c.d.compute.cluster.ClusterManager       : Job 3b3b6ed6-8da5-40db-974d-1ab670a32ce2 completed: Job{id='3b3b6ed6-8da5-40db-974d-1ab670a32ce2', description='Test Job', stageCount=1, completedStages=0, currentStageIndex=0, isCompleted=true}
2026-02-13T12:07:29.037-05:00  INFO 1320 --- [uster-scheduler] c.d.compute.cluster.ClusterManager       : Job ef76bf2f-2c2f-41b6-a36b-f942fe5bc1e9 completed: Job{id='ef76bf2f-2c2f-41b6-a36b-f942fe5bc1e9', description='Test Job', stageCount=1, completedStages=0, currentStageIndex=0, isCompleted=true}
2026-02-13T12:07:29.037-05:00  INFO 1320 --- [uster-scheduler] c.d.compute.cluster.ClusterManager       : Job 2ab07162-6895-4591-9d86-ab5a2c43e621 completed: Job{id='2ab07162-6895-4591-9d86-ab5a2c43e621', description='Multi-Stage Job', stageCount=2, completedStages=1, currentStageIndex=1, isCompleted=true}
]]></system-out>
  </testcase>
  <testcase name="testFullJobExecution" classname="com.distributed.compute.IntegrationTest" time="5.126">
    <system-out><![CDATA[2026-02-13T12:07:29.053-05:00  INFO 1320 --- [           main] c.d.compute.cluster.WorkerNode           : WorkerNode created: worker-1 with 2 slots
2026-02-13T12:07:29.054-05:00  INFO 1320 --- [           main] c.d.compute.cluster.WorkerNode           : WorkerNode created: worker-2 with 2 slots
2026-02-13T12:07:29.054-05:00  INFO 1320 --- [           main] c.d.compute.cluster.WorkerNode           : WorkerNode created: worker-3 with 2 slots
2026-02-13T12:07:29.054-05:00  INFO 1320 --- [           main] c.d.compute.cluster.ClusterManager       : Registered worker node: worker-1
2026-02-13T12:07:29.054-05:00  INFO 1320 --- [           main] c.d.compute.cluster.ClusterManager       : Registered worker node: worker-2
2026-02-13T12:07:29.054-05:00  INFO 1320 --- [           main] c.d.compute.cluster.ClusterManager       : Registered worker node: worker-3
2026-02-13T12:07:29.054-05:00  INFO 1320 --- [           main] c.d.compute.cluster.ClusterManager       : Submitted job: 702f1c5f-c19b-4789-a4ab-82805d3e5c81 with 3 stages
2026-02-13T12:07:29.054-05:00  INFO 1320 --- [   job-executor] c.d.compute.cluster.ClusterManager       : Starting execution of job: 702f1c5f-c19b-4789-a4ab-82805d3e5c81
2026-02-13T12:07:29.054-05:00  INFO 1320 --- [   job-executor] c.d.compute.cluster.ClusterManager       : Starting stage 16e00e39-441c-4fa5-abb4-a85997ae85e4 of job 702f1c5f-c19b-4789-a4ab-82805d3e5c81
2026-02-13T12:07:29.240-05:00  INFO 1320 --- [uster-scheduler] c.d.compute.cluster.ClusterManager       : Job 4e33eedc-c67a-4c2f-830b-f7ce160d1416 completed: Job{id='4e33eedc-c67a-4c2f-830b-f7ce160d1416', description='Test Job', stageCount=1, completedStages=0, currentStageIndex=0, isCompleted=true}
2026-02-13T12:07:29.240-05:00  INFO 1320 --- [uster-scheduler] c.d.compute.cluster.ClusterManager       : Job 7e4b5796-1ce6-4a57-b95b-dfa65ec4ec6f completed: Job{id='7e4b5796-1ce6-4a57-b95b-dfa65ec4ec6f', description='Test Job', stageCount=1, completedStages=0, currentStageIndex=0, isCompleted=true}
2026-02-13T12:07:29.240-05:00  INFO 1320 --- [uster-scheduler] c.d.compute.cluster.ClusterManager       : Job 0422ba38-0648-4890-b07b-b294b7d7e53b completed: Job{id='0422ba38-0648-4890-b07b-b294b7d7e53b', description='Test Job', stageCount=1, completedStages=0, currentStageIndex=0, isCompleted=true}
2026-02-13T12:07:29.240-05:00  INFO 1320 --- [uster-scheduler] c.d.compute.cluster.ClusterManager       : Job d6c582be-6ecc-4f6d-8397-570095a90656 completed: Job{id='d6c582be-6ecc-4f6d-8397-570095a90656', description='Stats Test Job', stageCount=1, completedStages=0, currentStageIndex=0, isCompleted=true}
2026-02-13T12:07:29.240-05:00  INFO 1320 --- [uster-scheduler] c.d.compute.cluster.ClusterManager       : Job 33e89458-95cf-4994-bbf4-d9ea443095b6 completed: Job{id='33e89458-95cf-4994-bbf4-d9ea443095b6', description='Test Job', stageCount=1, completedStages=0, currentStageIndex=0, isCompleted=true}
2026-02-13T12:07:29.240-05:00  INFO 1320 --- [uster-scheduler] c.d.compute.cluster.ClusterManager       : Job c00377cc-060f-4782-9203-074b0bca2200 completed: Job{id='c00377cc-060f-4782-9203-074b0bca2200', description='Test Job', stageCount=1, completedStages=0, currentStageIndex=0, isCompleted=true}
2026-02-13T12:07:29.240-05:00  INFO 1320 --- [uster-scheduler] c.d.compute.cluster.ClusterManager       : Job 56000079-4857-4fed-8b8c-7400271107cf completed: Job{id='56000079-4857-4fed-8b8c-7400271107cf', description='Test Job', stageCount=1, completedStages=0, currentStageIndex=0, isCompleted=true}
2026-02-13T12:07:29.240-05:00  INFO 1320 --- [uster-scheduler] c.d.compute.cluster.ClusterManager       : Job 655e8811-95f1-4708-8c37-d99589d9ae62 completed: Job{id='655e8811-95f1-4708-8c37-d99589d9ae62', description='Test Job', stageCount=1, completedStages=0, currentStageIndex=0, isCompleted=true}
2026-02-13T12:07:29.240-05:00  INFO 1320 --- [uster-scheduler] c.d.compute.cluster.ClusterManager       : Job fb5556ef-4115-4c0e-8f33-a86410fd0c21 completed: Job{id='fb5556ef-4115-4c0e-8f33-a86410fd0c21', description='Load Balancing Test', stageCount=1, completedStages=0, currentStageIndex=0, isCompleted=true}
2026-02-13T12:07:29.240-05:00  INFO 1320 --- [uster-scheduler] c.d.compute.cluster.ClusterManager       : Job 3b3b6ed6-8da5-40db-974d-1ab670a32ce2 completed: Job{id='3b3b6ed6-8da5-40db-974d-1ab670a32ce2', description='Test Job', stageCount=1, completedStages=0, currentStageIndex=0, isCompleted=true}
2026-02-13T12:07:29.240-05:00  INFO 1320 --- [uster-scheduler] c.d.compute.cluster.ClusterManager       : Job ef76bf2f-2c2f-41b6-a36b-f942fe5bc1e9 completed: Job{id='ef76bf2f-2c2f-41b6-a36b-f942fe5bc1e9', description='Test Job', stageCount=1, completedStages=0, currentStageIndex=0, isCompleted=true}
2026-02-13T12:07:29.240-05:00  INFO 1320 --- [uster-scheduler] c.d.compute.cluster.ClusterManager       : Job 2ab07162-6895-4591-9d86-ab5a2c43e621 completed: Job{id='2ab07162-6895-4591-9d86-ab5a2c43e621', description='Multi-Stage Job', stageCount=2, completedStages=1, currentStageIndex=1, isCompleted=true}
2026-02-13T12:07:29.380-05:00  INFO 1320 --- [   job-executor] c.d.compute.cluster.ClusterManager       : Stage 16e00e39-441c-4fa5-abb4-a85997ae85e4 completed, advancing to next stage
2026-02-13T12:07:29.380-05:00  INFO 1320 --- [   job-executor] c.d.compute.cluster.ClusterManager       : Starting stage 9c267c13-cde9-4f79-bc56-fd45b4be1084 of job 702f1c5f-c19b-4789-a4ab-82805d3e5c81
2026-02-13T12:07:29.441-05:00  INFO 1320 --- [uster-scheduler] c.d.compute.cluster.ClusterManager       : Job 4e33eedc-c67a-4c2f-830b-f7ce160d1416 completed: Job{id='4e33eedc-c67a-4c2f-830b-f7ce160d1416', description='Test Job', stageCount=1, completedStages=0, currentStageIndex=0, isCompleted=true}
2026-02-13T12:07:29.441-05:00  INFO 1320 --- [uster-scheduler] c.d.compute.cluster.ClusterManager       : Job 7e4b5796-1ce6-4a57-b95b-dfa65ec4ec6f completed: Job{id='7e4b5796-1ce6-4a57-b95b-dfa65ec4ec6f', description='Test Job', stageCount=1, completedStages=0, currentStageIndex=0, isCompleted=true}
2026-02-13T12:07:29.441-05:00  INFO 1320 --- [uster-scheduler] c.d.compute.cluster.ClusterManager       : Job 0422ba38-0648-4890-b07b-b294b7d7e53b completed: Job{id='0422ba38-0648-4890-b07b-b294b7d7e53b', description='Test Job', stageCount=1, completedStages=0, currentStageIndex=0, isCompleted=true}
2026-02-13T12:07:29.441-05:00  INFO 1320 --- [uster-scheduler] c.d.compute.cluster.ClusterManager       : Job d6c582be-6ecc-4f6d-8397-570095a90656 completed: Job{id='d6c582be-6ecc-4f6d-8397-570095a90656', description='Stats Test Job', stageCount=1, completedStages=0, currentStageIndex=0, isCompleted=true}
2026-02-13T12:07:29.441-05:00  INFO 1320 --- [uster-scheduler] c.d.compute.cluster.ClusterManager       : Job 33e89458-95cf-4994-bbf4-d9ea443095b6 completed: Job{id='33e89458-95cf-4994-bbf4-d9ea443095b6', description='Test Job', stageCount=1, completedStages=0, currentStageIndex=0, isCompleted=true}
2026-02-13T12:07:29.441-05:00  INFO 1320 --- [uster-scheduler] c.d.compute.cluster.ClusterManager       : Job c00377cc-060f-4782-9203-074b0bca2200 completed: Job{id='c00377cc-060f-4782-9203-074b0bca2200', description='Test Job', stageCount=1, completedStages=0, currentStageIndex=0, isCompleted=true}
2026-02-13T12:07:29.441-05:00  INFO 1320 --- [uster-scheduler] c.d.compute.cluster.ClusterManager       : Job 56000079-4857-4fed-8b8c-7400271107cf completed: Job{id='56000079-4857-4fed-8b8c-7400271107cf', description='Test Job', stageCount=1, completedStages=0, currentStageIndex=0, isCompleted=true}
2026-02-13T12:07:29.441-05:00  INFO 1320 --- [uster-scheduler] c.d.compute.cluster.ClusterManager       : Job 655e8811-95f1-4708-8c37-d99589d9ae62 completed: Job{id='655e8811-95f1-4708-8c37-d99589d9ae62', description='Test Job', stageCount=1, completedStages=0, currentStageIndex=0, isCompleted=true}
2026-02-13T12:07:29.441-05:00  INFO 1320 --- [uster-scheduler] c.d.compute.cluster.ClusterManager       : Job fb5556ef-4115-4c0e-8f33-a86410fd0c21 completed: Job{id='fb5556ef-4115-4c0e-8f33-a86410fd0c21', description='Load Balancing Test', stageCount=1, completedStages=0, currentStageIndex=0, isCompleted=true}
2026-02-13T12:07:29.441-05:00  INFO 1320 --- [uster-scheduler] c.d.compute.cluster.ClusterManager       : Job 3b3b6ed6-8da5-40db-974d-1ab670a32ce2 completed: Job{id='3b3b6ed6-8da5-40db-974d-1ab670a32ce2', description='Test Job', stageCount=1, completedStages=0, currentStageIndex=0, isCompleted=true}
2026-02-13T12:07:29.441-05:00  INFO 1320 --- [uster-scheduler] c.d.compute.cluster.ClusterManager       : Job ef76bf2f-2c2f-41b6-a36b-f942fe5bc1e9 completed: Job{id='ef76bf2f-2c2f-41b6-a36b-f942fe5bc1e9', description='Test Job', stageCount=1, completedStages=0, currentStageIndex=0, isCompleted=true}
2026-02-13T12:07:29.441-05:00  INFO 1320 --- [uster-scheduler] c.d.compute.cluster.ClusterManager       : Job 2ab07162-6895-4591-9d86-ab5a2c43e621 completed: Job{id='2ab07162-6895-4591-9d86-ab5a2c43e621', description='Multi-Stage Job', stageCount=2, completedStages=1, currentStageIndex=1, isCompleted=true}
2026-02-13T12:07:29.642-05:00  INFO 1320 --- [uster-scheduler] c.d.compute.cluster.ClusterManager       : Job 4e33eedc-c67a-4c2f-830b-f7ce160d1416 completed: Job{id='4e33eedc-c67a-4c2f-830b-f7ce160d1416', description='Test Job', stageCount=1, completedStages=0, currentStageIndex=0, isCompleted=true}
2026-02-13T12:07:29.642-05:00  INFO 1320 --- [uster-scheduler] c.d.compute.cluster.ClusterManager       : Job 7e4b5796-1ce6-4a57-b95b-dfa65ec4ec6f completed: Job{id='7e4b5796-1ce6-4a57-b95b-dfa65ec4ec6f', description='Test Job', stageCount=1, completedStages=0, currentStageIndex=0, isCompleted=true}
2026-02-13T12:07:29.642-05:00  INFO 1320 --- [uster-scheduler] c.d.compute.cluster.ClusterManager       : Job 0422ba38-0648-4890-b07b-b294b7d7e53b completed: Job{id='0422ba38-0648-4890-b07b-b294b7d7e53b', description='Test Job', stageCount=1, completedStages=0, currentStageIndex=0, isCompleted=true}
2026-02-13T12:07:29.642-05:00  INFO 1320 --- [uster-scheduler] c.d.compute.cluster.ClusterManager       : Job d6c582be-6ecc-4f6d-8397-570095a90656 completed: Job{id='d6c582be-6ecc-4f6d-8397-570095a90656', description='Stats Test Job', stageCount=1, completedStages=0, currentStageIndex=0, isCompleted=true}
2026-02-13T12:07:29.642-05:00  INFO 1320 --- [uster-scheduler] c.d.compute.cluster.ClusterManager       : Job 33e89458-95cf-4994-bbf4-d9ea443095b6 completed: Job{id='33e89458-95cf-4994-bbf4-d9ea443095b6', description='Test Job', stageCount=1, completedStages=0, currentStageIndex=0, isCompleted=true}
2026-02-13T12:07:29.642-05:00  INFO 1320 --- [uster-scheduler] c.d.compute.cluster.ClusterManager       : Job c00377cc-060f-4782-9203-074b0bca2200 completed: Job{id='c00377cc-060f-4782-9203-074b0bca2200', description='Test Job', stageCount=1, completedStages=0, currentStageIndex=0, isCompleted=true}
2026-02-13T12:07:29.642-05:00  INFO 1320 --- [uster-scheduler] c.d.compute.cluster.ClusterManager       : Job 56000079-4857-4fed-8b8c-7400271107cf completed: Job{id='56000079-4857-4fed-8b8c-7400271107cf', description='Test Job', stageCount=1, completedStages=0, currentStageIndex=0, isCompleted=true}
2026-02-13T12:07:29.642-05:00  INFO 1320 --- [uster-scheduler] c.d.compute.cluster.ClusterManager       : Job 655e8811-95f1-4708-8c37-d99589d9ae62 completed: Job{id='655e8811-95f1-4708-8c37-d99589d9ae62', description='Test Job', stageCount=1, completedStages=0, currentStageIndex=0, isCompleted=true}
2026-02-13T12:07:29.642-05:00  INFO 1320 --- [uster-scheduler] c.d.compute.cluster.ClusterManager       : Job fb5556ef-4115-4c0e-8f33-a86410fd0c21 completed: Job{id='fb5556ef-4115-4c0e-8f33-a86410fd0c21', description='Load Balancing Test', stageCount=1, completedStages=0, currentStageIndex=0, isCompleted=true}
2026-02-13T12:07:29.642-05:00  INFO 1320 --- [uster-scheduler] c.d.compute.cluster.ClusterManager       : Job 3b3b6ed6-8da5-40db-974d-1ab670a32ce2 completed: Job{id='3b3b6ed6-8da5-40db-974d-1ab670a32ce2', description='Test Job', stageCount=1, completedStages=0, currentStageIndex=0, isCompleted=true}
2026-02-13T12:07:29.642-05:00  INFO 1320 --- [uster-scheduler] c.d.compute.cluster.ClusterManager       : Job ef76bf2f-2c2f-41b6-a36b-f942fe5bc1e9 completed: Job{id='ef76bf2f-2c2f-41b6-a36b-f942fe5bc1e9', description='Test Job', stageCount=1, completedStages=0, currentStageIndex=0, isCompleted=true}
2026-02-13T12:07:29.642-05:00  INFO 1320 --- [uster-scheduler] c.d.compute.cluster.ClusterManager       : Job 2ab07162-6895-4591-9d86-ab5a2c43e621 completed: Job{id='2ab07162-6895-4591-9d86-ab5a2c43e621', description='Multi-Stage Job', stageCount=2, completedStages=1, currentStageIndex=1, isCompleted=true}
2026-02-13T12:07:29.704-05:00  INFO 1320 --- [   job-executor] c.d.compute.cluster.ClusterManager       : Stage 9c267c13-cde9-4f79-bc56-fd45b4be1084 completed, advancing to next stage
2026-02-13T12:07:29.704-05:00  INFO 1320 --- [   job-executor] c.d.compute.cluster.ClusterManager       : Starting stage bc60174f-e3f6-4ba9-94b4-d91606524ac1 of job 702f1c5f-c19b-4789-a4ab-82805d3e5c81
2026-02-13T12:07:29.843-05:00  INFO 1320 --- [uster-scheduler] c.d.compute.cluster.ClusterManager       : Job 4e33eedc-c67a-4c2f-830b-f7ce160d1416 completed: Job{id='4e33eedc-c67a-4c2f-830b-f7ce160d1416', description='Test Job', stageCount=1, completedStages=0, currentStageIndex=0, isCompleted=true}
2026-02-13T12:07:29.843-05:00  INFO 1320 --- [uster-scheduler] c.d.compute.cluster.ClusterManager       : Job 7e4b5796-1ce6-4a57-b95b-dfa65ec4ec6f completed: Job{id='7e4b5796-1ce6-4a57-b95b-dfa65ec4ec6f', description='Test Job', stageCount=1, completedStages=0, currentStageIndex=0, isCompleted=true}
2026-02-13T12:07:29.843-05:00  INFO 1320 --- [uster-scheduler] c.d.compute.cluster.ClusterManager       : Job 0422ba38-0648-4890-b07b-b294b7d7e53b completed: Job{id='0422ba38-0648-4890-b07b-b294b7d7e53b', description='Test Job', stageCount=1, completedStages=0, currentStageIndex=0, isCompleted=true}
2026-02-13T12:07:29.843-05:00  INFO 1320 --- [uster-scheduler] c.d.compute.cluster.ClusterManager       : Job d6c582be-6ecc-4f6d-8397-570095a90656 completed: Job{id='d6c582be-6ecc-4f6d-8397-570095a90656', description='Stats Test Job', stageCount=1, completedStages=0, currentStageIndex=0, isCompleted=true}
2026-02-13T12:07:29.843-05:00  INFO 1320 --- [uster-scheduler] c.d.compute.cluster.ClusterManager       : Job 33e89458-95cf-4994-bbf4-d9ea443095b6 completed: Job{id='33e89458-95cf-4994-bbf4-d9ea443095b6', description='Test Job', stageCount=1, completedStages=0, currentStageIndex=0, isCompleted=true}
2026-02-13T12:07:29.843-05:00  INFO 1320 --- [uster-scheduler] c.d.compute.cluster.ClusterManager       : Job c00377cc-060f-4782-9203-074b0bca2200 completed: Job{id='c00377cc-060f-4782-9203-074b0bca2200', description='Test Job', stageCount=1, completedStages=0, currentStageIndex=0, isCompleted=true}
2026-02-13T12:07:29.843-05:00  INFO 1320 --- [uster-scheduler] c.d.compute.cluster.ClusterManager       : Job 56000079-4857-4fed-8b8c-7400271107cf completed: Job{id='56000079-4857-4fed-8b8c-7400271107cf', description='Test Job', stageCount=1, completedStages=0, currentStageIndex=0, isCompleted=true}
2026-02-13T12:07:29.843-05:00  INFO 1320 --- [uster-scheduler] c.d.compute.cluster.ClusterManager       : Job 655e8811-95f1-4708-8c37-d99589d9ae62 completed: Job{id='655e8811-95f1-4708-8c37-d99589d9ae62', description='Test Job', stageCount=1, completedStages=0, currentStageIndex=0, isCompleted=true}
2026-02-13T12:07:29.843-05:00  INFO 1320 --- [uster-scheduler] c.d.compute.cluster.ClusterManager       : Job fb5556ef-4115-4c0e-8f33-a86410fd0c21 completed: Job{id='fb5556ef-4115-4c0e-8f33-a86410fd0c21', description='Load Balancing Test', stageCount=1, completedStages=0, currentStageIndex=0, isCompleted=true}
[...]
2026-02-13T12:07:36.639-05:00  INFO 1320 --- [uster-scheduler] c.d.compute.cluster.ClusterManager       : Job 33e89458-95cf-4994-bbf4-d9ea443095b6 completed: Job{id='33e89458-95cf-4994-bbf4-d9ea443095b6', description='Test Job', stageCount=1, completedStages=0, currentStageIndex=0, isCompleted=true}
2026-02-13T12:07:36.639-05:00  INFO 1320 --- [uster-scheduler] c.d.compute.cluster.ClusterManager       : Job 702f1c5f-c19b-4789-a4ab-82805d3e5c81 completed: Job{id='702f1c5f-c19b-4789-a4ab-82805d3e5c81', description='Integration Test Job', stageCount=3, completedStages=2, currentStageIndex=2, isCompleted=true}
2026-02-13T12:07:36.639-05:00  INFO 1320 --- [uster-scheduler] c.d.compute.cluster.ClusterManager       : Job dfa18b9e-1cf4-4967-ae16-0d5e3e18598b completed: Job{id='dfa18b9e-1cf4-4967-ae16-0d5e3e18598b', description='Job 3', stageCount=1, completedStages=0, currentStageIndex=0, isCompleted=true}
2026-02-13T12:07:36.639-05:00  INFO 1320 --- [uster-scheduler] c.d.compute.cluster.ClusterManager       : Job c00377cc-060f-4782-9203-074b0bca2200 completed: Job{id='c00377cc-060f-4782-9203-074b0bca2200', description='Test Job', stageCount=1, completedStages=0, currentStageIndex=0, isCompleted=true}
2026-02-13T12:07:36.639-05:00  INFO 1320 --- [uster-scheduler] c.d.compute.cluster.ClusterManager       : Job 56000079-4857-4fed-8b8c-7400271107cf completed: Job{id='56000079-4857-4fed-8b8c-7400271107cf', description='Test Job', stageCount=1, completedStages=0, currentStageIndex=0, isCompleted=true}
2026-02-13T12:07:36.639-05:00  INFO 1320 --- [uster-scheduler] c.d.compute.cluster.ClusterManager       : Job 655e8811-95f1-4708-8c37-d99589d9ae62 completed: Job{id='655e8811-95f1-4708-8c37-d99589d9ae62', description='Test Job', stageCount=1, completedStages=0, currentStageIndex=0, isCompleted=true}
2026-02-13T12:07:36.639-05:00  INFO 1320 --- [uster-scheduler] c.d.compute.cluster.ClusterManager       : Job ae554db2-4dc0-4d0d-add1-f075ea6e4933 completed: Job{id='ae554db2-4dc0-4d0d-add1-f075ea6e4933', description='Job 2', stageCount=1, completedStages=0, currentStageIndex=0, isCompleted=true}
2026-02-13T12:07:36.639-05:00  INFO 1320 --- [uster-scheduler] c.d.compute.cluster.ClusterManager       : Job fb5556ef-4115-4c0e-8f33-a86410fd0c21 completed: Job{id='fb5556ef-4115-4c0e-8f33-a86410fd0c21', description='Load Balancing Test', stageCount=1, completedStages=0, currentStageIndex=0, isCompleted=true}
2026-02-13T12:07:36.639-05:00  INFO 1320 --- [uster-scheduler] c.d.compute.cluster.ClusterManager       : Job 3b3b6ed6-8da5-40db-974d-1ab670a32ce2 completed: Job{id='3b3b6ed6-8da5-40db-974d-1ab670a32ce2', description='Test Job', stageCount=1, completedStages=0, currentStageIndex=0, isCompleted=true}
2026-02-13T12:07:36.639-05:00  INFO 1320 --- [uster-scheduler] c.d.compute.cluster.ClusterManager       : Job ef76bf2f-2c2f-41b6-a36b-f942fe5bc1e9 completed: Job{id='ef76bf2f-2c2f-41b6-a36b-f942fe5bc1e9', description='Test Job', stageCount=1, completedStages=0, currentStageIndex=0, isCompleted=true}
2026-02-13T12:07:36.639-05:00  INFO 1320 --- [uster-scheduler] c.d.compute.cluster.ClusterManager       : Job 2ab07162-6895-4591-9d86-ab5a2c43e621 completed: Job{id='2ab07162-6895-4591-9d86-ab5a2c43e621', description='Multi-Stage Job', stageCount=2, completedStages=1, currentStageIndex=1, isCompleted=true}
2026-02-13T12:07:36.639-05:00  INFO 1320 --- [uster-scheduler] c.d.compute.cluster.ClusterManager       : Job 633428b2-daee-4bbd-8696-9947d6180b5b completed: Job{id='633428b2-daee-4bbd-8696-9947d6180b5b', description='Job 1', stageCount=1, completedStages=0, currentStageIndex=0, isCompleted=true}
2026-02-13T12:07:36.840-05:00  INFO 1320 --- [uster-scheduler] c.d.compute.cluster.ClusterManager       : Job 4e33eedc-c67a-4c2f-830b-f7ce160d1416 completed: Job{id='4e33eedc-c67a-4c2f-830b-f7ce160d1416', description='Test Job', stageCount=1, completedStages=0, currentStageIndex=0, isCompleted=true}
2026-02-13T12:07:36.840-05:00  INFO 1320 --- [uster-scheduler] c.d.compute.cluster.ClusterManager       : Job 7e4b5796-1ce6-4a57-b95b-dfa65ec4ec6f completed: Job{id='7e4b5796-1ce6-4a57-b95b-dfa65ec4ec6f', description='Test Job', stageCount=1, completedStages=0, currentStageIndex=0, isCompleted=true}
2026-02-13T12:07:36.840-05:00  INFO 1320 --- [uster-scheduler] c.d.compute.cluster.ClusterManager       : Job 0422ba38-0648-4890-b07b-b294b7d7e53b completed: Job{id='0422ba38-0648-4890-b07b-b294b7d7e53b', description='Test Job', stageCount=1, completedStages=0, currentStageIndex=0, isCompleted=true}
2026-02-13T12:07:36.840-05:00  INFO 1320 --- [uster-scheduler] c.d.compute.cluster.ClusterManager       : Job d6c582be-6ecc-4f6d-8397-570095a90656 completed: Job{id='d6c582be-6ecc-4f6d-8397-570095a90656', description='Stats Test Job', stageCount=1, completedStages=0, currentStageIndex=0, isCompleted=true}
2026-02-13T12:07:36.840-05:00  INFO 1320 --- [uster-scheduler] c.d.compute.cluster.ClusterManager       : Job 33e89458-95cf-4994-bbf4-d9ea443095b6 completed: Job{id='33e89458-95cf-4994-bbf4-d9ea443095b6', description='Test Job', stageCount=1, completedStages=0, currentStageIndex=0, isCompleted=true}
2026-02-13T12:07:36.840-05:00  INFO 1320 --- [uster-scheduler] c.d.compute.cluster.ClusterManager       : Job 702f1c5f-c19b-4789-a4ab-82805d3e5c81 completed: Job{id='702f1c5f-c19b-4789-a4ab-82805d3e5c81', description='Integration Test Job', stageCount=3, completedStages=2, currentStageIndex=2, isCompleted=true}
2026-02-13T12:07:36.840-05:00  INFO 1320 --- [uster-scheduler] c.d.compute.cluster.ClusterManager       : Job dfa18b9e-1cf4-4967-ae16-0d5e3e18598b completed: Job{id='dfa18b9e-1cf4-4967-ae16-0d5e3e18598b', description='Job 3', stageCount=1, completedStages=0, currentStageIndex=0, isCompleted=true}
2026-02-13T12:07:36.840-05:00  INFO 1320 --- [uster-scheduler] c.d.compute.cluster.ClusterManager       : Job c00377cc-060f-4782-9203-074b0bca2200 completed: Job{id='c00377cc-060f-4782-9203-074b0bca2200', description='Test Job', stageCount=1, completedStages=0, currentStageIndex=0, isCompleted=true}
2026-02-13T12:07:36.840-05:00  INFO 1320 --- [uster-scheduler] c.d.compute.cluster.ClusterManager       : Job 56000079-4857-4fed-8b8c-7400271107cf completed: Job{id='56000079-4857-4fed-8b8c-7400271107cf', description='Test Job', stageCount=1, completedStages=0, currentStageIndex=0, isCompleted=true}
2026-02-13T12:07:36.840-05:00  INFO 1320 --- [uster-scheduler] c.d.compute.cluster.ClusterManager       : Job 655e8811-95f1-4708-8c37-d99589d9ae62 completed: Job{id='655e8811-95f1-4708-8c37-d99589d9ae62', description='Test Job', stageCount=1, completedStages=0, currentStageIndex=0, isCompleted=true}
2026-02-13T12:07:36.840-05:00  INFO 1320 --- [uster-scheduler] c.d.compute.cluster.ClusterManager       : Job ae554db2-4dc0-4d0d-add1-f075ea6e4933 completed: Job{id='ae554db2-4dc0-4d0d-add1-f075ea6e4933', description='Job 2', stageCount=1, completedStages=0, currentStageIndex=0, isCompleted=true}
2026-02-13T12:07:36.840-05:00  INFO 1320 --- [uster-scheduler] c.d.compute.cluster.ClusterManager       : Job fb5556ef-4115-4c0e-8f33-a86410fd0c21 completed: Job{id='fb5556ef-4115-4c0e-8f33-a86410fd0c21', description='Load Balancing Test', stageCount=1, completedStages=0, currentStageIndex=0, isCompleted=true}
2026-02-13T12:07:36.840-05:00  INFO 1320 --- [uster-scheduler] c.d.compute.cluster.ClusterManager       : Job 3b3b6ed6-8da5-40db-974d-1ab670a32ce2 completed: Job{id='3b3b6ed6-8da5-40db-974d-1ab670a32ce2', description='Test Job', stageCount=1, completedStages=0, currentStageIndex=0, isCompleted=true}
2026-02-13T12:07:36.840-05:00  INFO 1320 --- [uster-scheduler] c.d.compute.cluster.ClusterManager       : Job ef76bf2f-2c2f-41b6-a36b-f942fe5bc1e9 completed: Job{id='ef76bf2f-2c2f-41b6-a36b-f942fe5bc1e9', description='Test Job', stageCount=1, completedStages=0, currentStageIndex=0, isCompleted=true}
2026-02-13T12:07:36.840-05:00  INFO 1320 --- [uster-scheduler] c.d.compute.cluster.ClusterManager       : Job 2ab07162-6895-4591-9d86-ab5a2c43e621 completed: Job{id='2ab07162-6895-4591-9d86-ab5a2c43e621', description='Multi-Stage Job', stageCount=2, completedStages=1, currentStageIndex=1, isCompleted=true}
2026-02-13T12:07:36.840-05:00  INFO 1320 --- [uster-scheduler] c.d.compute.cluster.ClusterManager       : Job 633428b2-daee-4bbd-8696-9947d6180b5b completed: Job{id='633428b2-daee-4bbd-8696-9947d6180b5b', description='Job 1', stageCount=1, completedStages=0, currentStageIndex=0, isCompleted=true}
2026-02-13T12:07:37.041-05:00  INFO 1320 --- [uster-scheduler] c.d.compute.cluster.ClusterManager       : Job 4e33eedc-c67a-4c2f-830b-f7ce160d1416 completed: Job{id='4e33eedc-c67a-4c2f-830b-f7ce160d1416', description='Test Job', stageCount=1, completedStages=0, currentStageIndex=0, isCompleted=true}
2026-02-13T12:07:37.041-05:00  INFO 1320 --- [uster-scheduler] c.d.compute.cluster.ClusterManager       : Job 7e4b5796-1ce6-4a57-b95b-dfa65ec4ec6f completed: Job{id='7e4b5796-1ce6-4a57-b95b-dfa65ec4ec6f', description='Test Job', stageCount=1, completedStages=0, currentStageIndex=0, isCompleted=true}
2026-02-13T12:07:37.041-05:00  INFO 1320 --- [uster-scheduler] c.d.compute.cluster.ClusterManager       : Job 0422ba38-0648-4890-b07b-b294b7d7e53b completed: Job{id='0422ba38-0648-4890-b07b-b294b7d7e53b', description='Test Job', stageCount=1, completedStages=0, currentStageIndex=0, isCompleted=true}
2026-02-13T12:07:37.041-05:00  INFO 1320 --- [uster-scheduler] c.d.compute.cluster.ClusterManager       : Job d6c582be-6ecc-4f6d-8397-570095a90656 completed: Job{id='d6c582be-6ecc-4f6d-8397-570095a90656', description='Stats Test Job', stageCount=1, completedStages=0, currentStageIndex=0, isCompleted=true}
2026-02-13T12:07:37.041-05:00  INFO 1320 --- [uster-scheduler] c.d.compute.cluster.ClusterManager       : Job 33e89458-95cf-4994-bbf4-d9ea443095b6 completed: Job{id='33e89458-95cf-4994-bbf4-d9ea443095b6', description='Test Job', stageCount=1, completedStages=0, currentStageIndex=0, isCompleted=true}
2026-02-13T12:07:37.041-05:00  INFO 1320 --- [uster-scheduler] c.d.compute.cluster.ClusterManager       : Job 702f1c5f-c19b-4789-a4ab-82805d3e5c81 completed: Job{id='702f1c5f-c19b-4789-a4ab-82805d3e5c81', description='Integration Test Job', stageCount=3, completedStages=2, currentStageIndex=2, isCompleted=true}
2026-02-13T12:07:37.041-05:00  INFO 1320 --- [uster-scheduler] c.d.compute.cluster.ClusterManager       : Job dfa18b9e-1cf4-4967-ae16-0d5e3e18598b completed: Job{id='dfa18b9e-1cf4-4967-ae16-0d5e3e18598b', description='Job 3', stageCount=1, completedStages=0, currentStageIndex=0, isCompleted=true}
2026-02-13T12:07:37.041-05:00  INFO 1320 --- [uster-scheduler] c.d.compute.cluster.ClusterManager       : Job c00377cc-060f-4782-9203-074b0bca2200 completed: Job{id='c00377cc-060f-4782-9203-074b0bca2200', description='Test Job', stageCount=1, completedStages=0, currentStageIndex=0, isCompleted=true}
2026-02-13T12:07:37.041-05:00  INFO 1320 --- [uster-scheduler] c.d.compute.cluster.ClusterManager       : Job 56000079-4857-4fed-8b8c-7400271107cf completed: Job{id='56000079-4857-4fed-8b8c-7400271107cf', description='Test Job', stageCount=1, completedStages=0, currentStageIndex=0, isCompleted=true}
2026-02-13T12:07:37.041-05:00  INFO 1320 --- [uster-scheduler] c.d.compute.cluster.ClusterManager       : Job 655e8811-95f1-4708-8c37-d99589d9ae62 completed: Job{id='655e8811-95f1-4708-8c37-d99589d9ae62', description='Test Job', stageCount=1, completedStages=0, currentStageIndex=0, isCompleted=true}
2026-02-13T12:07:37.041-05:00  INFO 1320 --- [uster-scheduler] c.d.compute.cluster.ClusterManager       : Job ae554db2-4dc0-4d0d-add1-f075ea6e4933 completed: Job{id='ae554db2-4dc0-4d0d-add1-f075ea6e4933', description='Job 2', stageCount=1, completedStages=0, currentStageIndex=0, isCompleted=true}
2026-02-13T12:07:37.041-05:00  INFO 1320 --- [uster-scheduler] c.d.compute.cluster.ClusterManager       : Job fb5556ef-4115-4c0e-8f33-a86410fd0c21 completed: Job{id='fb5556ef-4115-4c0e-8f33-a86410fd0c21', description='Load Balancing Test', stageCount=1, completedStages=0, currentStageIndex=0, isCompleted=true}
2026-02-13T12:07:37.041-05:00  INFO 1320 --- [uster-scheduler] c.d.compute.cluster.ClusterManager       : Job 3b3b6ed6-8da5-40db-974d-1ab670a32ce2 completed: Job{id='3b3b6ed6-8da5-40db-974d-1ab670a32ce2', description='Test Job', stageCount=1, completedStages=0, currentStageIndex=0, isCompleted=true}
2026-02-13T12:07:37.041-05:00  INFO 1320 --- [uster-scheduler] c.d.compute.cluster.ClusterManager       : Job ef76bf2f-2c2f-41b6-a36b-f942fe5bc1e9 completed: Job{id='ef76bf2f-2c2f-41b6-a36b-f942fe5bc1e9', description='Test Job', stageCount=1, completedStages=0, currentStageIndex=0, isCompleted=true}
2026-02-13T12:07:37.041-05:00  INFO 1320 --- [uster-scheduler] c.d.compute.cluster.ClusterManager       : Job 2ab07162-6895-4591-9d86-ab5a2c43e621 completed: Job{id='2ab07162-6895-4591-9d86-ab5a2c43e621', description='Multi-Stage Job', stageCount=2, completedStages=1, currentStageIndex=1, isCompleted=true}
2026-02-13T12:07:37.041-05:00  INFO 1320 --- [uster-scheduler] c.d.compute.cluster.ClusterManager       : Job 633428b2-daee-4bbd-8696-9947d6180b5b completed: Job{id='633428b2-daee-4bbd-8696-9947d6180b5b', description='Job 1', stageCount=1, completedStages=0, currentStageIndex=0, isCompleted=true}
2026-02-13T12:07:37.183-05:00  INFO 1320 --- [           main] c.d.compute.cluster.ClusterManager       : Removed worker node: worker-1
2026-02-13T12:07:37.183-05:00  INFO 1320 --- [           main] c.d.compute.cluster.WorkerNode           : Shutting down worker node worker-1
2026-02-13T12:07:37.183-05:00  INFO 1320 --- [           main] c.d.compute.cluster.WorkerNode           : Worker node worker-1 shut down gracefully
2026-02-13T12:07:37.183-05:00  INFO 1320 --- [           main] c.d.compute.cluster.WorkerNode           : Shutting down worker node worker-1 immediately
2026-02-13T12:07:37.183-05:00  INFO 1320 --- [           main] c.d.compute.cluster.ClusterManager       : Removed worker node: worker-2
2026-02-13T12:07:37.183-05:00  INFO 1320 --- [           main] c.d.compute.cluster.WorkerNode           : Shutting down worker node worker-2
2026-02-13T12:07:37.183-05:00  INFO 1320 --- [           main] c.d.compute.cluster.WorkerNode           : Worker node worker-2 shut down gracefully
2026-02-13T12:07:37.183-05:00  INFO 1320 --- [           main] c.d.compute.cluster.WorkerNode           : Shutting down worker node worker-2 immediately
2026-02-13T12:07:37.183-05:00  INFO 1320 --- [           main] c.d.compute.cluster.ClusterManager       : Removed worker node: worker-3
2026-02-13T12:07:37.183-05:00  INFO 1320 --- [           main] c.d.compute.cluster.WorkerNode           : Shutting down worker node worker-3
2026-02-13T12:07:37.183-05:00  INFO 1320 --- [           main] c.d.compute.cluster.WorkerNode           : Worker node worker-3 shut down gracefully
2026-02-13T12:07:37.183-05:00  INFO 1320 --- [           main] c.d.compute.cluster.WorkerNode           : Shutting down worker node worker-3 immediately
2026-02-13T12:07:37.243-05:00  INFO 1320 --- [uster-scheduler] c.d.compute.cluster.ClusterManager       : Job 4e33eedc-c67a-4c2f-830b-f7ce160d1416 completed: Job{id='4e33eedc-c67a-4c2f-830b-f7ce160d1416', description='Test Job', stageCount=1, completedStages=0, currentStageIndex=0, isCompleted=true}
2026-02-13T12:07:37.243-05:00  INFO 1320 --- [uster-scheduler] c.d.compute.cluster.ClusterManager       : Job 7e4b5796-1ce6-4a57-b95b-dfa65ec4ec6f completed: Job{id='7e4b5796-1ce6-4a57-b95b-dfa65ec4ec6f', description='Test Job', stageCount=1, completedStages=0, currentStageIndex=0, isCompleted=true}
2026-02-13T12:07:37.243-05:00  INFO 1320 --- [uster-scheduler] c.d.compute.cluster.ClusterManager       : Job 0422ba38-0648-4890-b07b-b294b7d7e53b completed: Job{id='0422ba38-0648-4890-b07b-b294b7d7e53b', description='Test Job', stageCount=1, completedStages=0, currentStageIndex=0, isCompleted=true}
2026-02-13T12:07:37.243-05:00  INFO 1320 --- [uster-scheduler] c.d.compute.cluster.ClusterManager       : Job d6c582be-6ecc-4f6d-8397-570095a90656 completed: Job{id='d6c582be-6ecc-4f6d-8397-570095a90656', description='Stats Test Job', stageCount=1, completedStages=0, currentStageIndex=0, isCompleted=true}
2026-02-13T12:07:37.243-05:00  INFO 1320 --- [uster-scheduler] c.d.compute.cluster.ClusterManager       : Job 33e89458-95cf-4994-bbf4-d9ea443095b6 completed: Job{id='33e89458-95cf-4994-bbf4-d9ea443095b6', description='Test Job', stageCount=1, completedStages=0, currentStageIndex=0, isCompleted=true}
2026-02-13T12:07:37.243-05:00  INFO 1320 --- [uster-scheduler] c.d.compute.cluster.ClusterManager       : Job 702f1c5f-c19b-4789-a4ab-82805d3e5c81 completed: Job{id='702f1c5f-c19b-4789-a4ab-82805d3e5c81', description='Integration Test Job', stageCount=3, completedStages=2, currentStageIndex=2, isCompleted=true}
2026-02-13T12:07:37.243-05:00  INFO 1320 --- [uster-scheduler] c.d.compute.cluster.ClusterManager       : Job dfa18b9e-1cf4-4967-ae16-0d5e3e18598b completed: Job{id='dfa18b9e-1cf4-4967-ae16-0d5e3e18598b', description='Job 3', stageCount=1, completedStages=0, currentStageIndex=0, isCompleted=true}
2026-02-13T12:07:37.243-05:00  INFO 1320 --- [uster-scheduler] c.d.compute.cluster.ClusterManager       : Job c00377cc-060f-4782-9203-074b0bca2200 completed: Job{id='c00377cc-060f-4782-9203-074b0bca2200', description='Test Job', stageCount=1, completedStages=0, currentStageIndex=0, isCompleted=true}
2026-02-13T12:07:37.243-05:00  INFO 1320 --- [uster-scheduler] c.d.compute.cluster.ClusterManager       : Job 56000079-4857-4fed-8b8c-7400271107cf completed: Job{id='56000079-4857-4fed-8b8c-7400271107cf', description='Test Job', stageCount=1, completedStages=0, currentStageIndex=0, isCompleted=true}
2026-02-13T12:07:37.243-05:00  INFO 1320 --- [uster-scheduler] c.d.compute.cluster.ClusterManager       : Job 655e8811-95f1-4708-8c37-d99589d9ae62 completed: Job{id='655e8811-95f1-4708-8c37-d99589d9ae62', description='Test Job', stageCount=1, completedStages=0, currentStageIndex=0, isCompleted=true}
2026-02-13T12:07:37.243-05:00  INFO 1320 --- [uster-scheduler] c.d.compute.cluster.ClusterManager       : Job ae554db2-4dc0-4d0d-add1-f075ea6e4933 completed: Job{id='ae554db2-4dc0-4d0d-add1-f075ea6e4933', description='Job 2', stageCount=1, completedStages=0, currentStageIndex=0, isCompleted=true}
2026-02-13T12:07:37.243-05:00  INFO 1320 --- [uster-scheduler] c.d.compute.cluster.ClusterManager       : Job fb5556ef-4115-4c0e-8f33-a86410fd0c21 completed: Job{id='fb5556ef-4115-4c0e-8f33-a86410fd0c21', description='Load Balancing Test', stageCount=1, completedStages=0, currentStageIndex=0, isCompleted=true}
2026-02-13T12:07:37.243-05:00  INFO 1320 --- [uster-scheduler] c.d.compute.cluster.ClusterManager       : Job 3b3b6ed6-8da5-40db-974d-1ab670a32ce2 completed: Job{id='3b3b6ed6-8da5-40db-974d-1ab670a32ce2', description='Test Job', stageCount=1, completedStages=0, currentStageIndex=0, isCompleted=true}
2026-02-13T12:07:37.243-05:00  INFO 1320 --- [uster-scheduler] c.d.compute.cluster.ClusterManager       : Job ef76bf2f-2c2f-41b6-a36b-f942fe5bc1e9 completed: Job{id='ef76bf2f-2c2f-41b6-a36b-f942fe5bc1e9', description='Test Job', stageCount=1, completedStages=0, currentStageIndex=0, isCompleted=true}
2026-02-13T12:07:37.243-05:00  INFO 1320 --- [uster-scheduler] c.d.compute.cluster.ClusterManager       : Job 2ab07162-6895-4591-9d86-ab5a2c43e621 completed: Job{id='2ab07162-6895-4591-9d86-ab5a2c43e621', description='Multi-Stage Job', stageCount=2, completedStages=1, currentStageIndex=1, isCompleted=true}
2026-02-13T12:07:37.243-05:00  INFO 1320 --- [uster-scheduler] c.d.compute.cluster.ClusterManager       : Job 633428b2-daee-4bbd-8696-9947d6180b5b completed: Job{id='633428b2-daee-4bbd-8696-9947d6180b5b', description='Job 1', stageCount=1, completedStages=0, currentStageIndex=0, isCompleted=true}
]]></system-out>
  </testcase>
</testsuite>