<?xml version="1.0" encoding="UTF-8"?>
<testsuite xmlns:xsi="http://www.w3.org/2001/XMLSchema-instance" xsi:noNamespaceSchemaLocation="https://maven.apache.org/surefire/maven-surefire-plugin/xsd/surefire-test-report-3.0.xsd" version="3.0" name="com.distributed.compute.cluster.ClusterManagerTest" time="10.56" tests="17" errors="0" skipped="0" failures="0">
  <properties>
[...]
</properties>
  <testcase name="testRegisterWorker" classname="com.distributed.compute.cluster.ClusterManagerTest" time="0.716">
    <system-out><![CDATA[12:45:29.010 [main] INFO org.springframework.test.context.support.AnnotationConfigContextLoaderUtils -- Could not detect default configuration classes for test class [com.distributed.compute.cluster.ClusterManagerTest]: ClusterManagerTest does not declare any static, non-private, non-final, nested classes annotated with @Configuration.
12:45:29.090 [main] INFO org.springframework.boot.test.context.SpringBootTestContextBootstrapper -- Found @SpringBootConfiguration com.distributed.compute.DistributedComputeApplication for test class com.distributed.compute.cluster.ClusterManagerTest

  .   ____          _            __ _ _
 /\\ / ___'_ __ _ _(_)_ __  __ _ \ \ \ \
( ( )\___ | '_ | '_| | '_ \/ _` | \ \ \ \
 \\/  ___)| |_)| | | | | || (_| |  ) ) ) )
  '  |____| .__|_| |_|_| |_\__, | / / / /
 =========|_|==============|___/=/_/_/_/
 :: Spring Boot ::                (v3.2.0)

2026-02-13T12:45:29.416-05:00  INFO 21248 --- [           main] c.d.compute.cluster.ClusterManagerTest   : Starting ClusterManagerTest using Java 17.0.12 with PID 21248 (started by seerc in C:\Users\seerc\Downloads\LeetCode\Spark-Viz\Portfolio)
2026-02-13T12:45:29.419-05:00  INFO 21248 --- [           main] c.d.compute.cluster.ClusterManagerTest   : No active profile set, falling back to 1 default profile: "default"
2026-02-13T12:45:29.954-05:00  INFO 21248 --- [           main] c.d.compute.cluster.ClusterManager       : Initializing ClusterManager
2026-02-13T12:45:29.955-05:00  INFO 21248 --- [           main] c.d.compute.cluster.ClusterManager       : ClusterManager initialized
2026-02-13T12:45:30.403-05:00  INFO 21248 --- [           main] c.d.compute.cluster.ClusterManagerTest   : Started ClusterManagerTest in 1.2 seconds (process running for 1.967)
2026-02-13T12:45:31.016-05:00  INFO 21248 --- [           main] c.d.compute.cluster.WorkerNode           : WorkerNode created: worker-1 with 2 slots, unlimited MB memory
2026-02-13T12:45:31.017-05:00  INFO 21248 --- [           main] c.d.compute.cluster.WorkerNode           : WorkerNode created: worker-2 with 2 slots, unlimited MB memory
2026-02-13T12:45:31.017-05:00  INFO 21248 --- [           main] c.d.compute.cluster.ClusterManager       : Registered worker node: worker-1
2026-02-13T12:45:31.017-05:00  INFO 21248 --- [           main] c.d.compute.cluster.ClusterManager       : Registered worker node: worker-2
2026-02-13T12:45:31.019-05:00  INFO 21248 --- [           main] c.d.compute.cluster.WorkerNode           : WorkerNode created: worker-3 with 3 slots, unlimited MB memory
2026-02-13T12:45:31.019-05:00  INFO 21248 --- [           main] c.d.compute.cluster.ClusterManager       : Registered worker node: worker-3
2026-02-13T12:45:31.021-05:00  INFO 21248 --- [           main] c.d.compute.cluster.ClusterManager       : Removed worker node: worker-3
2026-02-13T12:45:31.021-05:00  INFO 21248 --- [           main] c.d.compute.cluster.WorkerNode           : Shutting down worker node worker-3
2026-02-13T12:45:31.021-05:00  INFO 21248 --- [           main] c.d.compute.cluster.WorkerNode           : Worker node worker-3 shut down gracefully
2026-02-13T12:45:31.021-05:00  INFO 21248 --- [           main] c.d.compute.cluster.WorkerNode           : Shutting down worker node worker-3 immediately
2026-02-13T12:45:31.023-05:00  INFO 21248 --- [           main] c.d.compute.cluster.ClusterManager       : Removed worker node: worker-1
2026-02-13T12:45:31.023-05:00  INFO 21248 --- [           main] c.d.compute.cluster.WorkerNode           : Shutting down worker node worker-1
2026-02-13T12:45:31.023-05:00  INFO 21248 --- [           main] c.d.compute.cluster.WorkerNode           : Worker node worker-1 shut down gracefully
2026-02-13T12:45:31.023-05:00  INFO 21248 --- [           main] c.d.compute.cluster.WorkerNode           : Shutting down worker node worker-1 immediately
2026-02-13T12:45:31.023-05:00  INFO 21248 --- [           main] c.d.compute.cluster.ClusterManager       : Removed worker node: worker-2
2026-02-13T12:45:31.023-05:00  INFO 21248 --- [           main] c.d.compute.cluster.WorkerNode           : Shutting down worker node worker-2
2026-02-13T12:45:31.023-05:00  INFO 21248 --- [           main] c.d.compute.cluster.WorkerNode           : Worker node worker-2 shut down gracefully
2026-02-13T12:45:31.023-05:00  INFO 21248 --- [           main] c.d.compute.cluster.WorkerNode           : Shutting down worker node worker-2 immediately
]]></system-out>
  </testcase>
  <testcase name="testJobExecution" classname="com.distributed.compute.cluster.ClusterManagerTest" time="2.12">
    <system-out><![CDATA[2026-02-13T12:45:31.139-05:00  INFO 21248 --- [           main] c.d.compute.cluster.WorkerNode           : WorkerNode created: worker-1 with 2 slots, unlimited MB memory
2026-02-13T12:45:31.140-05:00  INFO 21248 --- [           main] c.d.compute.cluster.WorkerNode           : WorkerNode created: worker-2 with 2 slots, unlimited MB memory
2026-02-13T12:45:31.140-05:00  INFO 21248 --- [           main] c.d.compute.cluster.ClusterManager       : Registered worker node: worker-1
2026-02-13T12:45:31.140-05:00  INFO 21248 --- [           main] c.d.compute.cluster.ClusterManager       : Registered worker node: worker-2
2026-02-13T12:45:31.142-05:00  INFO 21248 --- [           main] c.d.compute.cluster.ClusterManager       : Submitted job: 485546d9-bb39-4dad-99f5-775f8905c366 with 1 stages
2026-02-13T12:45:31.143-05:00  INFO 21248 --- [   job-executor] c.d.compute.cluster.ClusterManager       : Starting execution of job: 485546d9-bb39-4dad-99f5-775f8905c366
2026-02-13T12:45:31.143-05:00  INFO 21248 --- [   job-executor] c.d.compute.cluster.ClusterManager       : Starting stage 1eded8bf-1a84-4208-8601-2981f67591db of job 485546d9-bb39-4dad-99f5-775f8905c366
2026-02-13T12:45:31.363-05:00  INFO 21248 --- [   job-executor] c.d.compute.cluster.ClusterManager       : Job 485546d9-bb39-4dad-99f5-775f8905c366 completed successfully
2026-02-13T12:45:31.363-05:00  INFO 21248 --- [uster-scheduler] c.d.compute.cluster.ClusterManager       : Job 485546d9-bb39-4dad-99f5-775f8905c366 completed: Job{id='485546d9-bb39-4dad-99f5-775f8905c366', description='Test Job', stageCount=1, completedStages=0, currentStageIndex=0, isCompleted=true}
2026-02-13T12:45:33.149-05:00  INFO 21248 --- [           main] c.d.compute.cluster.ClusterManager       : Removed worker node: worker-1
2026-02-13T12:45:33.149-05:00  INFO 21248 --- [           main] c.d.compute.cluster.WorkerNode           : Shutting down worker node worker-1
2026-02-13T12:45:33.150-05:00  INFO 21248 --- [           main] c.d.compute.cluster.WorkerNode           : Worker node worker-1 shut down gracefully
2026-02-13T12:45:33.150-05:00  INFO 21248 --- [           main] c.d.compute.cluster.WorkerNode           : Shutting down worker node worker-1 immediately
2026-02-13T12:45:33.150-05:00  INFO 21248 --- [           main] c.d.compute.cluster.ClusterManager       : Removed worker node: worker-2
2026-02-13T12:45:33.150-05:00  INFO 21248 --- [           main] c.d.compute.cluster.WorkerNode           : Shutting down worker node worker-2
2026-02-13T12:45:33.150-05:00  INFO 21248 --- [           main] c.d.compute.cluster.WorkerNode           : Worker node worker-2 shut down gracefully
2026-02-13T12:45:33.150-05:00  INFO 21248 --- [           main] c.d.compute.cluster.WorkerNode           : Shutting down worker node worker-2 immediately
]]></system-out>
  </testcase>
  <testcase name="testClusterManagerToString" classname="com.distributed.compute.cluster.ClusterManagerTest" time="0.107">
    <system-out><![CDATA[2026-02-13T12:45:33.259-05:00  INFO 21248 --- [           main] c.d.compute.cluster.WorkerNode           : WorkerNode created: worker-1 with 2 slots, unlimited MB memory
2026-02-13T12:45:33.259-05:00  INFO 21248 --- [           main] c.d.compute.cluster.WorkerNode           : WorkerNode created: worker-2 with 2 slots, unlimited MB memory
2026-02-13T12:45:33.259-05:00  INFO 21248 --- [           main] c.d.compute.cluster.ClusterManager       : Registered worker node: worker-1
2026-02-13T12:45:33.259-05:00  INFO 21248 --- [           main] c.d.compute.cluster.ClusterManager       : Registered worker node: worker-2
2026-02-13T12:45:33.259-05:00  INFO 21248 --- [           main] c.d.compute.cluster.ClusterManager       : Removed worker node: worker-1
2026-02-13T12:45:33.259-05:00  INFO 21248 --- [           main] c.d.compute.cluster.WorkerNode           : Shutting down worker node worker-1
2026-02-13T12:45:33.260-05:00  INFO 21248 --- [           main] c.d.compute.cluster.WorkerNode           : Worker node worker-1 shut down gracefully
2026-02-13T12:45:33.260-05:00  INFO 21248 --- [           main] c.d.compute.cluster.WorkerNode           : Shutting down worker node worker-1 immediately
2026-02-13T12:45:33.260-05:00  INFO 21248 --- [           main] c.d.compute.cluster.ClusterManager       : Removed worker node: worker-2
2026-02-13T12:45:33.260-05:00  INFO 21248 --- [           main] c.d.compute.cluster.WorkerNode           : Shutting down worker node worker-2
2026-02-13T12:45:33.260-05:00  INFO 21248 --- [           main] c.d.compute.cluster.WorkerNode           : Worker node worker-2 shut down gracefully
2026-02-13T12:45:33.260-05:00  INFO 21248 --- [           main] c.d.compute.cluster.WorkerNode           : Shutting down worker node worker-2 immediately
]]></system-out>
  </testcase>
  <testcase name="testGetAllJobs" classname="com.distributed.compute.cluster.ClusterManagerTest" time="0.109">
    <system-out><![CDATA[2026-02-13T12:45:33.368-05:00  INFO 21248 --- [           main] c.d.compute.cluster.WorkerNode           : WorkerNode created: worker-1 with 2 slots, unlimited MB memory
2026-02-13T12:45:33.368-05:00  INFO 21248 --- [           main] c.d.compute.cluster.WorkerNode           : WorkerNode created: worker-2 with 2 slots, unlimited MB memory
2026-02-13T12:45:33.368-05:00  INFO 21248 --- [           main] c.d.compute.cluster.ClusterManager       : Registered worker node: worker-1
2026-02-13T12:45:33.368-05:00  INFO 21248 --- [           main] c.d.compute.cluster.ClusterManager       : Registered worker node: worker-2
2026-02-13T12:45:33.369-05:00  INFO 21248 --- [           main] c.d.compute.cluster.ClusterManager       : Submitted job: cb053ac0-ddd4-4e41-a88a-914ad652d948 with 1 stages
2026-02-13T12:45:33.369-05:00  INFO 21248 --- [           main] c.d.compute.cluster.ClusterManager       : Submitted job: a27f6021-4ce1-45eb-8811-bfddbde42648 with 1 stages
2026-02-13T12:45:33.369-05:00  INFO 21248 --- [   job-executor] c.d.compute.cluster.ClusterManager       : Starting execution of job: cb053ac0-ddd4-4e41-a88a-914ad652d948
2026-02-13T12:45:33.369-05:00  INFO 21248 --- [   job-executor] c.d.compute.cluster.ClusterManager       : Starting stage ad9b6633-5e84-4838-a3d8-ff7f721a5040 of job cb053ac0-ddd4-4e41-a88a-914ad652d948
2026-02-13T12:45:33.369-05:00  INFO 21248 --- [   job-executor] c.d.compute.cluster.ClusterManager       : Starting execution of job: a27f6021-4ce1-45eb-8811-bfddbde42648
2026-02-13T12:45:33.369-05:00  INFO 21248 --- [   job-executor] c.d.compute.cluster.ClusterManager       : Starting stage 9208d98c-6b4d-4049-a859-0d5158a79339 of job a27f6021-4ce1-45eb-8811-bfddbde42648
2026-02-13T12:45:33.369-05:00  INFO 21248 --- [           main] c.d.compute.cluster.ClusterManager       : Removed worker node: worker-1
2026-02-13T12:45:33.369-05:00  INFO 21248 --- [           main] c.d.compute.cluster.WorkerNode           : Shutting down worker node worker-1
2026-02-13T12:45:33.369-05:00  INFO 21248 --- [           main] c.d.compute.cluster.WorkerNode           : Worker node worker-1 shut down gracefully
2026-02-13T12:45:33.369-05:00  INFO 21248 --- [           main] c.d.compute.cluster.WorkerNode           : Shutting down worker node worker-1 immediately
2026-02-13T12:45:33.369-05:00  INFO 21248 --- [           main] c.d.compute.cluster.ClusterManager       : Removed worker node: worker-2
2026-02-13T12:45:33.369-05:00  INFO 21248 --- [           main] c.d.compute.cluster.WorkerNode           : Shutting down worker node worker-2
2026-02-13T12:45:33.369-05:00  INFO 21248 --- [           main] c.d.compute.cluster.WorkerNode           : Worker node worker-2 shut down gracefully
2026-02-13T12:45:33.369-05:00  INFO 21248 --- [           main] c.d.compute.cluster.WorkerNode           : Shutting down worker node worker-2 immediately
]]></system-out>
  </testcase>
  <testcase name="testRegisterDuplicateWorker" classname="com.distributed.compute.cluster.ClusterManagerTest" time="0.109">
    <system-out><![CDATA[2026-02-13T12:45:33.478-05:00  INFO 21248 --- [           main] c.d.compute.cluster.WorkerNode           : WorkerNode created: worker-1 with 2 slots, unlimited MB memory
2026-02-13T12:45:33.478-05:00  INFO 21248 --- [           main] c.d.compute.cluster.WorkerNode           : WorkerNode created: worker-2 with 2 slots, unlimited MB memory
2026-02-13T12:45:33.478-05:00  INFO 21248 --- [           main] c.d.compute.cluster.ClusterManager       : Registered worker node: worker-1
2026-02-13T12:45:33.478-05:00  INFO 21248 --- [           main] c.d.compute.cluster.ClusterManager       : Registered worker node: worker-2
2026-02-13T12:45:33.478-05:00  INFO 21248 --- [           main] c.d.compute.cluster.WorkerNode           : WorkerNode created: worker-1-duplicate with 2 slots, unlimited MB memory
2026-02-13T12:45:33.478-05:00  INFO 21248 --- [           main] c.d.compute.cluster.WorkerNode           : WorkerNode created: worker-1 with 2 slots, unlimited MB memory
2026-02-13T12:45:33.479-05:00  WARN 21248 --- [           main] c.d.compute.cluster.ClusterManager       : Worker node worker-1 already registered
2026-02-13T12:45:33.479-05:00  INFO 21248 --- [           main] c.d.compute.cluster.ClusterManager       : Removed worker node: worker-1
2026-02-13T12:45:33.479-05:00  INFO 21248 --- [           main] c.d.compute.cluster.WorkerNode           : Shutting down worker node worker-1
2026-02-13T12:45:33.479-05:00  INFO 21248 --- [           main] c.d.compute.cluster.WorkerNode           : Worker node worker-1 shut down gracefully
2026-02-13T12:45:33.479-05:00  INFO 21248 --- [           main] c.d.compute.cluster.WorkerNode           : Shutting down worker node worker-1 immediately
2026-02-13T12:45:33.479-05:00  INFO 21248 --- [           main] c.d.compute.cluster.ClusterManager       : Removed worker node: worker-2
2026-02-13T12:45:33.479-05:00  INFO 21248 --- [           main] c.d.compute.cluster.WorkerNode           : Shutting down worker node worker-2
2026-02-13T12:45:33.479-05:00  INFO 21248 --- [           main] c.d.compute.cluster.WorkerNode           : Worker node worker-2 shut down gracefully
2026-02-13T12:45:33.480-05:00  INFO 21248 --- [           main] c.d.compute.cluster.WorkerNode           : Shutting down worker node worker-2 immediately
]]></system-out>
  </testcase>
  <testcase name="testSubmitNullJob" classname="com.distributed.compute.cluster.ClusterManagerTest" time="0.105">
    <system-out><![CDATA[2026-02-13T12:45:33.588-05:00  INFO 21248 --- [           main] c.d.compute.cluster.WorkerNode           : WorkerNode created: worker-1 with 2 slots, unlimited MB memory
2026-02-13T12:45:33.588-05:00  INFO 21248 --- [           main] c.d.compute.cluster.WorkerNode           : WorkerNode created: worker-2 with 2 slots, unlimited MB memory
2026-02-13T12:45:33.588-05:00  INFO 21248 --- [           main] c.d.compute.cluster.ClusterManager       : Registered worker node: worker-1
2026-02-13T12:45:33.588-05:00  INFO 21248 --- [           main] c.d.compute.cluster.ClusterManager       : Registered worker node: worker-2
2026-02-13T12:45:33.590-05:00  INFO 21248 --- [           main] c.d.compute.cluster.ClusterManager       : Removed worker node: worker-1
2026-02-13T12:45:33.590-05:00  INFO 21248 --- [           main] c.d.compute.cluster.WorkerNode           : Shutting down worker node worker-1
2026-02-13T12:45:33.590-05:00  INFO 21248 --- [           main] c.d.compute.cluster.WorkerNode           : Worker node worker-1 shut down gracefully
2026-02-13T12:45:33.590-05:00  INFO 21248 --- [           main] c.d.compute.cluster.WorkerNode           : Shutting down worker node worker-1 immediately
2026-02-13T12:45:33.590-05:00  INFO 21248 --- [           main] c.d.compute.cluster.ClusterManager       : Removed worker node: worker-2
2026-02-13T12:45:33.590-05:00  INFO 21248 --- [           main] c.d.compute.cluster.WorkerNode           : Shutting down worker node worker-2
2026-02-13T12:45:33.590-05:00  INFO 21248 --- [           main] c.d.compute.cluster.WorkerNode           : Worker node worker-2 shut down gracefully
2026-02-13T12:45:33.590-05:00  INFO 21248 --- [           main] c.d.compute.cluster.WorkerNode           : Shutting down worker node worker-2 immediately
]]></system-out>
  </testcase>
  <testcase name="testGetTotalAvailableSlots" classname="com.distributed.compute.cluster.ClusterManagerTest" time="0.107">
    <system-out><![CDATA[2026-02-13T12:45:33.695-05:00  INFO 21248 --- [           main] c.d.compute.cluster.WorkerNode           : WorkerNode created: worker-1 with 2 slots, unlimited MB memory
2026-02-13T12:45:33.695-05:00  INFO 21248 --- [           main] c.d.compute.cluster.WorkerNode           : WorkerNode created: worker-2 with 2 slots, unlimited MB memory
2026-02-13T12:45:33.695-05:00  INFO 21248 --- [           main] c.d.compute.cluster.ClusterManager       : Registered worker node: worker-1
2026-02-13T12:45:33.695-05:00  INFO 21248 --- [           main] c.d.compute.cluster.ClusterManager       : Registered worker node: worker-2
2026-02-13T12:45:33.695-05:00  INFO 21248 --- [           main] c.d.compute.cluster.ClusterManager       : Removed worker node: worker-1
2026-02-13T12:45:33.695-05:00  INFO 21248 --- [           main] c.d.compute.cluster.WorkerNode           : Shutting down worker node worker-1
2026-02-13T12:45:33.695-05:00  INFO 21248 --- [           main] c.d.compute.cluster.WorkerNode           : Worker node worker-1 shut down gracefully
2026-02-13T12:45:33.695-05:00  INFO 21248 --- [           main] c.d.compute.cluster.WorkerNode           : Shutting down worker node worker-1 immediately
2026-02-13T12:45:33.695-05:00  INFO 21248 --- [           main] c.d.compute.cluster.ClusterManager       : Removed worker node: worker-2
2026-02-13T12:45:33.695-05:00  INFO 21248 --- [           main] c.d.compute.cluster.WorkerNode           : Shutting down worker node worker-2
2026-02-13T12:45:33.695-05:00  INFO 21248 --- [           main] c.d.compute.cluster.WorkerNode           : Worker node worker-2 shut down gracefully
2026-02-13T12:45:33.695-05:00  INFO 21248 --- [           main] c.d.compute.cluster.WorkerNode           : Shutting down worker node worker-2 immediately
]]></system-out>
  </testcase>
  <testcase name="testJobWithMultipleStages" classname="com.distributed.compute.cluster.ClusterManagerTest" time="3.116">
    <system-out><![CDATA[2026-02-13T12:45:33.803-05:00  INFO 21248 --- [           main] c.d.compute.cluster.WorkerNode           : WorkerNode created: worker-1 with 2 slots, unlimited MB memory
2026-02-13T12:45:33.803-05:00  INFO 21248 --- [           main] c.d.compute.cluster.WorkerNode           : WorkerNode created: worker-2 with 2 slots, unlimited MB memory
2026-02-13T12:45:33.803-05:00  INFO 21248 --- [           main] c.d.compute.cluster.ClusterManager       : Registered worker node: worker-1
2026-02-13T12:45:33.803-05:00  INFO 21248 --- [           main] c.d.compute.cluster.ClusterManager       : Registered worker node: worker-2
2026-02-13T12:45:33.804-05:00  INFO 21248 --- [           main] c.d.compute.cluster.ClusterManager       : Submitted job: 80aaaac6-fcc3-4154-b3a0-0327b1db2a12 with 2 stages
2026-02-13T12:45:33.804-05:00  INFO 21248 --- [   job-executor] c.d.compute.cluster.ClusterManager       : Starting execution of job: 80aaaac6-fcc3-4154-b3a0-0327b1db2a12
2026-02-13T12:45:33.804-05:00  INFO 21248 --- [   job-executor] c.d.compute.cluster.ClusterManager       : Starting stage 776c3eaa-6589-430d-8064-b401cbed7f6c of job 80aaaac6-fcc3-4154-b3a0-0327b1db2a12
2026-02-13T12:45:34.019-05:00  INFO 21248 --- [   job-executor] c.d.compute.cluster.ClusterManager       : Job cb053ac0-ddd4-4e41-a88a-914ad652d948 completed successfully
2026-02-13T12:45:34.019-05:00  INFO 21248 --- [   job-executor] c.d.compute.cluster.ClusterManager       : Job a27f6021-4ce1-45eb-8811-bfddbde42648 completed successfully
2026-02-13T12:45:34.159-05:00  INFO 21248 --- [uster-scheduler] c.d.compute.cluster.ClusterManager       : Job cb053ac0-ddd4-4e41-a88a-914ad652d948 completed: Job{id='cb053ac0-ddd4-4e41-a88a-914ad652d948', description='Test Job', stageCount=1, completedStages=0, currentStageIndex=0, isCompleted=true}
2026-02-13T12:45:34.159-05:00  INFO 21248 --- [uster-scheduler] c.d.compute.cluster.ClusterManager       : Job a27f6021-4ce1-45eb-8811-bfddbde42648 completed: Job{id='a27f6021-4ce1-45eb-8811-bfddbde42648', description='Test Job', stageCount=1, completedStages=0, currentStageIndex=0, isCompleted=true}
2026-02-13T12:45:34.236-05:00  INFO 21248 --- [   job-executor] c.d.compute.cluster.ClusterManager       : Stage 776c3eaa-6589-430d-8064-b401cbed7f6c completed, advancing to next stage
2026-02-13T12:45:34.236-05:00  INFO 21248 --- [   job-executor] c.d.compute.cluster.ClusterManager       : Starting stage b596320a-0eba-4e8d-8888-8b5a60857a70 of job 80aaaac6-fcc3-4154-b3a0-0327b1db2a12
2026-02-13T12:45:34.452-05:00  INFO 21248 --- [   job-executor] c.d.compute.cluster.ClusterManager       : Job 80aaaac6-fcc3-4154-b3a0-0327b1db2a12 completed successfully
2026-02-13T12:45:34.562-05:00  INFO 21248 --- [uster-scheduler] c.d.compute.cluster.ClusterManager       : Job 80aaaac6-fcc3-4154-b3a0-0327b1db2a12 completed: Job{id='80aaaac6-fcc3-4154-b3a0-0327b1db2a12', description='Multi-Stage Job', stageCount=2, completedStages=1, currentStageIndex=1, isCompleted=true}
2026-02-13T12:45:36.810-05:00  INFO 21248 --- [           main] c.d.compute.cluster.ClusterManager       : Removed worker node: worker-1
2026-02-13T12:45:36.810-05:00  INFO 21248 --- [           main] c.d.compute.cluster.WorkerNode           : Shutting down worker node worker-1
2026-02-13T12:45:36.810-05:00  INFO 21248 --- [           main] c.d.compute.cluster.WorkerNode           : Worker node worker-1 shut down gracefully
2026-02-13T12:45:36.810-05:00  INFO 21248 --- [           main] c.d.compute.cluster.WorkerNode           : Shutting down worker node worker-1 immediately
2026-02-13T12:45:36.810-05:00  INFO 21248 --- [           main] c.d.compute.cluster.ClusterManager       : Removed worker node: worker-2
2026-02-13T12:45:36.810-05:00  INFO 21248 --- [           main] c.d.compute.cluster.WorkerNode           : Shutting down worker node worker-2
2026-02-13T12:45:36.810-05:00  INFO 21248 --- [           main] c.d.compute.cluster.WorkerNode           : Worker node worker-2 shut down gracefully
2026-02-13T12:45:36.810-05:00  INFO 21248 --- [           main] c.d.compute.cluster.WorkerNode           : Shutting down worker node worker-2 immediately
]]></system-out>
  </testcase>
  <testcase name="testGetTotalTasksScheduled" classname="com.distributed.compute.cluster.ClusterManagerTest" time="1.118">
    <system-out><![CDATA[2026-02-13T12:45:36.921-05:00  INFO 21248 --- [           main] c.d.compute.cluster.WorkerNode           : WorkerNode created: worker-1 with 2 slots, unlimited MB memory
2026-02-13T12:45:36.921-05:00  INFO 21248 --- [           main] c.d.compute.cluster.WorkerNode           : WorkerNode created: worker-2 with 2 slots, unlimited MB memory
2026-02-13T12:45:36.921-05:00  INFO 21248 --- [           main] c.d.compute.cluster.ClusterManager       : Registered worker node: worker-1
2026-02-13T12:45:36.921-05:00  INFO 21248 --- [           main] c.d.compute.cluster.ClusterManager       : Registered worker node: worker-2
2026-02-13T12:45:36.921-05:00  INFO 21248 --- [           main] c.d.compute.cluster.ClusterManager       : Submitted job: 09848468-677a-455c-a0d1-6c594d9e2ba9 with 1 stages
2026-02-13T12:45:36.921-05:00  INFO 21248 --- [   job-executor] c.d.compute.cluster.ClusterManager       : Starting execution of job: 09848468-677a-455c-a0d1-6c594d9e2ba9
2026-02-13T12:45:36.921-05:00  INFO 21248 --- [   job-executor] c.d.compute.cluster.ClusterManager       : Starting stage 35d88fa5-9127-42f7-936c-02ad932b5ba0 of job 09848468-677a-455c-a0d1-6c594d9e2ba9
2026-02-13T12:45:37.136-05:00  INFO 21248 --- [   job-executor] c.d.compute.cluster.ClusterManager       : Job 09848468-677a-455c-a0d1-6c594d9e2ba9 completed successfully
2026-02-13T12:45:37.168-05:00  INFO 21248 --- [uster-scheduler] c.d.compute.cluster.ClusterManager       : Job 09848468-677a-455c-a0d1-6c594d9e2ba9 completed: Job{id='09848468-677a-455c-a0d1-6c594d9e2ba9', description='Test Job', stageCount=1, completedStages=0, currentStageIndex=0, isCompleted=true}
2026-02-13T12:45:37.929-05:00  INFO 21248 --- [           main] c.d.compute.cluster.ClusterManager       : Removed worker node: worker-1
2026-02-13T12:45:37.929-05:00  INFO 21248 --- [           main] c.d.compute.cluster.WorkerNode           : Shutting down worker node worker-1
2026-02-13T12:45:37.929-05:00  INFO 21248 --- [           main] c.d.compute.cluster.WorkerNode           : Worker node worker-1 shut down gracefully
2026-02-13T12:45:37.929-05:00  INFO 21248 --- [           main] c.d.compute.cluster.WorkerNode           : Shutting down worker node worker-1 immediately
2026-02-13T12:45:37.929-05:00  INFO 21248 --- [           main] c.d.compute.cluster.ClusterManager       : Removed worker node: worker-2
2026-02-13T12:45:37.929-05:00  INFO 21248 --- [           main] c.d.compute.cluster.WorkerNode           : Shutting down worker node worker-2
2026-02-13T12:45:37.929-05:00  INFO 21248 --- [           main] c.d.compute.cluster.WorkerNode           : Worker node worker-2 shut down gracefully
2026-02-13T12:45:37.929-05:00  INFO 21248 --- [           main] c.d.compute.cluster.WorkerNode           : Shutting down worker node worker-2 immediately
]]></system-out>
  </testcase>
  <testcase name="testGetAllWorkers" classname="com.distributed.compute.cluster.ClusterManagerTest" time="0.106">
    <system-out><![CDATA[2026-02-13T12:45:38.039-05:00  INFO 21248 --- [           main] c.d.compute.cluster.WorkerNode           : WorkerNode created: worker-1 with 2 slots, unlimited MB memory
2026-02-13T12:45:38.040-05:00  INFO 21248 --- [           main] c.d.compute.cluster.WorkerNode           : WorkerNode created: worker-2 with 2 slots, unlimited MB memory
2026-02-13T12:45:38.040-05:00  INFO 21248 --- [           main] c.d.compute.cluster.ClusterManager       : Registered worker node: worker-1
2026-02-13T12:45:38.040-05:00  INFO 21248 --- [           main] c.d.compute.cluster.ClusterManager       : Registered worker node: worker-2
2026-02-13T12:45:38.040-05:00  INFO 21248 --- [           main] c.d.compute.cluster.ClusterManager       : Removed worker node: worker-1
2026-02-13T12:45:38.040-05:00  INFO 21248 --- [           main] c.d.compute.cluster.WorkerNode           : Shutting down worker node worker-1
2026-02-13T12:45:38.040-05:00  INFO 21248 --- [           main] c.d.compute.cluster.WorkerNode           : Worker node worker-1 shut down gracefully
2026-02-13T12:45:38.040-05:00  INFO 21248 --- [           main] c.d.compute.cluster.WorkerNode           : Shutting down worker node worker-1 immediately
2026-02-13T12:45:38.040-05:00  INFO 21248 --- [           main] c.d.compute.cluster.ClusterManager       : Removed worker node: worker-2
2026-02-13T12:45:38.040-05:00  INFO 21248 --- [           main] c.d.compute.cluster.WorkerNode           : Shutting down worker node worker-2
2026-02-13T12:45:38.040-05:00  INFO 21248 --- [           main] c.d.compute.cluster.WorkerNode           : Worker node worker-2 shut down gracefully
2026-02-13T12:45:38.040-05:00  INFO 21248 --- [           main] c.d.compute.cluster.WorkerNode           : Shutting down worker node worker-2 immediately
]]></system-out>
  </testcase>
  <testcase name="testRemoveWorker" classname="com.distributed.compute.cluster.ClusterManagerTest" time="0.111">
    <system-out><![CDATA[2026-02-13T12:45:38.147-05:00  INFO 21248 --- [           main] c.d.compute.cluster.WorkerNode           : WorkerNode created: worker-1 with 2 slots, unlimited MB memory
2026-02-13T12:45:38.147-05:00  INFO 21248 --- [           main] c.d.compute.cluster.WorkerNode           : WorkerNode created: worker-2 with 2 slots, unlimited MB memory
2026-02-13T12:45:38.147-05:00  INFO 21248 --- [           main] c.d.compute.cluster.ClusterManager       : Registered worker node: worker-1
2026-02-13T12:45:38.147-05:00  INFO 21248 --- [           main] c.d.compute.cluster.ClusterManager       : Registered worker node: worker-2
2026-02-13T12:45:38.147-05:00  INFO 21248 --- [           main] c.d.compute.cluster.ClusterManager       : Removed worker node: worker-1
2026-02-13T12:45:38.147-05:00  INFO 21248 --- [           main] c.d.compute.cluster.WorkerNode           : Shutting down worker node worker-1
2026-02-13T12:45:38.147-05:00  INFO 21248 --- [           main] c.d.compute.cluster.WorkerNode           : Worker node worker-1 shut down gracefully
2026-02-13T12:45:38.147-05:00  INFO 21248 --- [           main] c.d.compute.cluster.WorkerNode           : Shutting down worker node worker-1 immediately
2026-02-13T12:45:38.148-05:00  INFO 21248 --- [           main] c.d.compute.cluster.ClusterManager       : Removed worker node: worker-2
2026-02-13T12:45:38.148-05:00  INFO 21248 --- [           main] c.d.compute.cluster.WorkerNode           : Shutting down worker node worker-2
2026-02-13T12:45:38.148-05:00  INFO 21248 --- [           main] c.d.compute.cluster.WorkerNode           : Worker node worker-2 shut down gracefully
2026-02-13T12:45:38.148-05:00  INFO 21248 --- [           main] c.d.compute.cluster.WorkerNode           : Shutting down worker node worker-2 immediately
]]></system-out>
  </testcase>
  <testcase name="testGetClusterStats" classname="com.distributed.compute.cluster.ClusterManagerTest" time="0.105">
    <system-out><![CDATA[2026-02-13T12:45:38.258-05:00  INFO 21248 --- [           main] c.d.compute.cluster.WorkerNode           : WorkerNode created: worker-1 with 2 slots, unlimited MB memory
2026-02-13T12:45:38.258-05:00  INFO 21248 --- [           main] c.d.compute.cluster.WorkerNode           : WorkerNode created: worker-2 with 2 slots, unlimited MB memory
2026-02-13T12:45:38.258-05:00  INFO 21248 --- [           main] c.d.compute.cluster.ClusterManager       : Registered worker node: worker-1
2026-02-13T12:45:38.258-05:00  INFO 21248 --- [           main] c.d.compute.cluster.ClusterManager       : Registered worker node: worker-2
2026-02-13T12:45:38.259-05:00  INFO 21248 --- [           main] c.d.compute.cluster.ClusterManager       : Removed worker node: worker-1
2026-02-13T12:45:38.259-05:00  INFO 21248 --- [           main] c.d.compute.cluster.WorkerNode           : Shutting down worker node worker-1
2026-02-13T12:45:38.259-05:00  INFO 21248 --- [           main] c.d.compute.cluster.WorkerNode           : Worker node worker-1 shut down gracefully
2026-02-13T12:45:38.259-05:00  INFO 21248 --- [           main] c.d.compute.cluster.WorkerNode           : Shutting down worker node worker-1 immediately
2026-02-13T12:45:38.259-05:00  INFO 21248 --- [           main] c.d.compute.cluster.ClusterManager       : Removed worker node: worker-2
2026-02-13T12:45:38.259-05:00  INFO 21248 --- [           main] c.d.compute.cluster.WorkerNode           : Shutting down worker node worker-2
2026-02-13T12:45:38.259-05:00  INFO 21248 --- [           main] c.d.compute.cluster.WorkerNode           : Worker node worker-2 shut down gracefully
2026-02-13T12:45:38.259-05:00  INFO 21248 --- [           main] c.d.compute.cluster.WorkerNode           : Shutting down worker node worker-2 immediately
]]></system-out>
  </testcase>
  <testcase name="testSubmitJob" classname="com.distributed.compute.cluster.ClusterManagerTest" time="0.621">
    <system-out><![CDATA[2026-02-13T12:45:38.365-05:00  INFO 21248 --- [           main] c.d.compute.cluster.WorkerNode           : WorkerNode created: worker-1 with 2 slots, unlimited MB memory
2026-02-13T12:45:38.366-05:00  INFO 21248 --- [           main] c.d.compute.cluster.WorkerNode           : WorkerNode created: worker-2 with 2 slots, unlimited MB memory
2026-02-13T12:45:38.366-05:00  INFO 21248 --- [           main] c.d.compute.cluster.ClusterManager       : Registered worker node: worker-1
2026-02-13T12:45:38.366-05:00  INFO 21248 --- [           main] c.d.compute.cluster.ClusterManager       : Registered worker node: worker-2
2026-02-13T12:45:38.366-05:00  INFO 21248 --- [           main] c.d.compute.cluster.ClusterManager       : Submitted job: 7b27ab8b-89a6-490d-b4d4-99a48615f9c9 with 1 stages
2026-02-13T12:45:38.366-05:00  INFO 21248 --- [   job-executor] c.d.compute.cluster.ClusterManager       : Starting execution of job: 7b27ab8b-89a6-490d-b4d4-99a48615f9c9
2026-02-13T12:45:38.366-05:00  INFO 21248 --- [   job-executor] c.d.compute.cluster.ClusterManager       : Starting stage de976096-d051-4d92-8307-b51ee9b95f73 of job 7b27ab8b-89a6-490d-b4d4-99a48615f9c9
2026-02-13T12:45:38.566-05:00  INFO 21248 --- [uster-scheduler] c.d.compute.cluster.ClusterManager       : Job 7b27ab8b-89a6-490d-b4d4-99a48615f9c9 completed: Job{id='7b27ab8b-89a6-490d-b4d4-99a48615f9c9', description='Test Job', stageCount=1, completedStages=0, currentStageIndex=0, isCompleted=true}
2026-02-13T12:45:38.581-05:00  INFO 21248 --- [   job-executor] c.d.compute.cluster.ClusterManager       : Job 7b27ab8b-89a6-490d-b4d4-99a48615f9c9 completed successfully
2026-02-13T12:45:38.875-05:00  INFO 21248 --- [           main] c.d.compute.cluster.ClusterManager       : Removed worker node: worker-1
2026-02-13T12:45:38.875-05:00  INFO 21248 --- [           main] c.d.compute.cluster.WorkerNode           : Shutting down worker node worker-1
2026-02-13T12:45:38.875-05:00  INFO 21248 --- [           main] c.d.compute.cluster.WorkerNode           : Worker node worker-1 shut down gracefully
2026-02-13T12:45:38.875-05:00  INFO 21248 --- [           main] c.d.compute.cluster.WorkerNode           : Shutting down worker node worker-1 immediately
2026-02-13T12:45:38.875-05:00  INFO 21248 --- [           main] c.d.compute.cluster.ClusterManager       : Removed worker node: worker-2
2026-02-13T12:45:38.875-05:00  INFO 21248 --- [           main] c.d.compute.cluster.WorkerNode           : Shutting down worker node worker-2
2026-02-13T12:45:38.875-05:00  INFO 21248 --- [           main] c.d.compute.cluster.WorkerNode           : Worker node worker-2 shut down gracefully
2026-02-13T12:45:38.875-05:00  INFO 21248 --- [           main] c.d.compute.cluster.WorkerNode           : Shutting down worker node worker-2 immediately
]]></system-out>
  </testcase>
  <testcase name="testGetTotalJobsSubmitted" classname="com.distributed.compute.cluster.ClusterManagerTest" time="0.109">
    <system-out><![CDATA[2026-02-13T12:45:38.987-05:00  INFO 21248 --- [           main] c.d.compute.cluster.WorkerNode           : WorkerNode created: worker-1 with 2 slots, unlimited MB memory
2026-02-13T12:45:38.987-05:00  INFO 21248 --- [           main] c.d.compute.cluster.WorkerNode           : WorkerNode created: worker-2 with 2 slots, unlimited MB memory
2026-02-13T12:45:38.987-05:00  INFO 21248 --- [           main] c.d.compute.cluster.ClusterManager       : Registered worker node: worker-1
2026-02-13T12:45:38.987-05:00  INFO 21248 --- [           main] c.d.compute.cluster.ClusterManager       : Registered worker node: worker-2
2026-02-13T12:45:38.988-05:00  INFO 21248 --- [           main] c.d.compute.cluster.ClusterManager       : Submitted job: f6c5bedc-58f2-4c45-b1a9-d764e6600af2 with 1 stages
2026-02-13T12:45:38.988-05:00  INFO 21248 --- [           main] c.d.compute.cluster.ClusterManager       : Submitted job: 55dc00c3-35f4-4a87-b931-31d74ea2dda1 with 1 stages
2026-02-13T12:45:38.988-05:00  INFO 21248 --- [   job-executor] c.d.compute.cluster.ClusterManager       : Starting execution of job: f6c5bedc-58f2-4c45-b1a9-d764e6600af2
2026-02-13T12:45:38.988-05:00  INFO 21248 --- [   job-executor] c.d.compute.cluster.ClusterManager       : Starting execution of job: 55dc00c3-35f4-4a87-b931-31d74ea2dda1
2026-02-13T12:45:38.988-05:00  INFO 21248 --- [   job-executor] c.d.compute.cluster.ClusterManager       : Starting stage a59c5e63-f359-46fd-bf87-767b8921e11f of job 55dc00c3-35f4-4a87-b931-31d74ea2dda1
2026-02-13T12:45:38.988-05:00  INFO 21248 --- [   job-executor] c.d.compute.cluster.ClusterManager       : Starting stage 4505fd23-7bf6-4339-882f-9b7b5862aaf6 of job f6c5bedc-58f2-4c45-b1a9-d764e6600af2
2026-02-13T12:45:38.988-05:00  INFO 21248 --- [           main] c.d.compute.cluster.ClusterManager       : Removed worker node: worker-1
2026-02-13T12:45:38.988-05:00  INFO 21248 --- [           main] c.d.compute.cluster.WorkerNode           : Shutting down worker node worker-1
2026-02-13T12:45:38.988-05:00  INFO 21248 --- [           main] c.d.compute.cluster.WorkerNode           : Worker node worker-1 shut down gracefully
2026-02-13T12:45:38.988-05:00  INFO 21248 --- [           main] c.d.compute.cluster.WorkerNode           : Shutting down worker node worker-1 immediately
2026-02-13T12:45:38.988-05:00  INFO 21248 --- [           main] c.d.compute.cluster.ClusterManager       : Removed worker node: worker-2
2026-02-13T12:45:38.988-05:00  INFO 21248 --- [           main] c.d.compute.cluster.WorkerNode           : Shutting down worker node worker-2
2026-02-13T12:45:38.988-05:00  INFO 21248 --- [           main] c.d.compute.cluster.WorkerNode           : Worker node worker-2 shut down gracefully
2026-02-13T12:45:38.988-05:00  INFO 21248 --- [           main] c.d.compute.cluster.WorkerNode           : Shutting down worker node worker-2 immediately
]]></system-out>
  </testcase>
  <testcase name="testGetJob" classname="com.distributed.compute.cluster.ClusterManagerTest" time="0.106">
    <system-out><![CDATA[2026-02-13T12:45:39.097-05:00  INFO 21248 --- [           main] c.d.compute.cluster.WorkerNode           : WorkerNode created: worker-1 with 2 slots, unlimited MB memory
2026-02-13T12:45:39.097-05:00  INFO 21248 --- [           main] c.d.compute.cluster.WorkerNode           : WorkerNode created: worker-2 with 2 slots, unlimited MB memory
2026-02-13T12:45:39.097-05:00  INFO 21248 --- [           main] c.d.compute.cluster.ClusterManager       : Registered worker node: worker-1
2026-02-13T12:45:39.097-05:00  INFO 21248 --- [           main] c.d.compute.cluster.ClusterManager       : Registered worker node: worker-2
2026-02-13T12:45:39.097-05:00  INFO 21248 --- [           main] c.d.compute.cluster.ClusterManager       : Submitted job: bfce5088-49fb-4972-b401-14a230d683a5 with 1 stages
2026-02-13T12:45:39.097-05:00  INFO 21248 --- [   job-executor] c.d.compute.cluster.ClusterManager       : Starting execution of job: bfce5088-49fb-4972-b401-14a230d683a5
2026-02-13T12:45:39.097-05:00  INFO 21248 --- [           main] c.d.compute.cluster.ClusterManager       : Removed worker node: worker-1
2026-02-13T12:45:39.097-05:00  INFO 21248 --- [           main] c.d.compute.cluster.WorkerNode           : Shutting down worker node worker-1
2026-02-13T12:45:39.097-05:00  INFO 21248 --- [   job-executor] c.d.compute.cluster.ClusterManager       : Starting stage 583c91a2-1a6a-4c68-aebf-859a94297a87 of job bfce5088-49fb-4972-b401-14a230d683a5
2026-02-13T12:45:39.098-05:00  INFO 21248 --- [           main] c.d.compute.cluster.WorkerNode           : Worker node worker-1 shut down gracefully
2026-02-13T12:45:39.098-05:00  INFO 21248 --- [           main] c.d.compute.cluster.WorkerNode           : Shutting down worker node worker-1 immediately
2026-02-13T12:45:39.098-05:00  INFO 21248 --- [           main] c.d.compute.cluster.ClusterManager       : Removed worker node: worker-2
2026-02-13T12:45:39.098-05:00  INFO 21248 --- [           main] c.d.compute.cluster.WorkerNode           : Shutting down worker node worker-2
2026-02-13T12:45:39.098-05:00  INFO 21248 --- [           main] c.d.compute.cluster.WorkerNode           : Worker node worker-2 shut down gracefully
2026-02-13T12:45:39.098-05:00  INFO 21248 --- [           main] c.d.compute.cluster.WorkerNode           : Shutting down worker node worker-2 immediately
]]></system-out>
  </testcase>
  <testcase name="testSubmitDuplicateJob" classname="com.distributed.compute.cluster.ClusterManagerTest" time="0.106">
    <system-out><![CDATA[2026-02-13T12:45:39.204-05:00  INFO 21248 --- [           main] c.d.compute.cluster.WorkerNode           : WorkerNode created: worker-1 with 2 slots, unlimited MB memory
2026-02-13T12:45:39.204-05:00  INFO 21248 --- [           main] c.d.compute.cluster.WorkerNode           : WorkerNode created: worker-2 with 2 slots, unlimited MB memory
2026-02-13T12:45:39.204-05:00  INFO 21248 --- [           main] c.d.compute.cluster.ClusterManager       : Registered worker node: worker-1
2026-02-13T12:45:39.204-05:00  INFO 21248 --- [           main] c.d.compute.cluster.ClusterManager       : Registered worker node: worker-2
2026-02-13T12:45:39.204-05:00  INFO 21248 --- [           main] c.d.compute.cluster.ClusterManager       : Submitted job: fd41b10f-c467-4927-ae10-f9c234954fd1 with 1 stages
2026-02-13T12:45:39.204-05:00  WARN 21248 --- [           main] c.d.compute.cluster.ClusterManager       : Job fd41b10f-c467-4927-ae10-f9c234954fd1 already submitted
2026-02-13T12:45:39.204-05:00  INFO 21248 --- [   job-executor] c.d.compute.cluster.ClusterManager       : Starting execution of job: fd41b10f-c467-4927-ae10-f9c234954fd1
2026-02-13T12:45:39.204-05:00  INFO 21248 --- [   job-executor] c.d.compute.cluster.ClusterManager       : Starting stage a3bde275-acd6-4ff8-9922-dfec88889129 of job fd41b10f-c467-4927-ae10-f9c234954fd1
2026-02-13T12:45:39.205-05:00  INFO 21248 --- [           main] c.d.compute.cluster.ClusterManager       : Removed worker node: worker-1
2026-02-13T12:45:39.205-05:00  INFO 21248 --- [           main] c.d.compute.cluster.WorkerNode           : Shutting down worker node worker-1
2026-02-13T12:45:39.205-05:00  INFO 21248 --- [           main] c.d.compute.cluster.WorkerNode           : Worker node worker-1 shut down gracefully
2026-02-13T12:45:39.205-05:00  INFO 21248 --- [           main] c.d.compute.cluster.WorkerNode           : Shutting down worker node worker-1 immediately
2026-02-13T12:45:39.205-05:00  INFO 21248 --- [           main] c.d.compute.cluster.ClusterManager       : Removed worker node: worker-2
2026-02-13T12:45:39.205-05:00  INFO 21248 --- [           main] c.d.compute.cluster.WorkerNode           : Shutting down worker node worker-2
2026-02-13T12:45:39.205-05:00  INFO 21248 --- [           main] c.d.compute.cluster.WorkerNode           : Worker node worker-2 shut down gracefully
2026-02-13T12:45:39.205-05:00  INFO 21248 --- [           main] c.d.compute.cluster.WorkerNode           : Shutting down worker node worker-2 immediately
]]></system-out>
  </testcase>
  <testcase name="testGetWorker" classname="com.distributed.compute.cluster.ClusterManagerTest" time="0.107">
    <system-out><![CDATA[2026-02-13T12:45:39.311-05:00  INFO 21248 --- [           main] c.d.compute.cluster.WorkerNode           : WorkerNode created: worker-1 with 2 slots, unlimited MB memory
2026-02-13T12:45:39.311-05:00  INFO 21248 --- [           main] c.d.compute.cluster.WorkerNode           : WorkerNode created: worker-2 with 2 slots, unlimited MB memory
2026-02-13T12:45:39.311-05:00  INFO 21248 --- [           main] c.d.compute.cluster.ClusterManager       : Registered worker node: worker-1
2026-02-13T12:45:39.311-05:00  INFO 21248 --- [           main] c.d.compute.cluster.ClusterManager       : Registered worker node: worker-2
2026-02-13T12:45:39.311-05:00  INFO 21248 --- [           main] c.d.compute.cluster.ClusterManager       : Removed worker node: worker-1
2026-02-13T12:45:39.311-05:00  INFO 21248 --- [           main] c.d.compute.cluster.WorkerNode           : Shutting down worker node worker-1
2026-02-13T12:45:39.312-05:00  INFO 21248 --- [           main] c.d.compute.cluster.WorkerNode           : Worker node worker-1 shut down gracefully
2026-02-13T12:45:39.312-05:00  INFO 21248 --- [           main] c.d.compute.cluster.WorkerNode           : Shutting down worker node worker-1 immediately
2026-02-13T12:45:39.312-05:00  INFO 21248 --- [           main] c.d.compute.cluster.ClusterManager       : Removed worker node: worker-2
2026-02-13T12:45:39.312-05:00  INFO 21248 --- [           main] c.d.compute.cluster.WorkerNode           : Shutting down worker node worker-2
2026-02-13T12:45:39.312-05:00  INFO 21248 --- [           main] c.d.compute.cluster.WorkerNode           : Worker node worker-2 shut down gracefully
2026-02-13T12:45:39.312-05:00  INFO 21248 --- [           main] c.d.compute.cluster.WorkerNode           : Shutting down worker node worker-2 immediately
]]></system-out>
  </testcase>
</testsuite>